2025-11-15 07:35:33,943 - INFO - === Omen Auto Trader 起動 ===
設定ファイル `config.py` から魂を読み込み、市場の監視を開始します。
2025-11-15 07:35:34,400 - INFO - Discord通知の送信に成功しました。
2025-11-15 07:35:34,601 - INFO - 初期化完了。最新のローソク足 2025-11-14 22:00:00 を基準とします。次の足の確定を待ちます。
2025-11-15 08:00:37,522 - INFO - 新しいローソク足 2025-11-14 23:00:00 が確定しました。分析を開始します。
2025-11-15 08:00:37,639 - ERROR - USDTの残高取得中に予期せぬエラーが発生しました: could not convert string to float: ''
2025-11-15 08:00:39,120 - ERROR - BTCの残高取得中に予期せぬエラーが発生しました: could not convert string to float: ''
2025-11-15 09:00:45,687 - INFO - 新しいローソク足 2025-11-15 00:00:00 が確定しました。分析を開始します。
2025-11-15 09:00:45,798 - ERROR - USDTの残高取得中に予期せぬエラーが発生しました: could not convert string to float: ''
2025-11-15 09:00:47,958 - ERROR - BTCの残高取得中に予期せぬエラーが発生しました: could not convert string to float: ''
2025-11-15 10:00:54,895 - INFO - 新しいローソク足 2025-11-15 01:00:00 が確定しました。分析を開始します。
2025-11-15 10:00:55,008 - ERROR - USDTの残高取得中に予期せぬエラーが発生しました: could not convert string to float: ''
2025-11-15 10:00:56,490 - ERROR - BTCの残高取得中に予期せぬエラーが発生しました: could not convert string to float: ''
2025-11-15 11:00:04,360 - INFO - 新しいローソク足 2025-11-15 02:00:00 が確定しました。分析を開始します。
2025-11-15 11:00:04,535 - ERROR - USDTの残高取得中に予期せぬエラーが発生しました: could not convert string to float: ''
2025-11-15 11:00:14,542 - ERROR - BTCの残高取得中に予期せぬエラーが発生しました: HTTPSConnectionPool(host='api.bybit.com', port=443): Read timed out. (read timeout=10)
2025-11-15 12:00:22,890 - INFO - 新しいローソク足 2025-11-15 03:00:00 が確定しました。分析を開始します。
2025-11-15 12:00:23,001 - ERROR - USDTの残高取得中に予期せぬエラーが発生しました: could not convert string to float: ''
2025-11-15 12:00:24,033 - ERROR - BTCの残高取得中に予期せぬエラーが発生しました: could not convert string to float: ''
2025-11-15 13:00:31,428 - INFO - 新しいローソク足 2025-11-15 04:00:00 が確定しました。分析を開始します。
2025-11-15 13:00:31,548 - ERROR - USDTの残高取得中に予期せぬエラーが発生しました: could not convert string to float: ''
2025-11-15 13:00:32,591 - ERROR - BTCの残高取得中に予期せぬエラーが発生しました: could not convert string to float: ''
2025-11-15 14:00:39,578 - INFO - 新しいローソク足 2025-11-15 05:00:00 が確定しました。分析を開始します。
2025-11-15 14:00:39,689 - ERROR - USDTの残高取得中に予期せぬエラーが発生しました: could not convert string to float: ''
2025-11-15 14:00:40,399 - ERROR - BTCの残高取得中に予期せぬエラーが発生しました: could not convert string to float: ''
2025-11-15 15:00:47,038 - INFO - 新しいローソク足 2025-11-15 06:00:00 が確定しました。分析を開始します。
2025-11-15 15:00:47,137 - ERROR - USDTの残高取得中に予期せぬエラーが発生しました: could not convert string to float: ''
2025-11-15 15:00:47,586 - ERROR - BTCの残高取得中に予期せぬエラーが発生しました: could not convert string to float: ''
2025-11-15 16:00:54,220 - INFO - 新しいローソク足 2025-11-15 07:00:00 が確定しました。分析を開始します。
2025-11-15 16:00:54,326 - ERROR - USDTの残高取得中に予期せぬエラーが発生しました: could not convert string to float: ''
2025-11-15 16:01:04,333 - ERROR - BTCの残高取得中に予期せぬエラーが発生しました: HTTPSConnectionPool(host='api.bybit.com', port=443): Read timed out. (read timeout=10)
2025-11-15 17:00:11,162 - INFO - 新しいローソク足 2025-11-15 08:00:00 が確定しました。分析を開始します。
2025-11-15 17:00:11,262 - ERROR - USDTの残高取得中に予期せぬエラーが発生しました: could not convert string to float: ''
2025-11-15 17:00:13,422 - ERROR - BTCの残高取得中に予期せぬエラーが発生しました: could not convert string to float: ''
2025-11-15 18:00:21,587 - INFO - 新しいローソク足 2025-11-15 09:00:00 が確定しました。分析を開始します。
2025-11-15 18:00:21,689 - ERROR - USDTの残高取得中に予期せぬエラーが発生しました: could not convert string to float: ''
2025-11-15 18:00:22,610 - ERROR - BTCの残高取得中に予期せぬエラーが発生しました: could not convert string to float: ''
2025-11-15 19:00:32,750 - INFO - 新しいローソク足 2025-11-15 10:00:00 が確定しました。分析を開始します。
2025-11-15 19:00:32,852 - ERROR - USDTの残高取得中に予期せぬエラーが発生しました: could not convert string to float: ''
2025-11-15 19:00:38,141 - ERROR - invalid request, please check your server timestamp or recv_window param. req_timestamp[1763200832852],server_timestamp[1763200838104],recv_window[5000] (ErrCode: 10002). Added 2.5 seconds to recv_window. 2 retries remain.
2025-11-15 19:00:50,997 - ERROR - invalid request, please check your server timestamp or recv_window param. req_timestamp[1763200841147],server_timestamp[1763200850951],recv_window[7500] (ErrCode: 10002). Added 2.5 seconds to recv_window. 1 retries remain.
2025-11-15 19:00:54,121 - ERROR - BTCの残高取得中に予期せぬエラーが発生しました: could not convert string to float: ''
2025-11-15 20:00:02,215 - INFO - 新しいローソク足 2025-11-15 11:00:00 が確定しました。分析を開始します。
2025-11-15 20:00:02,354 - ERROR - USDTの残高取得中に予期せぬエラーが発生しました: could not convert string to float: ''
2025-11-15 20:00:07,800 - ERROR - invalid request, please check your server timestamp or recv_window param. req_timestamp[1763204402354],server_timestamp[1763204407760],recv_window[5000] (ErrCode: 10002). Added 2.5 seconds to recv_window. 2 retries remain.
2025-11-15 20:00:12,426 - ERROR - BTCの残高取得中に予期せぬエラーが発生しました: could not convert string to float: ''
2025-11-15 21:00:19,867 - INFO - 新しいローソク足 2025-11-15 12:00:00 が確定しました。分析を開始します。
2025-11-15 21:00:21,011 - ERROR - USDTの残高取得中に予期せぬエラーが発生しました: could not convert string to float: ''
2025-11-15 21:00:21,911 - ERROR - BTCの残高取得中に予期せぬエラーが発生しました: could not convert string to float: ''
2025-11-15 22:00:30,065 - INFO - 新しいローソク足 2025-11-15 13:00:00 が確定しました。分析を開始します。
2025-11-15 22:00:30,237 - ERROR - USDTの残高取得中に予期せぬエラーが発生しました: could not convert string to float: ''
2025-11-15 22:00:33,557 - ERROR - BTCの残高取得中に予期せぬエラーが発生しました: could not convert string to float: ''
2025-11-15 23:00:40,926 - INFO - 新しいローソク足 2025-11-15 14:00:00 が確定しました。分析を開始します。
2025-11-15 23:00:41,030 - ERROR - USDTの残高取得中に予期せぬエラーが発生しました: could not convert string to float: ''
2025-11-15 23:00:44,361 - ERROR - BTCの残高取得中に予期せぬエラーが発生しました: could not convert string to float: ''
2025-11-16 00:00:51,012 - INFO - 新しいローソク足 2025-11-15 15:00:00 が確定しました。分析を開始します。
2025-11-16 00:00:51,113 - ERROR - USDTの残高取得中に予期せぬエラーが発生しました: could not convert string to float: ''
2025-11-16 00:00:51,207 - ERROR - BTCの残高取得中に予期せぬエラーが発生しました: could not convert string to float: ''
2025-11-16 01:00:57,706 - INFO - 新しいローソク足 2025-11-15 16:00:00 が確定しました。分析を開始します。
2025-11-16 01:00:57,812 - ERROR - USDTの残高取得中に予期せぬエラーが発生しました: could not convert string to float: ''
2025-11-16 01:00:57,906 - ERROR - BTCの残高取得中に予期せぬエラーが発生しました: could not convert string to float: ''
2025-11-16 02:00:04,589 - INFO - 新しいローソク足 2025-11-15 17:00:00 が確定しました。分析を開始します。
2025-11-16 02:00:04,696 - ERROR - USDTの残高取得中に予期せぬエラーが発生しました: could not convert string to float: ''
2025-11-16 02:00:08,017 - ERROR - BTCの残高取得中に予期せぬエラーが発生しました: could not convert string to float: ''
2025-11-16 03:00:14,563 - INFO - 新しいローソク足 2025-11-15 18:00:00 が確定しました。分析を開始します。
2025-11-16 03:00:14,669 - ERROR - USDTの残高取得中に予期せぬエラーが発生しました: could not convert string to float: ''
2025-11-16 03:00:14,766 - ERROR - BTCの残高取得中に予期せぬエラーが発生しました: could not convert string to float: ''
2025-11-16 04:00:21,580 - INFO - 新しいローソク足 2025-11-15 19:00:00 が確定しました。分析を開始します。
2025-11-16 04:00:21,686 - ERROR - USDTの残高取得中に予期せぬエラーが発生しました: could not convert string to float: ''
2025-11-16 04:00:25,002 - ERROR - BTCの残高取得中に予期せぬエラーが発生しました: could not convert string to float: ''
2025-11-16 05:00:31,766 - INFO - 新しいローソク足 2025-11-15 20:00:00 が確定しました。分析を開始します。
2025-11-16 05:00:31,872 - ERROR - USDTの残高取得中に予期せぬエラーが発生しました: could not convert string to float: ''
2025-11-16 05:00:31,968 - ERROR - BTCの残高取得中に予期せぬエラーが発生しました: could not convert string to float: ''
2025-11-16 06:00:38,690 - INFO - 新しいローソク足 2025-11-15 21:00:00 が確定しました。分析を開始します。
2025-11-16 06:00:38,795 - ERROR - USDTの残高取得中に予期せぬエラーが発生しました: could not convert string to float: ''
2025-11-16 06:00:38,891 - ERROR - BTCの残高取得中に予期せぬエラーが発生しました: could not convert string to float: ''
2025-11-16 07:00:45,514 - INFO - 新しいローソク足 2025-11-15 22:00:00 が確定しました。分析を開始します。
2025-11-16 07:00:45,618 - ERROR - USDTの残高取得中に予期せぬエラーが発生しました: could not convert string to float: ''
2025-11-16 07:00:45,835 - ERROR - BTCの残高取得中に予期せぬエラーが発生しました: could not convert string to float: ''
2025-11-16 08:00:52,793 - INFO - 新しいローソク足 2025-11-15 23:00:00 が確定しました。分析を開始します。
2025-11-16 08:00:52,893 - ERROR - USDTの残高取得中に予期せぬエラーが発生しました: could not convert string to float: ''
2025-11-16 08:00:58,331 - ERROR - invalid request, please check your server timestamp or recv_window param. req_timestamp[1763247652893],server_timestamp[1763247658294],recv_window[5000] (ErrCode: 10002). Added 2.5 seconds to recv_window. 2 retries remain.
2025-11-16 08:01:04,648 - ERROR - BTCの残高取得中に予期せぬエラーが発生しました: could not convert string to float: ''
2025-11-16 09:00:11,663 - INFO - 新しいローソク足 2025-11-16 00:00:00 が確定しました。分析を開始します。
2025-11-16 09:00:11,770 - ERROR - USDTの残高取得中に予期せぬエラーが発生しました: could not convert string to float: ''
2025-11-16 09:00:11,879 - ERROR - BTCの残高取得中に予期せぬエラーが発生しました: could not convert string to float: ''
2025-11-16 10:00:18,309 - INFO - 新しいローソク足 2025-11-16 01:00:00 が確定しました。分析を開始します。
2025-11-16 10:00:18,411 - ERROR - USDTの残高取得中に予期せぬエラーが発生しました: could not convert string to float: ''
2025-11-16 10:00:18,517 - ERROR - BTCの残高取得中に予期せぬエラーが発生しました: could not convert string to float: ''
2025-11-16 11:00:25,376 - INFO - 新しいローソク足 2025-11-16 02:00:00 が確定しました。分析を開始します。
2025-11-16 11:00:25,479 - ERROR - USDTの残高取得中に予期せぬエラーが発生しました: could not convert string to float: ''
2025-11-16 11:00:25,740 - ERROR - BTCの残高取得中に予期せぬエラーが発生しました: could not convert string to float: ''
2025-11-16 11:21:31,964 - ERROR - メインループで予期せぬエラーが発生しました: Traceback (most recent call last):
  File "/Users/mucbook/miniforge3/lib/python3.12/site-packages/urllib3/connectionpool.py", line 536, in _make_request
    response = conn.getresponse()
               ^^^^^^^^^^^^^^^^^^
  File "/Users/mucbook/miniforge3/lib/python3.12/site-packages/urllib3/connection.py", line 507, in getresponse
    httplib_response = super().getresponse()
                       ^^^^^^^^^^^^^^^^^^^^^
  File "/Users/mucbook/miniforge3/lib/python3.12/http/client.py", line 1428, in getresponse
    response.begin()
  File "/Users/mucbook/miniforge3/lib/python3.12/http/client.py", line 331, in begin
    version, status, reason = self._read_status()
                              ^^^^^^^^^^^^^^^^^^^
  File "/Users/mucbook/miniforge3/lib/python3.12/http/client.py", line 292, in _read_status
    line = str(self.fp.readline(_MAXLINE + 1), "iso-8859-1")
               ^^^^^^^^^^^^^^^^^^^^^^^^^^^^^^
  File "/Users/mucbook/miniforge3/lib/python3.12/socket.py", line 720, in readinto
    return self._sock.recv_into(b)
           ^^^^^^^^^^^^^^^^^^^^^^^
  File "/Users/mucbook/miniforge3/lib/python3.12/ssl.py", line 1251, in recv_into
    return self.read(nbytes, buffer)
           ^^^^^^^^^^^^^^^^^^^^^^^^^
  File "/Users/mucbook/miniforge3/lib/python3.12/ssl.py", line 1103, in read
    return self._sslobj.read(len, buffer)
           ^^^^^^^^^^^^^^^^^^^^^^^^^^^^^^
TimeoutError: The read operation timed out

The above exception was the direct cause of the following exception:

Traceback (most recent call last):
  File "/Users/mucbook/miniforge3/lib/python3.12/site-packages/requests/adapters.py", line 667, in send
    resp = conn.urlopen(
           ^^^^^^^^^^^^^
  File "/Users/mucbook/miniforge3/lib/python3.12/site-packages/urllib3/connectionpool.py", line 843, in urlopen
    retries = retries.increment(
              ^^^^^^^^^^^^^^^^^^
  File "/Users/mucbook/miniforge3/lib/python3.12/site-packages/urllib3/util/retry.py", line 474, in increment
    raise reraise(type(error), error, _stacktrace)
          ^^^^^^^^^^^^^^^^^^^^^^^^^^^^^^^^^^^^^^^^
  File "/Users/mucbook/miniforge3/lib/python3.12/site-packages/urllib3/util/util.py", line 39, in reraise
    raise value
  File "/Users/mucbook/miniforge3/lib/python3.12/site-packages/urllib3/connectionpool.py", line 789, in urlopen
    response = self._make_request(
               ^^^^^^^^^^^^^^^^^^^
  File "/Users/mucbook/miniforge3/lib/python3.12/site-packages/urllib3/connectionpool.py", line 538, in _make_request
    self._raise_timeout(err=e, url=url, timeout_value=read_timeout)
  File "/Users/mucbook/miniforge3/lib/python3.12/site-packages/urllib3/connectionpool.py", line 369, in _raise_timeout
    raise ReadTimeoutError(
urllib3.exceptions.ReadTimeoutError: HTTPSConnectionPool(host='api.bybit.com', port=443): Read timed out. (read timeout=10)

During handling of the above exception, another exception occurred:

Traceback (most recent call last):
  File "/Users/mucbook/バシャール/omen_bot/auto_trader.py", line 213, in <module>
    response = session.get_kline(
               ^^^^^^^^^^^^^^^^^^
  File "/Users/mucbook/miniforge3/lib/python3.12/site-packages/pybit/_v5_market.py", line 33, in get_kline
    return self._submit_request(
           ^^^^^^^^^^^^^^^^^^^^^
  File "/Users/mucbook/miniforge3/lib/python3.12/site-packages/pybit/_http_manager.py", line 295, in _submit_request
    raise e
  File "/Users/mucbook/miniforge3/lib/python3.12/site-packages/pybit/_http_manager.py", line 282, in _submit_request
    s = self.client.send(r, timeout=self.timeout)
        ^^^^^^^^^^^^^^^^^^^^^^^^^^^^^^^^^^^^^^^^^
  File "/Users/mucbook/miniforge3/lib/python3.12/site-packages/requests/sessions.py", line 703, in send
    r = adapter.send(request, **kwargs)
        ^^^^^^^^^^^^^^^^^^^^^^^^^^^^^^^
  File "/Users/mucbook/miniforge3/lib/python3.12/site-packages/requests/adapters.py", line 713, in send
    raise ReadTimeout(e, request=request)
requests.exceptions.ReadTimeout: HTTPSConnectionPool(host='api.bybit.com', port=443): Read timed out. (read timeout=10)

2025-11-16 11:21:58,680 - ERROR - Discord通知の送信中にエラーが発生しました: HTTPSConnectionPool(host='discord.com', port=443): Max retries exceeded with url: /api/webhooks/1436537502952329276/EfCLmREsSJDu1_JS1NHYy4TA8FrUSOWDcWdtBSAyaIWZqirCxYwm5208vKOPx0W82tv3 (Caused by NameResolutionError("<urllib3.connection.HTTPSConnection object at 0x108d3dd30>: Failed to resolve 'discord.com' ([Errno 8] nodename nor servname provided, or not known)"))
2025-11-16 12:00:23,176 - INFO - 新しいローソク足 2025-11-16 03:00:00 が確定しました。分析を開始します。
2025-11-16 12:00:23,302 - ERROR - USDTの残高取得中に予期せぬエラーが発生しました: Unmatched IP, please check your API key's bound IP addresses. (ErrCode: 10010) (ErrTime: 03:00:23).
Request → GET https://api.bybit.com/v5/account/wallet-balance: accountType=UNIFIED&coin=USDT.
2025-11-16 12:00:23,427 - ERROR - BTCの残高取得中に予期せぬエラーが発生しました: Unmatched IP, please check your API key's bound IP addresses. (ErrCode: 10010) (ErrTime: 03:00:23).
Request → GET https://api.bybit.com/v5/account/wallet-balance: accountType=UNIFIED&coin=BTC.
2025-11-16 12:38:57,075 - ERROR - メインループで予期せぬエラーが発生しました: Traceback (most recent call last):
  File "/Users/mucbook/miniforge3/lib/python3.12/site-packages/urllib3/connectionpool.py", line 536, in _make_request
    response = conn.getresponse()
               ^^^^^^^^^^^^^^^^^^
  File "/Users/mucbook/miniforge3/lib/python3.12/site-packages/urllib3/connection.py", line 507, in getresponse
    httplib_response = super().getresponse()
                       ^^^^^^^^^^^^^^^^^^^^^
  File "/Users/mucbook/miniforge3/lib/python3.12/http/client.py", line 1428, in getresponse
    response.begin()
  File "/Users/mucbook/miniforge3/lib/python3.12/http/client.py", line 331, in begin
    version, status, reason = self._read_status()
                              ^^^^^^^^^^^^^^^^^^^
  File "/Users/mucbook/miniforge3/lib/python3.12/http/client.py", line 292, in _read_status
    line = str(self.fp.readline(_MAXLINE + 1), "iso-8859-1")
               ^^^^^^^^^^^^^^^^^^^^^^^^^^^^^^
  File "/Users/mucbook/miniforge3/lib/python3.12/socket.py", line 720, in readinto
    return self._sock.recv_into(b)
           ^^^^^^^^^^^^^^^^^^^^^^^
  File "/Users/mucbook/miniforge3/lib/python3.12/ssl.py", line 1251, in recv_into
    return self.read(nbytes, buffer)
           ^^^^^^^^^^^^^^^^^^^^^^^^^
  File "/Users/mucbook/miniforge3/lib/python3.12/ssl.py", line 1103, in read
    return self._sslobj.read(len, buffer)
           ^^^^^^^^^^^^^^^^^^^^^^^^^^^^^^
TimeoutError: The read operation timed out

The above exception was the direct cause of the following exception:

Traceback (most recent call last):
  File "/Users/mucbook/miniforge3/lib/python3.12/site-packages/requests/adapters.py", line 667, in send
    resp = conn.urlopen(
           ^^^^^^^^^^^^^
  File "/Users/mucbook/miniforge3/lib/python3.12/site-packages/urllib3/connectionpool.py", line 843, in urlopen
    retries = retries.increment(
              ^^^^^^^^^^^^^^^^^^
  File "/Users/mucbook/miniforge3/lib/python3.12/site-packages/urllib3/util/retry.py", line 474, in increment
    raise reraise(type(error), error, _stacktrace)
          ^^^^^^^^^^^^^^^^^^^^^^^^^^^^^^^^^^^^^^^^
  File "/Users/mucbook/miniforge3/lib/python3.12/site-packages/urllib3/util/util.py", line 39, in reraise
    raise value
  File "/Users/mucbook/miniforge3/lib/python3.12/site-packages/urllib3/connectionpool.py", line 789, in urlopen
    response = self._make_request(
               ^^^^^^^^^^^^^^^^^^^
  File "/Users/mucbook/miniforge3/lib/python3.12/site-packages/urllib3/connectionpool.py", line 538, in _make_request
    self._raise_timeout(err=e, url=url, timeout_value=read_timeout)
  File "/Users/mucbook/miniforge3/lib/python3.12/site-packages/urllib3/connectionpool.py", line 369, in _raise_timeout
    raise ReadTimeoutError(
urllib3.exceptions.ReadTimeoutError: HTTPSConnectionPool(host='api.bybit.com', port=443): Read timed out. (read timeout=10)

During handling of the above exception, another exception occurred:

Traceback (most recent call last):
  File "/Users/mucbook/バシャール/omen_bot/auto_trader.py", line 213, in <module>
    response = session.get_kline(
               ^^^^^^^^^^^^^^^^^^
  File "/Users/mucbook/miniforge3/lib/python3.12/site-packages/pybit/_v5_market.py", line 33, in get_kline
    return self._submit_request(
           ^^^^^^^^^^^^^^^^^^^^^
  File "/Users/mucbook/miniforge3/lib/python3.12/site-packages/pybit/_http_manager.py", line 295, in _submit_request
    raise e
  File "/Users/mucbook/miniforge3/lib/python3.12/site-packages/pybit/_http_manager.py", line 282, in _submit_request
    s = self.client.send(r, timeout=self.timeout)
        ^^^^^^^^^^^^^^^^^^^^^^^^^^^^^^^^^^^^^^^^^
  File "/Users/mucbook/miniforge3/lib/python3.12/site-packages/requests/sessions.py", line 703, in send
    r = adapter.send(request, **kwargs)
        ^^^^^^^^^^^^^^^^^^^^^^^^^^^^^^^
  File "/Users/mucbook/miniforge3/lib/python3.12/site-packages/requests/adapters.py", line 713, in send
    raise ReadTimeout(e, request=request)
requests.exceptions.ReadTimeout: HTTPSConnectionPool(host='api.bybit.com', port=443): Read timed out. (read timeout=10)

2025-11-16 12:38:57,081 - ERROR - Discord通知の送信中にエラーが発生しました: HTTPSConnectionPool(host='discord.com', port=443): Max retries exceeded with url: /api/webhooks/1436537502952329276/EfCLmREsSJDu1_JS1NHYy4TA8FrUSOWDcWdtBSAyaIWZqirCxYwm5208vKOPx0W82tv3 (Caused by NameResolutionError("<urllib3.connection.HTTPSConnection object at 0x108d3cec0>: Failed to resolve 'discord.com' ([Errno 8] nodename nor servname provided, or not known)"))
2025-11-16 13:06:39,677 - ERROR - メインループで予期せぬエラーが発生しました: Traceback (most recent call last):
  File "/Users/mucbook/miniforge3/lib/python3.12/site-packages/urllib3/connection.py", line 199, in _new_conn
    sock = connection.create_connection(
           ^^^^^^^^^^^^^^^^^^^^^^^^^^^^^
  File "/Users/mucbook/miniforge3/lib/python3.12/site-packages/urllib3/util/connection.py", line 60, in create_connection
    for res in socket.getaddrinfo(host, port, family, socket.SOCK_STREAM):
               ^^^^^^^^^^^^^^^^^^^^^^^^^^^^^^^^^^^^^^^^^^^^^^^^^^^^^^^^^^
  File "/Users/mucbook/miniforge3/lib/python3.12/socket.py", line 976, in getaddrinfo
    for res in _socket.getaddrinfo(host, port, family, type, proto, flags):
               ^^^^^^^^^^^^^^^^^^^^^^^^^^^^^^^^^^^^^^^^^^^^^^^^^^^^^^^^^^^
socket.gaierror: [Errno 8] nodename nor servname provided, or not known

The above exception was the direct cause of the following exception:

Traceback (most recent call last):
  File "/Users/mucbook/miniforge3/lib/python3.12/site-packages/urllib3/connectionpool.py", line 789, in urlopen
    response = self._make_request(
               ^^^^^^^^^^^^^^^^^^^
  File "/Users/mucbook/miniforge3/lib/python3.12/site-packages/urllib3/connectionpool.py", line 490, in _make_request
    raise new_e
  File "/Users/mucbook/miniforge3/lib/python3.12/site-packages/urllib3/connectionpool.py", line 466, in _make_request
    self._validate_conn(conn)
  File "/Users/mucbook/miniforge3/lib/python3.12/site-packages/urllib3/connectionpool.py", line 1095, in _validate_conn
    conn.connect()
  File "/Users/mucbook/miniforge3/lib/python3.12/site-packages/urllib3/connection.py", line 693, in connect
    self.sock = sock = self._new_conn()
                       ^^^^^^^^^^^^^^^^
  File "/Users/mucbook/miniforge3/lib/python3.12/site-packages/urllib3/connection.py", line 206, in _new_conn
    raise NameResolutionError(self.host, self, e) from e
urllib3.exceptions.NameResolutionError: <urllib3.connection.HTTPSConnection object at 0x108d3cf20>: Failed to resolve 'api.bybit.com' ([Errno 8] nodename nor servname provided, or not known)

The above exception was the direct cause of the following exception:

Traceback (most recent call last):
  File "/Users/mucbook/miniforge3/lib/python3.12/site-packages/requests/adapters.py", line 667, in send
    resp = conn.urlopen(
           ^^^^^^^^^^^^^
  File "/Users/mucbook/miniforge3/lib/python3.12/site-packages/urllib3/connectionpool.py", line 843, in urlopen
    retries = retries.increment(
              ^^^^^^^^^^^^^^^^^^
  File "/Users/mucbook/miniforge3/lib/python3.12/site-packages/urllib3/util/retry.py", line 519, in increment
    raise MaxRetryError(_pool, url, reason) from reason  # type: ignore[arg-type]
    ^^^^^^^^^^^^^^^^^^^^^^^^^^^^^^^^^^^^^^^^^^^^^^^^^^^
urllib3.exceptions.MaxRetryError: HTTPSConnectionPool(host='api.bybit.com', port=443): Max retries exceeded with url: /v5/market/kline?category=spot&interval=60&limit=30&symbol=BTCUSDT (Caused by NameResolutionError("<urllib3.connection.HTTPSConnection object at 0x108d3cf20>: Failed to resolve 'api.bybit.com' ([Errno 8] nodename nor servname provided, or not known)"))

During handling of the above exception, another exception occurred:

Traceback (most recent call last):
  File "/Users/mucbook/バシャール/omen_bot/auto_trader.py", line 213, in <module>
    response = session.get_kline(
               ^^^^^^^^^^^^^^^^^^
  File "/Users/mucbook/miniforge3/lib/python3.12/site-packages/pybit/_v5_market.py", line 33, in get_kline
    return self._submit_request(
           ^^^^^^^^^^^^^^^^^^^^^
  File "/Users/mucbook/miniforge3/lib/python3.12/site-packages/pybit/_http_manager.py", line 295, in _submit_request
    raise e
  File "/Users/mucbook/miniforge3/lib/python3.12/site-packages/pybit/_http_manager.py", line 282, in _submit_request
    s = self.client.send(r, timeout=self.timeout)
        ^^^^^^^^^^^^^^^^^^^^^^^^^^^^^^^^^^^^^^^^^
  File "/Users/mucbook/miniforge3/lib/python3.12/site-packages/requests/sessions.py", line 703, in send
    r = adapter.send(request, **kwargs)
        ^^^^^^^^^^^^^^^^^^^^^^^^^^^^^^^
  File "/Users/mucbook/miniforge3/lib/python3.12/site-packages/requests/adapters.py", line 700, in send
    raise ConnectionError(e, request=request)
requests.exceptions.ConnectionError: HTTPSConnectionPool(host='api.bybit.com', port=443): Max retries exceeded with url: /v5/market/kline?category=spot&interval=60&limit=30&symbol=BTCUSDT (Caused by NameResolutionError("<urllib3.connection.HTTPSConnection object at 0x108d3cf20>: Failed to resolve 'api.bybit.com' ([Errno 8] nodename nor servname provided, or not known)"))

2025-11-16 13:06:39,681 - ERROR - Discord通知の送信中にエラーが発生しました: HTTPSConnectionPool(host='discord.com', port=443): Max retries exceeded with url: /api/webhooks/1436537502952329276/EfCLmREsSJDu1_JS1NHYy4TA8FrUSOWDcWdtBSAyaIWZqirCxYwm5208vKOPx0W82tv3 (Caused by NameResolutionError("<urllib3.connection.HTTPSConnection object at 0x108d3e900>: Failed to resolve 'discord.com' ([Errno 8] nodename nor servname provided, or not known)"))
2025-11-16 13:07:39,897 - INFO - 新しいローソク足 2025-11-16 04:00:00 が確定しました。分析を開始します。
2025-11-16 13:07:40,014 - ERROR - USDTの残高取得中に予期せぬエラーが発生しました: Unmatched IP, please check your API key's bound IP addresses. (ErrCode: 10010) (ErrTime: 04:07:40).
Request → GET https://api.bybit.com/v5/account/wallet-balance: accountType=UNIFIED&coin=USDT.
2025-11-16 13:07:40,131 - ERROR - BTCの残高取得中に予期せぬエラーが発生しました: Unmatched IP, please check your API key's bound IP addresses. (ErrCode: 10010) (ErrTime: 04:07:40).
Request → GET https://api.bybit.com/v5/account/wallet-balance: accountType=UNIFIED&coin=BTC.
2025-11-16 13:36:06,115 - ERROR - メインループで予期せぬエラーが発生しました: Traceback (most recent call last):
  File "/Users/mucbook/miniforge3/lib/python3.12/site-packages/urllib3/connectionpool.py", line 789, in urlopen
    response = self._make_request(
               ^^^^^^^^^^^^^^^^^^^
  File "/Users/mucbook/miniforge3/lib/python3.12/site-packages/urllib3/connectionpool.py", line 536, in _make_request
    response = conn.getresponse()
               ^^^^^^^^^^^^^^^^^^
  File "/Users/mucbook/miniforge3/lib/python3.12/site-packages/urllib3/connection.py", line 507, in getresponse
    httplib_response = super().getresponse()
                       ^^^^^^^^^^^^^^^^^^^^^
  File "/Users/mucbook/miniforge3/lib/python3.12/http/client.py", line 1428, in getresponse
    response.begin()
  File "/Users/mucbook/miniforge3/lib/python3.12/http/client.py", line 331, in begin
    version, status, reason = self._read_status()
                              ^^^^^^^^^^^^^^^^^^^
  File "/Users/mucbook/miniforge3/lib/python3.12/http/client.py", line 300, in _read_status
    raise RemoteDisconnected("Remote end closed connection without"
http.client.RemoteDisconnected: Remote end closed connection without response

During handling of the above exception, another exception occurred:

Traceback (most recent call last):
  File "/Users/mucbook/miniforge3/lib/python3.12/site-packages/requests/adapters.py", line 667, in send
    resp = conn.urlopen(
           ^^^^^^^^^^^^^
  File "/Users/mucbook/miniforge3/lib/python3.12/site-packages/urllib3/connectionpool.py", line 843, in urlopen
    retries = retries.increment(
              ^^^^^^^^^^^^^^^^^^
  File "/Users/mucbook/miniforge3/lib/python3.12/site-packages/urllib3/util/retry.py", line 474, in increment
    raise reraise(type(error), error, _stacktrace)
          ^^^^^^^^^^^^^^^^^^^^^^^^^^^^^^^^^^^^^^^^
  File "/Users/mucbook/miniforge3/lib/python3.12/site-packages/urllib3/util/util.py", line 38, in reraise
    raise value.with_traceback(tb)
  File "/Users/mucbook/miniforge3/lib/python3.12/site-packages/urllib3/connectionpool.py", line 789, in urlopen
    response = self._make_request(
               ^^^^^^^^^^^^^^^^^^^
  File "/Users/mucbook/miniforge3/lib/python3.12/site-packages/urllib3/connectionpool.py", line 536, in _make_request
    response = conn.getresponse()
               ^^^^^^^^^^^^^^^^^^
  File "/Users/mucbook/miniforge3/lib/python3.12/site-packages/urllib3/connection.py", line 507, in getresponse
    httplib_response = super().getresponse()
                       ^^^^^^^^^^^^^^^^^^^^^
  File "/Users/mucbook/miniforge3/lib/python3.12/http/client.py", line 1428, in getresponse
    response.begin()
  File "/Users/mucbook/miniforge3/lib/python3.12/http/client.py", line 331, in begin
    version, status, reason = self._read_status()
                              ^^^^^^^^^^^^^^^^^^^
  File "/Users/mucbook/miniforge3/lib/python3.12/http/client.py", line 300, in _read_status
    raise RemoteDisconnected("Remote end closed connection without"
urllib3.exceptions.ProtocolError: ('Connection aborted.', RemoteDisconnected('Remote end closed connection without response'))

During handling of the above exception, another exception occurred:

Traceback (most recent call last):
  File "/Users/mucbook/バシャール/omen_bot/auto_trader.py", line 213, in <module>
    response = session.get_kline(
               ^^^^^^^^^^^^^^^^^^
  File "/Users/mucbook/miniforge3/lib/python3.12/site-packages/pybit/_v5_market.py", line 33, in get_kline
    return self._submit_request(
           ^^^^^^^^^^^^^^^^^^^^^
  File "/Users/mucbook/miniforge3/lib/python3.12/site-packages/pybit/_http_manager.py", line 295, in _submit_request
    raise e
  File "/Users/mucbook/miniforge3/lib/python3.12/site-packages/pybit/_http_manager.py", line 282, in _submit_request
    s = self.client.send(r, timeout=self.timeout)
        ^^^^^^^^^^^^^^^^^^^^^^^^^^^^^^^^^^^^^^^^^
  File "/Users/mucbook/miniforge3/lib/python3.12/site-packages/requests/sessions.py", line 703, in send
    r = adapter.send(request, **kwargs)
        ^^^^^^^^^^^^^^^^^^^^^^^^^^^^^^^
  File "/Users/mucbook/miniforge3/lib/python3.12/site-packages/requests/adapters.py", line 682, in send
    raise ConnectionError(err, request=request)
requests.exceptions.ConnectionError: ('Connection aborted.', RemoteDisconnected('Remote end closed connection without response'))

2025-11-16 13:36:07,150 - INFO - Discord通知の送信に成功しました。
2025-11-16 14:00:42,893 - INFO - 新しいローソク足 2025-11-16 05:00:00 が確定しました。分析を開始します。
2025-11-16 14:00:43,354 - ERROR - USDTの残高取得中に予期せぬエラーが発生しました: Unmatched IP, please check your API key's bound IP addresses. (ErrCode: 10010) (ErrTime: 05:00:43).
Request → GET https://api.bybit.com/v5/account/wallet-balance: accountType=UNIFIED&coin=USDT.
2025-11-16 14:00:43,515 - ERROR - BTCの残高取得中に予期せぬエラーが発生しました: Unmatched IP, please check your API key's bound IP addresses. (ErrCode: 10010) (ErrTime: 05:00:43).
Request → GET https://api.bybit.com/v5/account/wallet-balance: accountType=UNIFIED&coin=BTC.
2025-11-16 14:41:38,551 - ERROR - メインループで予期せぬエラーが発生しました: Traceback (most recent call last):
  File "/Users/mucbook/miniforge3/lib/python3.12/site-packages/urllib3/connectionpool.py", line 536, in _make_request
    response = conn.getresponse()
               ^^^^^^^^^^^^^^^^^^
  File "/Users/mucbook/miniforge3/lib/python3.12/site-packages/urllib3/connection.py", line 507, in getresponse
    httplib_response = super().getresponse()
                       ^^^^^^^^^^^^^^^^^^^^^
  File "/Users/mucbook/miniforge3/lib/python3.12/http/client.py", line 1428, in getresponse
    response.begin()
  File "/Users/mucbook/miniforge3/lib/python3.12/http/client.py", line 331, in begin
    version, status, reason = self._read_status()
                              ^^^^^^^^^^^^^^^^^^^
  File "/Users/mucbook/miniforge3/lib/python3.12/http/client.py", line 292, in _read_status
    line = str(self.fp.readline(_MAXLINE + 1), "iso-8859-1")
               ^^^^^^^^^^^^^^^^^^^^^^^^^^^^^^
  File "/Users/mucbook/miniforge3/lib/python3.12/socket.py", line 720, in readinto
    return self._sock.recv_into(b)
           ^^^^^^^^^^^^^^^^^^^^^^^
  File "/Users/mucbook/miniforge3/lib/python3.12/ssl.py", line 1251, in recv_into
    return self.read(nbytes, buffer)
           ^^^^^^^^^^^^^^^^^^^^^^^^^
  File "/Users/mucbook/miniforge3/lib/python3.12/ssl.py", line 1103, in read
    return self._sslobj.read(len, buffer)
           ^^^^^^^^^^^^^^^^^^^^^^^^^^^^^^
TimeoutError: The read operation timed out

The above exception was the direct cause of the following exception:

Traceback (most recent call last):
  File "/Users/mucbook/miniforge3/lib/python3.12/site-packages/requests/adapters.py", line 667, in send
    resp = conn.urlopen(
           ^^^^^^^^^^^^^
  File "/Users/mucbook/miniforge3/lib/python3.12/site-packages/urllib3/connectionpool.py", line 843, in urlopen
    retries = retries.increment(
              ^^^^^^^^^^^^^^^^^^
  File "/Users/mucbook/miniforge3/lib/python3.12/site-packages/urllib3/util/retry.py", line 474, in increment
    raise reraise(type(error), error, _stacktrace)
          ^^^^^^^^^^^^^^^^^^^^^^^^^^^^^^^^^^^^^^^^
  File "/Users/mucbook/miniforge3/lib/python3.12/site-packages/urllib3/util/util.py", line 39, in reraise
    raise value
  File "/Users/mucbook/miniforge3/lib/python3.12/site-packages/urllib3/connectionpool.py", line 789, in urlopen
    response = self._make_request(
               ^^^^^^^^^^^^^^^^^^^
  File "/Users/mucbook/miniforge3/lib/python3.12/site-packages/urllib3/connectionpool.py", line 538, in _make_request
    self._raise_timeout(err=e, url=url, timeout_value=read_timeout)
  File "/Users/mucbook/miniforge3/lib/python3.12/site-packages/urllib3/connectionpool.py", line 369, in _raise_timeout
    raise ReadTimeoutError(
urllib3.exceptions.ReadTimeoutError: HTTPSConnectionPool(host='api.bybit.com', port=443): Read timed out. (read timeout=10)

During handling of the above exception, another exception occurred:

Traceback (most recent call last):
  File "/Users/mucbook/バシャール/omen_bot/auto_trader.py", line 213, in <module>
    response = session.get_kline(
               ^^^^^^^^^^^^^^^^^^
  File "/Users/mucbook/miniforge3/lib/python3.12/site-packages/pybit/_v5_market.py", line 33, in get_kline
    return self._submit_request(
           ^^^^^^^^^^^^^^^^^^^^^
  File "/Users/mucbook/miniforge3/lib/python3.12/site-packages/pybit/_http_manager.py", line 295, in _submit_request
    raise e
  File "/Users/mucbook/miniforge3/lib/python3.12/site-packages/pybit/_http_manager.py", line 282, in _submit_request
    s = self.client.send(r, timeout=self.timeout)
        ^^^^^^^^^^^^^^^^^^^^^^^^^^^^^^^^^^^^^^^^^
  File "/Users/mucbook/miniforge3/lib/python3.12/site-packages/requests/sessions.py", line 703, in send
    r = adapter.send(request, **kwargs)
        ^^^^^^^^^^^^^^^^^^^^^^^^^^^^^^^
  File "/Users/mucbook/miniforge3/lib/python3.12/site-packages/requests/adapters.py", line 713, in send
    raise ReadTimeout(e, request=request)
requests.exceptions.ReadTimeout: HTTPSConnectionPool(host='api.bybit.com', port=443): Read timed out. (read timeout=10)

2025-11-16 14:41:39,631 - INFO - Discord通知の送信に成功しました。
2025-11-16 14:54:47,661 - ERROR - メインループで予期せぬエラーが発生しました: Traceback (most recent call last):
  File "/Users/mucbook/miniforge3/lib/python3.12/site-packages/urllib3/connectionpool.py", line 536, in _make_request
    response = conn.getresponse()
               ^^^^^^^^^^^^^^^^^^
  File "/Users/mucbook/miniforge3/lib/python3.12/site-packages/urllib3/connection.py", line 507, in getresponse
    httplib_response = super().getresponse()
                       ^^^^^^^^^^^^^^^^^^^^^
  File "/Users/mucbook/miniforge3/lib/python3.12/http/client.py", line 1428, in getresponse
    response.begin()
  File "/Users/mucbook/miniforge3/lib/python3.12/http/client.py", line 331, in begin
    version, status, reason = self._read_status()
                              ^^^^^^^^^^^^^^^^^^^
  File "/Users/mucbook/miniforge3/lib/python3.12/http/client.py", line 292, in _read_status
    line = str(self.fp.readline(_MAXLINE + 1), "iso-8859-1")
               ^^^^^^^^^^^^^^^^^^^^^^^^^^^^^^
  File "/Users/mucbook/miniforge3/lib/python3.12/socket.py", line 720, in readinto
    return self._sock.recv_into(b)
           ^^^^^^^^^^^^^^^^^^^^^^^
  File "/Users/mucbook/miniforge3/lib/python3.12/ssl.py", line 1251, in recv_into
    return self.read(nbytes, buffer)
           ^^^^^^^^^^^^^^^^^^^^^^^^^
  File "/Users/mucbook/miniforge3/lib/python3.12/ssl.py", line 1103, in read
    return self._sslobj.read(len, buffer)
           ^^^^^^^^^^^^^^^^^^^^^^^^^^^^^^
TimeoutError: The read operation timed out

The above exception was the direct cause of the following exception:

Traceback (most recent call last):
  File "/Users/mucbook/miniforge3/lib/python3.12/site-packages/requests/adapters.py", line 667, in send
    resp = conn.urlopen(
           ^^^^^^^^^^^^^
  File "/Users/mucbook/miniforge3/lib/python3.12/site-packages/urllib3/connectionpool.py", line 843, in urlopen
    retries = retries.increment(
              ^^^^^^^^^^^^^^^^^^
  File "/Users/mucbook/miniforge3/lib/python3.12/site-packages/urllib3/util/retry.py", line 474, in increment
    raise reraise(type(error), error, _stacktrace)
          ^^^^^^^^^^^^^^^^^^^^^^^^^^^^^^^^^^^^^^^^
  File "/Users/mucbook/miniforge3/lib/python3.12/site-packages/urllib3/util/util.py", line 39, in reraise
    raise value
  File "/Users/mucbook/miniforge3/lib/python3.12/site-packages/urllib3/connectionpool.py", line 789, in urlopen
    response = self._make_request(
               ^^^^^^^^^^^^^^^^^^^
  File "/Users/mucbook/miniforge3/lib/python3.12/site-packages/urllib3/connectionpool.py", line 538, in _make_request
    self._raise_timeout(err=e, url=url, timeout_value=read_timeout)
  File "/Users/mucbook/miniforge3/lib/python3.12/site-packages/urllib3/connectionpool.py", line 369, in _raise_timeout
    raise ReadTimeoutError(
urllib3.exceptions.ReadTimeoutError: HTTPSConnectionPool(host='api.bybit.com', port=443): Read timed out. (read timeout=10)

During handling of the above exception, another exception occurred:

Traceback (most recent call last):
  File "/Users/mucbook/バシャール/omen_bot/auto_trader.py", line 213, in <module>
    response = session.get_kline(
               ^^^^^^^^^^^^^^^^^^
  File "/Users/mucbook/miniforge3/lib/python3.12/site-packages/pybit/_v5_market.py", line 33, in get_kline
    return self._submit_request(
           ^^^^^^^^^^^^^^^^^^^^^
  File "/Users/mucbook/miniforge3/lib/python3.12/site-packages/pybit/_http_manager.py", line 295, in _submit_request
    raise e
  File "/Users/mucbook/miniforge3/lib/python3.12/site-packages/pybit/_http_manager.py", line 282, in _submit_request
    s = self.client.send(r, timeout=self.timeout)
        ^^^^^^^^^^^^^^^^^^^^^^^^^^^^^^^^^^^^^^^^^
  File "/Users/mucbook/miniforge3/lib/python3.12/site-packages/requests/sessions.py", line 703, in send
    r = adapter.send(request, **kwargs)
        ^^^^^^^^^^^^^^^^^^^^^^^^^^^^^^^
  File "/Users/mucbook/miniforge3/lib/python3.12/site-packages/requests/adapters.py", line 713, in send
    raise ReadTimeout(e, request=request)
requests.exceptions.ReadTimeout: HTTPSConnectionPool(host='api.bybit.com', port=443): Read timed out. (read timeout=10)

2025-11-16 14:54:48,228 - INFO - Discord通知の送信に成功しました。
2025-11-16 15:00:49,032 - INFO - 新しいローソク足 2025-11-16 06:00:00 が確定しました。分析を開始します。
2025-11-16 15:00:49,161 - ERROR - USDTの残高取得中に予期せぬエラーが発生しました: Unmatched IP, please check your API key's bound IP addresses. (ErrCode: 10010) (ErrTime: 06:00:49).
Request → GET https://api.bybit.com/v5/account/wallet-balance: accountType=UNIFIED&coin=USDT.
2025-11-16 15:00:49,282 - ERROR - BTCの残高取得中に予期せぬエラーが発生しました: Unmatched IP, please check your API key's bound IP addresses. (ErrCode: 10010) (ErrTime: 06:00:49).
Request → GET https://api.bybit.com/v5/account/wallet-balance: accountType=UNIFIED&coin=BTC.
2025-11-16 15:17:00,348 - ERROR - メインループで予期せぬエラーが発生しました: Traceback (most recent call last):
  File "/Users/mucbook/miniforge3/lib/python3.12/site-packages/urllib3/connectionpool.py", line 536, in _make_request
    response = conn.getresponse()
               ^^^^^^^^^^^^^^^^^^
  File "/Users/mucbook/miniforge3/lib/python3.12/site-packages/urllib3/connection.py", line 507, in getresponse
    httplib_response = super().getresponse()
                       ^^^^^^^^^^^^^^^^^^^^^
  File "/Users/mucbook/miniforge3/lib/python3.12/http/client.py", line 1428, in getresponse
    response.begin()
  File "/Users/mucbook/miniforge3/lib/python3.12/http/client.py", line 331, in begin
    version, status, reason = self._read_status()
                              ^^^^^^^^^^^^^^^^^^^
  File "/Users/mucbook/miniforge3/lib/python3.12/http/client.py", line 292, in _read_status
    line = str(self.fp.readline(_MAXLINE + 1), "iso-8859-1")
               ^^^^^^^^^^^^^^^^^^^^^^^^^^^^^^
  File "/Users/mucbook/miniforge3/lib/python3.12/socket.py", line 720, in readinto
    return self._sock.recv_into(b)
           ^^^^^^^^^^^^^^^^^^^^^^^
  File "/Users/mucbook/miniforge3/lib/python3.12/ssl.py", line 1251, in recv_into
    return self.read(nbytes, buffer)
           ^^^^^^^^^^^^^^^^^^^^^^^^^
  File "/Users/mucbook/miniforge3/lib/python3.12/ssl.py", line 1103, in read
    return self._sslobj.read(len, buffer)
           ^^^^^^^^^^^^^^^^^^^^^^^^^^^^^^
TimeoutError: The read operation timed out

The above exception was the direct cause of the following exception:

Traceback (most recent call last):
  File "/Users/mucbook/miniforge3/lib/python3.12/site-packages/requests/adapters.py", line 667, in send
    resp = conn.urlopen(
           ^^^^^^^^^^^^^
  File "/Users/mucbook/miniforge3/lib/python3.12/site-packages/urllib3/connectionpool.py", line 843, in urlopen
    retries = retries.increment(
              ^^^^^^^^^^^^^^^^^^
  File "/Users/mucbook/miniforge3/lib/python3.12/site-packages/urllib3/util/retry.py", line 474, in increment
    raise reraise(type(error), error, _stacktrace)
          ^^^^^^^^^^^^^^^^^^^^^^^^^^^^^^^^^^^^^^^^
  File "/Users/mucbook/miniforge3/lib/python3.12/site-packages/urllib3/util/util.py", line 39, in reraise
    raise value
  File "/Users/mucbook/miniforge3/lib/python3.12/site-packages/urllib3/connectionpool.py", line 789, in urlopen
    response = self._make_request(
               ^^^^^^^^^^^^^^^^^^^
  File "/Users/mucbook/miniforge3/lib/python3.12/site-packages/urllib3/connectionpool.py", line 538, in _make_request
    self._raise_timeout(err=e, url=url, timeout_value=read_timeout)
  File "/Users/mucbook/miniforge3/lib/python3.12/site-packages/urllib3/connectionpool.py", line 369, in _raise_timeout
    raise ReadTimeoutError(
urllib3.exceptions.ReadTimeoutError: HTTPSConnectionPool(host='api.bybit.com', port=443): Read timed out. (read timeout=10)

During handling of the above exception, another exception occurred:

Traceback (most recent call last):
  File "/Users/mucbook/バシャール/omen_bot/auto_trader.py", line 213, in <module>
    response = session.get_kline(
               ^^^^^^^^^^^^^^^^^^
  File "/Users/mucbook/miniforge3/lib/python3.12/site-packages/pybit/_v5_market.py", line 33, in get_kline
    return self._submit_request(
           ^^^^^^^^^^^^^^^^^^^^^
  File "/Users/mucbook/miniforge3/lib/python3.12/site-packages/pybit/_http_manager.py", line 295, in _submit_request
    raise e
  File "/Users/mucbook/miniforge3/lib/python3.12/site-packages/pybit/_http_manager.py", line 282, in _submit_request
    s = self.client.send(r, timeout=self.timeout)
        ^^^^^^^^^^^^^^^^^^^^^^^^^^^^^^^^^^^^^^^^^
  File "/Users/mucbook/miniforge3/lib/python3.12/site-packages/requests/sessions.py", line 703, in send
    r = adapter.send(request, **kwargs)
        ^^^^^^^^^^^^^^^^^^^^^^^^^^^^^^^
  File "/Users/mucbook/miniforge3/lib/python3.12/site-packages/requests/adapters.py", line 713, in send
    raise ReadTimeout(e, request=request)
requests.exceptions.ReadTimeout: HTTPSConnectionPool(host='api.bybit.com', port=443): Read timed out. (read timeout=10)

2025-11-16 15:17:30,354 - ERROR - Discord通知の送信中にエラーが発生しました: HTTPSConnectionPool(host='discord.com', port=443): Max retries exceeded with url: /api/webhooks/1436537502952329276/EfCLmREsSJDu1_JS1NHYy4TA8FrUSOWDcWdtBSAyaIWZqirCxYwm5208vKOPx0W82tv3 (Caused by NameResolutionError("<urllib3.connection.HTTPSConnection object at 0x108d3f5f0>: Failed to resolve 'discord.com' ([Errno 8] nodename nor servname provided, or not known)"))
2025-11-16 15:19:00,363 - ERROR - メインループで予期せぬエラーが発生しました: Traceback (most recent call last):
  File "/Users/mucbook/miniforge3/lib/python3.12/site-packages/urllib3/connection.py", line 199, in _new_conn
    sock = connection.create_connection(
           ^^^^^^^^^^^^^^^^^^^^^^^^^^^^^
  File "/Users/mucbook/miniforge3/lib/python3.12/site-packages/urllib3/util/connection.py", line 60, in create_connection
    for res in socket.getaddrinfo(host, port, family, socket.SOCK_STREAM):
               ^^^^^^^^^^^^^^^^^^^^^^^^^^^^^^^^^^^^^^^^^^^^^^^^^^^^^^^^^^
  File "/Users/mucbook/miniforge3/lib/python3.12/socket.py", line 976, in getaddrinfo
    for res in _socket.getaddrinfo(host, port, family, type, proto, flags):
               ^^^^^^^^^^^^^^^^^^^^^^^^^^^^^^^^^^^^^^^^^^^^^^^^^^^^^^^^^^^
socket.gaierror: [Errno 8] nodename nor servname provided, or not known

The above exception was the direct cause of the following exception:

Traceback (most recent call last):
  File "/Users/mucbook/miniforge3/lib/python3.12/site-packages/urllib3/connectionpool.py", line 789, in urlopen
    response = self._make_request(
               ^^^^^^^^^^^^^^^^^^^
  File "/Users/mucbook/miniforge3/lib/python3.12/site-packages/urllib3/connectionpool.py", line 490, in _make_request
    raise new_e
  File "/Users/mucbook/miniforge3/lib/python3.12/site-packages/urllib3/connectionpool.py", line 466, in _make_request
    self._validate_conn(conn)
  File "/Users/mucbook/miniforge3/lib/python3.12/site-packages/urllib3/connectionpool.py", line 1095, in _validate_conn
    conn.connect()
  File "/Users/mucbook/miniforge3/lib/python3.12/site-packages/urllib3/connection.py", line 693, in connect
    self.sock = sock = self._new_conn()
                       ^^^^^^^^^^^^^^^^
  File "/Users/mucbook/miniforge3/lib/python3.12/site-packages/urllib3/connection.py", line 206, in _new_conn
    raise NameResolutionError(self.host, self, e) from e
urllib3.exceptions.NameResolutionError: <urllib3.connection.HTTPSConnection object at 0x108d3cd70>: Failed to resolve 'api.bybit.com' ([Errno 8] nodename nor servname provided, or not known)

The above exception was the direct cause of the following exception:

Traceback (most recent call last):
  File "/Users/mucbook/miniforge3/lib/python3.12/site-packages/requests/adapters.py", line 667, in send
    resp = conn.urlopen(
           ^^^^^^^^^^^^^
  File "/Users/mucbook/miniforge3/lib/python3.12/site-packages/urllib3/connectionpool.py", line 843, in urlopen
    retries = retries.increment(
              ^^^^^^^^^^^^^^^^^^
  File "/Users/mucbook/miniforge3/lib/python3.12/site-packages/urllib3/util/retry.py", line 519, in increment
    raise MaxRetryError(_pool, url, reason) from reason  # type: ignore[arg-type]
    ^^^^^^^^^^^^^^^^^^^^^^^^^^^^^^^^^^^^^^^^^^^^^^^^^^^
urllib3.exceptions.MaxRetryError: HTTPSConnectionPool(host='api.bybit.com', port=443): Max retries exceeded with url: /v5/market/kline?category=spot&interval=60&limit=30&symbol=BTCUSDT (Caused by NameResolutionError("<urllib3.connection.HTTPSConnection object at 0x108d3cd70>: Failed to resolve 'api.bybit.com' ([Errno 8] nodename nor servname provided, or not known)"))

During handling of the above exception, another exception occurred:

Traceback (most recent call last):
  File "/Users/mucbook/バシャール/omen_bot/auto_trader.py", line 213, in <module>
    response = session.get_kline(
               ^^^^^^^^^^^^^^^^^^
  File "/Users/mucbook/miniforge3/lib/python3.12/site-packages/pybit/_v5_market.py", line 33, in get_kline
    return self._submit_request(
           ^^^^^^^^^^^^^^^^^^^^^
  File "/Users/mucbook/miniforge3/lib/python3.12/site-packages/pybit/_http_manager.py", line 295, in _submit_request
    raise e
  File "/Users/mucbook/miniforge3/lib/python3.12/site-packages/pybit/_http_manager.py", line 282, in _submit_request
    s = self.client.send(r, timeout=self.timeout)
        ^^^^^^^^^^^^^^^^^^^^^^^^^^^^^^^^^^^^^^^^^
  File "/Users/mucbook/miniforge3/lib/python3.12/site-packages/requests/sessions.py", line 703, in send
    r = adapter.send(request, **kwargs)
        ^^^^^^^^^^^^^^^^^^^^^^^^^^^^^^^
  File "/Users/mucbook/miniforge3/lib/python3.12/site-packages/requests/adapters.py", line 700, in send
    raise ConnectionError(e, request=request)
requests.exceptions.ConnectionError: HTTPSConnectionPool(host='api.bybit.com', port=443): Max retries exceeded with url: /v5/market/kline?category=spot&interval=60&limit=30&symbol=BTCUSDT (Caused by NameResolutionError("<urllib3.connection.HTTPSConnection object at 0x108d3cd70>: Failed to resolve 'api.bybit.com' ([Errno 8] nodename nor servname provided, or not known)"))

2025-11-16 15:19:30,368 - ERROR - Discord通知の送信中にエラーが発生しました: HTTPSConnectionPool(host='discord.com', port=443): Max retries exceeded with url: /api/webhooks/1436537502952329276/EfCLmREsSJDu1_JS1NHYy4TA8FrUSOWDcWdtBSAyaIWZqirCxYwm5208vKOPx0W82tv3 (Caused by NameResolutionError("<urllib3.connection.HTTPSConnection object at 0x108d3f740>: Failed to resolve 'discord.com' ([Errno 8] nodename nor servname provided, or not known)"))
2025-11-16 15:21:00,383 - ERROR - メインループで予期せぬエラーが発生しました: Traceback (most recent call last):
  File "/Users/mucbook/miniforge3/lib/python3.12/site-packages/urllib3/connection.py", line 199, in _new_conn
    sock = connection.create_connection(
           ^^^^^^^^^^^^^^^^^^^^^^^^^^^^^
  File "/Users/mucbook/miniforge3/lib/python3.12/site-packages/urllib3/util/connection.py", line 60, in create_connection
    for res in socket.getaddrinfo(host, port, family, socket.SOCK_STREAM):
               ^^^^^^^^^^^^^^^^^^^^^^^^^^^^^^^^^^^^^^^^^^^^^^^^^^^^^^^^^^
  File "/Users/mucbook/miniforge3/lib/python3.12/socket.py", line 976, in getaddrinfo
    for res in _socket.getaddrinfo(host, port, family, type, proto, flags):
               ^^^^^^^^^^^^^^^^^^^^^^^^^^^^^^^^^^^^^^^^^^^^^^^^^^^^^^^^^^^
socket.gaierror: [Errno 8] nodename nor servname provided, or not known

The above exception was the direct cause of the following exception:

Traceback (most recent call last):
  File "/Users/mucbook/miniforge3/lib/python3.12/site-packages/urllib3/connectionpool.py", line 789, in urlopen
    response = self._make_request(
               ^^^^^^^^^^^^^^^^^^^
  File "/Users/mucbook/miniforge3/lib/python3.12/site-packages/urllib3/connectionpool.py", line 490, in _make_request
    raise new_e
  File "/Users/mucbook/miniforge3/lib/python3.12/site-packages/urllib3/connectionpool.py", line 466, in _make_request
    self._validate_conn(conn)
  File "/Users/mucbook/miniforge3/lib/python3.12/site-packages/urllib3/connectionpool.py", line 1095, in _validate_conn
    conn.connect()
  File "/Users/mucbook/miniforge3/lib/python3.12/site-packages/urllib3/connection.py", line 693, in connect
    self.sock = sock = self._new_conn()
                       ^^^^^^^^^^^^^^^^
  File "/Users/mucbook/miniforge3/lib/python3.12/site-packages/urllib3/connection.py", line 206, in _new_conn
    raise NameResolutionError(self.host, self, e) from e
urllib3.exceptions.NameResolutionError: <urllib3.connection.HTTPSConnection object at 0x108d3e4e0>: Failed to resolve 'api.bybit.com' ([Errno 8] nodename nor servname provided, or not known)

The above exception was the direct cause of the following exception:

Traceback (most recent call last):
  File "/Users/mucbook/miniforge3/lib/python3.12/site-packages/requests/adapters.py", line 667, in send
    resp = conn.urlopen(
           ^^^^^^^^^^^^^
  File "/Users/mucbook/miniforge3/lib/python3.12/site-packages/urllib3/connectionpool.py", line 843, in urlopen
    retries = retries.increment(
              ^^^^^^^^^^^^^^^^^^
  File "/Users/mucbook/miniforge3/lib/python3.12/site-packages/urllib3/util/retry.py", line 519, in increment
    raise MaxRetryError(_pool, url, reason) from reason  # type: ignore[arg-type]
    ^^^^^^^^^^^^^^^^^^^^^^^^^^^^^^^^^^^^^^^^^^^^^^^^^^^
urllib3.exceptions.MaxRetryError: HTTPSConnectionPool(host='api.bybit.com', port=443): Max retries exceeded with url: /v5/market/kline?category=spot&interval=60&limit=30&symbol=BTCUSDT (Caused by NameResolutionError("<urllib3.connection.HTTPSConnection object at 0x108d3e4e0>: Failed to resolve 'api.bybit.com' ([Errno 8] nodename nor servname provided, or not known)"))

During handling of the above exception, another exception occurred:

Traceback (most recent call last):
  File "/Users/mucbook/バシャール/omen_bot/auto_trader.py", line 213, in <module>
    response = session.get_kline(
               ^^^^^^^^^^^^^^^^^^
  File "/Users/mucbook/miniforge3/lib/python3.12/site-packages/pybit/_v5_market.py", line 33, in get_kline
    return self._submit_request(
           ^^^^^^^^^^^^^^^^^^^^^
  File "/Users/mucbook/miniforge3/lib/python3.12/site-packages/pybit/_http_manager.py", line 295, in _submit_request
    raise e
  File "/Users/mucbook/miniforge3/lib/python3.12/site-packages/pybit/_http_manager.py", line 282, in _submit_request
    s = self.client.send(r, timeout=self.timeout)
        ^^^^^^^^^^^^^^^^^^^^^^^^^^^^^^^^^^^^^^^^^
  File "/Users/mucbook/miniforge3/lib/python3.12/site-packages/requests/sessions.py", line 703, in send
    r = adapter.send(request, **kwargs)
        ^^^^^^^^^^^^^^^^^^^^^^^^^^^^^^^
  File "/Users/mucbook/miniforge3/lib/python3.12/site-packages/requests/adapters.py", line 700, in send
    raise ConnectionError(e, request=request)
requests.exceptions.ConnectionError: HTTPSConnectionPool(host='api.bybit.com', port=443): Max retries exceeded with url: /v5/market/kline?category=spot&interval=60&limit=30&symbol=BTCUSDT (Caused by NameResolutionError("<urllib3.connection.HTTPSConnection object at 0x108d3e4e0>: Failed to resolve 'api.bybit.com' ([Errno 8] nodename nor servname provided, or not known)"))

2025-11-16 15:21:30,387 - ERROR - Discord通知の送信中にエラーが発生しました: HTTPSConnectionPool(host='discord.com', port=443): Max retries exceeded with url: /api/webhooks/1436537502952329276/EfCLmREsSJDu1_JS1NHYy4TA8FrUSOWDcWdtBSAyaIWZqirCxYwm5208vKOPx0W82tv3 (Caused by NameResolutionError("<urllib3.connection.HTTPSConnection object at 0x108d3edb0>: Failed to resolve 'discord.com' ([Errno 8] nodename nor servname provided, or not known)"))
2025-11-16 15:23:51,473 - ERROR - メインループで予期せぬエラーが発生しました: Traceback (most recent call last):
  File "/Users/mucbook/miniforge3/lib/python3.12/site-packages/urllib3/connectionpool.py", line 536, in _make_request
    response = conn.getresponse()
               ^^^^^^^^^^^^^^^^^^
  File "/Users/mucbook/miniforge3/lib/python3.12/site-packages/urllib3/connection.py", line 507, in getresponse
    httplib_response = super().getresponse()
                       ^^^^^^^^^^^^^^^^^^^^^
  File "/Users/mucbook/miniforge3/lib/python3.12/http/client.py", line 1428, in getresponse
    response.begin()
  File "/Users/mucbook/miniforge3/lib/python3.12/http/client.py", line 331, in begin
    version, status, reason = self._read_status()
                              ^^^^^^^^^^^^^^^^^^^
  File "/Users/mucbook/miniforge3/lib/python3.12/http/client.py", line 292, in _read_status
    line = str(self.fp.readline(_MAXLINE + 1), "iso-8859-1")
               ^^^^^^^^^^^^^^^^^^^^^^^^^^^^^^
  File "/Users/mucbook/miniforge3/lib/python3.12/socket.py", line 720, in readinto
    return self._sock.recv_into(b)
           ^^^^^^^^^^^^^^^^^^^^^^^
  File "/Users/mucbook/miniforge3/lib/python3.12/ssl.py", line 1251, in recv_into
    return self.read(nbytes, buffer)
           ^^^^^^^^^^^^^^^^^^^^^^^^^
  File "/Users/mucbook/miniforge3/lib/python3.12/ssl.py", line 1103, in read
    return self._sslobj.read(len, buffer)
           ^^^^^^^^^^^^^^^^^^^^^^^^^^^^^^
TimeoutError: The read operation timed out

The above exception was the direct cause of the following exception:

Traceback (most recent call last):
  File "/Users/mucbook/miniforge3/lib/python3.12/site-packages/requests/adapters.py", line 667, in send
    resp = conn.urlopen(
           ^^^^^^^^^^^^^
  File "/Users/mucbook/miniforge3/lib/python3.12/site-packages/urllib3/connectionpool.py", line 843, in urlopen
    retries = retries.increment(
              ^^^^^^^^^^^^^^^^^^
  File "/Users/mucbook/miniforge3/lib/python3.12/site-packages/urllib3/util/retry.py", line 474, in increment
    raise reraise(type(error), error, _stacktrace)
          ^^^^^^^^^^^^^^^^^^^^^^^^^^^^^^^^^^^^^^^^
  File "/Users/mucbook/miniforge3/lib/python3.12/site-packages/urllib3/util/util.py", line 39, in reraise
    raise value
  File "/Users/mucbook/miniforge3/lib/python3.12/site-packages/urllib3/connectionpool.py", line 789, in urlopen
    response = self._make_request(
               ^^^^^^^^^^^^^^^^^^^
  File "/Users/mucbook/miniforge3/lib/python3.12/site-packages/urllib3/connectionpool.py", line 538, in _make_request
    self._raise_timeout(err=e, url=url, timeout_value=read_timeout)
  File "/Users/mucbook/miniforge3/lib/python3.12/site-packages/urllib3/connectionpool.py", line 369, in _raise_timeout
    raise ReadTimeoutError(
urllib3.exceptions.ReadTimeoutError: HTTPSConnectionPool(host='api.bybit.com', port=443): Read timed out. (read timeout=10)

During handling of the above exception, another exception occurred:

Traceback (most recent call last):
  File "/Users/mucbook/バシャール/omen_bot/auto_trader.py", line 213, in <module>
    response = session.get_kline(
               ^^^^^^^^^^^^^^^^^^
  File "/Users/mucbook/miniforge3/lib/python3.12/site-packages/pybit/_v5_market.py", line 33, in get_kline
    return self._submit_request(
           ^^^^^^^^^^^^^^^^^^^^^
  File "/Users/mucbook/miniforge3/lib/python3.12/site-packages/pybit/_http_manager.py", line 295, in _submit_request
    raise e
  File "/Users/mucbook/miniforge3/lib/python3.12/site-packages/pybit/_http_manager.py", line 282, in _submit_request
    s = self.client.send(r, timeout=self.timeout)
        ^^^^^^^^^^^^^^^^^^^^^^^^^^^^^^^^^^^^^^^^^
  File "/Users/mucbook/miniforge3/lib/python3.12/site-packages/requests/sessions.py", line 703, in send
    r = adapter.send(request, **kwargs)
        ^^^^^^^^^^^^^^^^^^^^^^^^^^^^^^^
  File "/Users/mucbook/miniforge3/lib/python3.12/site-packages/requests/adapters.py", line 713, in send
    raise ReadTimeout(e, request=request)
requests.exceptions.ReadTimeout: HTTPSConnectionPool(host='api.bybit.com', port=443): Read timed out. (read timeout=10)

2025-11-16 15:24:30,628 - INFO - Discord通知の送信に成功しました。
2025-11-16 15:26:41,368 - ERROR - メインループで予期せぬエラーが発生しました: Traceback (most recent call last):
  File "/Users/mucbook/miniforge3/lib/python3.12/site-packages/urllib3/connectionpool.py", line 536, in _make_request
    response = conn.getresponse()
               ^^^^^^^^^^^^^^^^^^
  File "/Users/mucbook/miniforge3/lib/python3.12/site-packages/urllib3/connection.py", line 507, in getresponse
    httplib_response = super().getresponse()
                       ^^^^^^^^^^^^^^^^^^^^^
  File "/Users/mucbook/miniforge3/lib/python3.12/http/client.py", line 1428, in getresponse
    response.begin()
  File "/Users/mucbook/miniforge3/lib/python3.12/http/client.py", line 331, in begin
    version, status, reason = self._read_status()
                              ^^^^^^^^^^^^^^^^^^^
  File "/Users/mucbook/miniforge3/lib/python3.12/http/client.py", line 292, in _read_status
    line = str(self.fp.readline(_MAXLINE + 1), "iso-8859-1")
               ^^^^^^^^^^^^^^^^^^^^^^^^^^^^^^
  File "/Users/mucbook/miniforge3/lib/python3.12/socket.py", line 720, in readinto
    return self._sock.recv_into(b)
           ^^^^^^^^^^^^^^^^^^^^^^^
  File "/Users/mucbook/miniforge3/lib/python3.12/ssl.py", line 1251, in recv_into
    return self.read(nbytes, buffer)
           ^^^^^^^^^^^^^^^^^^^^^^^^^
  File "/Users/mucbook/miniforge3/lib/python3.12/ssl.py", line 1103, in read
    return self._sslobj.read(len, buffer)
           ^^^^^^^^^^^^^^^^^^^^^^^^^^^^^^
TimeoutError: The read operation timed out

The above exception was the direct cause of the following exception:

Traceback (most recent call last):
  File "/Users/mucbook/miniforge3/lib/python3.12/site-packages/requests/adapters.py", line 667, in send
    resp = conn.urlopen(
           ^^^^^^^^^^^^^
  File "/Users/mucbook/miniforge3/lib/python3.12/site-packages/urllib3/connectionpool.py", line 843, in urlopen
    retries = retries.increment(
              ^^^^^^^^^^^^^^^^^^
  File "/Users/mucbook/miniforge3/lib/python3.12/site-packages/urllib3/util/retry.py", line 474, in increment
    raise reraise(type(error), error, _stacktrace)
          ^^^^^^^^^^^^^^^^^^^^^^^^^^^^^^^^^^^^^^^^
  File "/Users/mucbook/miniforge3/lib/python3.12/site-packages/urllib3/util/util.py", line 39, in reraise
    raise value
  File "/Users/mucbook/miniforge3/lib/python3.12/site-packages/urllib3/connectionpool.py", line 789, in urlopen
    response = self._make_request(
               ^^^^^^^^^^^^^^^^^^^
  File "/Users/mucbook/miniforge3/lib/python3.12/site-packages/urllib3/connectionpool.py", line 538, in _make_request
    self._raise_timeout(err=e, url=url, timeout_value=read_timeout)
  File "/Users/mucbook/miniforge3/lib/python3.12/site-packages/urllib3/connectionpool.py", line 369, in _raise_timeout
    raise ReadTimeoutError(
urllib3.exceptions.ReadTimeoutError: HTTPSConnectionPool(host='api.bybit.com', port=443): Read timed out. (read timeout=10)

During handling of the above exception, another exception occurred:

Traceback (most recent call last):
  File "/Users/mucbook/バシャール/omen_bot/auto_trader.py", line 213, in <module>
    response = session.get_kline(
               ^^^^^^^^^^^^^^^^^^
  File "/Users/mucbook/miniforge3/lib/python3.12/site-packages/pybit/_v5_market.py", line 33, in get_kline
    return self._submit_request(
           ^^^^^^^^^^^^^^^^^^^^^
  File "/Users/mucbook/miniforge3/lib/python3.12/site-packages/pybit/_http_manager.py", line 295, in _submit_request
    raise e
  File "/Users/mucbook/miniforge3/lib/python3.12/site-packages/pybit/_http_manager.py", line 282, in _submit_request
    s = self.client.send(r, timeout=self.timeout)
        ^^^^^^^^^^^^^^^^^^^^^^^^^^^^^^^^^^^^^^^^^
  File "/Users/mucbook/miniforge3/lib/python3.12/site-packages/requests/sessions.py", line 703, in send
    r = adapter.send(request, **kwargs)
        ^^^^^^^^^^^^^^^^^^^^^^^^^^^^^^^
  File "/Users/mucbook/miniforge3/lib/python3.12/site-packages/requests/adapters.py", line 713, in send
    raise ReadTimeout(e, request=request)
requests.exceptions.ReadTimeout: HTTPSConnectionPool(host='api.bybit.com', port=443): Read timed out. (read timeout=10)

2025-11-16 15:27:03,224 - ERROR - Discord通知の送信中にエラーが発生しました: HTTPSConnectionPool(host='discord.com', port=443): Max retries exceeded with url: /api/webhooks/1436537502952329276/EfCLmREsSJDu1_JS1NHYy4TA8FrUSOWDcWdtBSAyaIWZqirCxYwm5208vKOPx0W82tv3 (Caused by SSLError(SSLEOFError(8, '[SSL: UNEXPECTED_EOF_WHILE_READING] EOF occurred in violation of protocol (_ssl.c:1000)')))
2025-11-16 15:28:20,906 - ERROR - メインループで予期せぬエラーが発生しました: Traceback (most recent call last):
  File "/Users/mucbook/miniforge3/lib/python3.12/site-packages/urllib3/connectionpool.py", line 536, in _make_request
    response = conn.getresponse()
               ^^^^^^^^^^^^^^^^^^
  File "/Users/mucbook/miniforge3/lib/python3.12/site-packages/urllib3/connection.py", line 507, in getresponse
    httplib_response = super().getresponse()
                       ^^^^^^^^^^^^^^^^^^^^^
  File "/Users/mucbook/miniforge3/lib/python3.12/http/client.py", line 1428, in getresponse
    response.begin()
  File "/Users/mucbook/miniforge3/lib/python3.12/http/client.py", line 331, in begin
    version, status, reason = self._read_status()
                              ^^^^^^^^^^^^^^^^^^^
  File "/Users/mucbook/miniforge3/lib/python3.12/http/client.py", line 292, in _read_status
    line = str(self.fp.readline(_MAXLINE + 1), "iso-8859-1")
               ^^^^^^^^^^^^^^^^^^^^^^^^^^^^^^
  File "/Users/mucbook/miniforge3/lib/python3.12/socket.py", line 720, in readinto
    return self._sock.recv_into(b)
           ^^^^^^^^^^^^^^^^^^^^^^^
  File "/Users/mucbook/miniforge3/lib/python3.12/ssl.py", line 1251, in recv_into
    return self.read(nbytes, buffer)
           ^^^^^^^^^^^^^^^^^^^^^^^^^
  File "/Users/mucbook/miniforge3/lib/python3.12/ssl.py", line 1103, in read
    return self._sslobj.read(len, buffer)
           ^^^^^^^^^^^^^^^^^^^^^^^^^^^^^^
TimeoutError: The read operation timed out

The above exception was the direct cause of the following exception:

Traceback (most recent call last):
  File "/Users/mucbook/miniforge3/lib/python3.12/site-packages/requests/adapters.py", line 667, in send
    resp = conn.urlopen(
           ^^^^^^^^^^^^^
  File "/Users/mucbook/miniforge3/lib/python3.12/site-packages/urllib3/connectionpool.py", line 843, in urlopen
    retries = retries.increment(
              ^^^^^^^^^^^^^^^^^^
  File "/Users/mucbook/miniforge3/lib/python3.12/site-packages/urllib3/util/retry.py", line 474, in increment
    raise reraise(type(error), error, _stacktrace)
          ^^^^^^^^^^^^^^^^^^^^^^^^^^^^^^^^^^^^^^^^
  File "/Users/mucbook/miniforge3/lib/python3.12/site-packages/urllib3/util/util.py", line 39, in reraise
    raise value
  File "/Users/mucbook/miniforge3/lib/python3.12/site-packages/urllib3/connectionpool.py", line 789, in urlopen
    response = self._make_request(
               ^^^^^^^^^^^^^^^^^^^
  File "/Users/mucbook/miniforge3/lib/python3.12/site-packages/urllib3/connectionpool.py", line 538, in _make_request
    self._raise_timeout(err=e, url=url, timeout_value=read_timeout)
  File "/Users/mucbook/miniforge3/lib/python3.12/site-packages/urllib3/connectionpool.py", line 369, in _raise_timeout
    raise ReadTimeoutError(
urllib3.exceptions.ReadTimeoutError: HTTPSConnectionPool(host='api.bybit.com', port=443): Read timed out. (read timeout=10)

During handling of the above exception, another exception occurred:

Traceback (most recent call last):
  File "/Users/mucbook/バシャール/omen_bot/auto_trader.py", line 213, in <module>
    response = session.get_kline(
               ^^^^^^^^^^^^^^^^^^
  File "/Users/mucbook/miniforge3/lib/python3.12/site-packages/pybit/_v5_market.py", line 33, in get_kline
    return self._submit_request(
           ^^^^^^^^^^^^^^^^^^^^^
  File "/Users/mucbook/miniforge3/lib/python3.12/site-packages/pybit/_http_manager.py", line 295, in _submit_request
    raise e
  File "/Users/mucbook/miniforge3/lib/python3.12/site-packages/pybit/_http_manager.py", line 282, in _submit_request
    s = self.client.send(r, timeout=self.timeout)
        ^^^^^^^^^^^^^^^^^^^^^^^^^^^^^^^^^^^^^^^^^
  File "/Users/mucbook/miniforge3/lib/python3.12/site-packages/requests/sessions.py", line 703, in send
    r = adapter.send(request, **kwargs)
        ^^^^^^^^^^^^^^^^^^^^^^^^^^^^^^^
  File "/Users/mucbook/miniforge3/lib/python3.12/site-packages/requests/adapters.py", line 713, in send
    raise ReadTimeout(e, request=request)
requests.exceptions.ReadTimeout: HTTPSConnectionPool(host='api.bybit.com', port=443): Read timed out. (read timeout=10)

2025-11-16 15:29:12,988 - ERROR - Discord通知の送信中にエラーが発生しました: HTTPSConnectionPool(host='discord.com', port=443): Max retries exceeded with url: /api/webhooks/1436537502952329276/EfCLmREsSJDu1_JS1NHYy4TA8FrUSOWDcWdtBSAyaIWZqirCxYwm5208vKOPx0W82tv3 (Caused by SSLError(SSLEOFError(8, '[SSL: UNEXPECTED_EOF_WHILE_READING] EOF occurred in violation of protocol (_ssl.c:1000)')))
2025-11-16 15:31:23,025 - ERROR - メインループで予期せぬエラーが発生しました: Traceback (most recent call last):
  File "/Users/mucbook/miniforge3/lib/python3.12/site-packages/urllib3/connection.py", line 199, in _new_conn
    sock = connection.create_connection(
           ^^^^^^^^^^^^^^^^^^^^^^^^^^^^^
  File "/Users/mucbook/miniforge3/lib/python3.12/site-packages/urllib3/util/connection.py", line 85, in create_connection
    raise err
  File "/Users/mucbook/miniforge3/lib/python3.12/site-packages/urllib3/util/connection.py", line 73, in create_connection
    sock.connect(sa)
TimeoutError: timed out

The above exception was the direct cause of the following exception:

Traceback (most recent call last):
  File "/Users/mucbook/miniforge3/lib/python3.12/site-packages/urllib3/connectionpool.py", line 789, in urlopen
    response = self._make_request(
               ^^^^^^^^^^^^^^^^^^^
  File "/Users/mucbook/miniforge3/lib/python3.12/site-packages/urllib3/connectionpool.py", line 490, in _make_request
    raise new_e
  File "/Users/mucbook/miniforge3/lib/python3.12/site-packages/urllib3/connectionpool.py", line 466, in _make_request
    self._validate_conn(conn)
  File "/Users/mucbook/miniforge3/lib/python3.12/site-packages/urllib3/connectionpool.py", line 1095, in _validate_conn
    conn.connect()
  File "/Users/mucbook/miniforge3/lib/python3.12/site-packages/urllib3/connection.py", line 693, in connect
    self.sock = sock = self._new_conn()
                       ^^^^^^^^^^^^^^^^
  File "/Users/mucbook/miniforge3/lib/python3.12/site-packages/urllib3/connection.py", line 208, in _new_conn
    raise ConnectTimeoutError(
urllib3.exceptions.ConnectTimeoutError: (<urllib3.connection.HTTPSConnection object at 0x108d3e5d0>, 'Connection to api.bybit.com timed out. (connect timeout=10)')

The above exception was the direct cause of the following exception:

Traceback (most recent call last):
  File "/Users/mucbook/miniforge3/lib/python3.12/site-packages/requests/adapters.py", line 667, in send
    resp = conn.urlopen(
           ^^^^^^^^^^^^^
  File "/Users/mucbook/miniforge3/lib/python3.12/site-packages/urllib3/connectionpool.py", line 843, in urlopen
    retries = retries.increment(
              ^^^^^^^^^^^^^^^^^^
  File "/Users/mucbook/miniforge3/lib/python3.12/site-packages/urllib3/util/retry.py", line 519, in increment
    raise MaxRetryError(_pool, url, reason) from reason  # type: ignore[arg-type]
    ^^^^^^^^^^^^^^^^^^^^^^^^^^^^^^^^^^^^^^^^^^^^^^^^^^^
urllib3.exceptions.MaxRetryError: HTTPSConnectionPool(host='api.bybit.com', port=443): Max retries exceeded with url: /v5/market/kline?category=spot&interval=60&limit=30&symbol=BTCUSDT (Caused by ConnectTimeoutError(<urllib3.connection.HTTPSConnection object at 0x108d3e5d0>, 'Connection to api.bybit.com timed out. (connect timeout=10)'))

During handling of the above exception, another exception occurred:

Traceback (most recent call last):
  File "/Users/mucbook/バシャール/omen_bot/auto_trader.py", line 213, in <module>
    response = session.get_kline(
               ^^^^^^^^^^^^^^^^^^
  File "/Users/mucbook/miniforge3/lib/python3.12/site-packages/pybit/_v5_market.py", line 33, in get_kline
    return self._submit_request(
           ^^^^^^^^^^^^^^^^^^^^^
  File "/Users/mucbook/miniforge3/lib/python3.12/site-packages/pybit/_http_manager.py", line 295, in _submit_request
    raise e
  File "/Users/mucbook/miniforge3/lib/python3.12/site-packages/pybit/_http_manager.py", line 282, in _submit_request
    s = self.client.send(r, timeout=self.timeout)
        ^^^^^^^^^^^^^^^^^^^^^^^^^^^^^^^^^^^^^^^^^
  File "/Users/mucbook/miniforge3/lib/python3.12/site-packages/requests/sessions.py", line 703, in send
    r = adapter.send(request, **kwargs)
        ^^^^^^^^^^^^^^^^^^^^^^^^^^^^^^^
  File "/Users/mucbook/miniforge3/lib/python3.12/site-packages/requests/adapters.py", line 688, in send
    raise ConnectTimeout(e, request=request)
requests.exceptions.ConnectTimeout: HTTPSConnectionPool(host='api.bybit.com', port=443): Max retries exceeded with url: /v5/market/kline?category=spot&interval=60&limit=30&symbol=BTCUSDT (Caused by ConnectTimeoutError(<urllib3.connection.HTTPSConnection object at 0x108d3e5d0>, 'Connection to api.bybit.com timed out. (connect timeout=10)'))

2025-11-16 15:31:53,030 - ERROR - Discord通知の送信中にエラーが発生しました: HTTPSConnectionPool(host='discord.com', port=443): Max retries exceeded with url: /api/webhooks/1436537502952329276/EfCLmREsSJDu1_JS1NHYy4TA8FrUSOWDcWdtBSAyaIWZqirCxYwm5208vKOPx0W82tv3 (Caused by NameResolutionError("<urllib3.connection.HTTPSConnection object at 0x108d3c110>: Failed to resolve 'discord.com' ([Errno 8] nodename nor servname provided, or not known)"))
2025-11-16 15:33:23,044 - ERROR - メインループで予期せぬエラーが発生しました: Traceback (most recent call last):
  File "/Users/mucbook/miniforge3/lib/python3.12/site-packages/urllib3/connection.py", line 199, in _new_conn
    sock = connection.create_connection(
           ^^^^^^^^^^^^^^^^^^^^^^^^^^^^^
  File "/Users/mucbook/miniforge3/lib/python3.12/site-packages/urllib3/util/connection.py", line 60, in create_connection
    for res in socket.getaddrinfo(host, port, family, socket.SOCK_STREAM):
               ^^^^^^^^^^^^^^^^^^^^^^^^^^^^^^^^^^^^^^^^^^^^^^^^^^^^^^^^^^
  File "/Users/mucbook/miniforge3/lib/python3.12/socket.py", line 976, in getaddrinfo
    for res in _socket.getaddrinfo(host, port, family, type, proto, flags):
               ^^^^^^^^^^^^^^^^^^^^^^^^^^^^^^^^^^^^^^^^^^^^^^^^^^^^^^^^^^^
socket.gaierror: [Errno 8] nodename nor servname provided, or not known

The above exception was the direct cause of the following exception:

Traceback (most recent call last):
  File "/Users/mucbook/miniforge3/lib/python3.12/site-packages/urllib3/connectionpool.py", line 789, in urlopen
    response = self._make_request(
               ^^^^^^^^^^^^^^^^^^^
  File "/Users/mucbook/miniforge3/lib/python3.12/site-packages/urllib3/connectionpool.py", line 490, in _make_request
    raise new_e
  File "/Users/mucbook/miniforge3/lib/python3.12/site-packages/urllib3/connectionpool.py", line 466, in _make_request
    self._validate_conn(conn)
  File "/Users/mucbook/miniforge3/lib/python3.12/site-packages/urllib3/connectionpool.py", line 1095, in _validate_conn
    conn.connect()
  File "/Users/mucbook/miniforge3/lib/python3.12/site-packages/urllib3/connection.py", line 693, in connect
    self.sock = sock = self._new_conn()
                       ^^^^^^^^^^^^^^^^
  File "/Users/mucbook/miniforge3/lib/python3.12/site-packages/urllib3/connection.py", line 206, in _new_conn
    raise NameResolutionError(self.host, self, e) from e
urllib3.exceptions.NameResolutionError: <urllib3.connection.HTTPSConnection object at 0x108d3d610>: Failed to resolve 'api.bybit.com' ([Errno 8] nodename nor servname provided, or not known)

The above exception was the direct cause of the following exception:

Traceback (most recent call last):
  File "/Users/mucbook/miniforge3/lib/python3.12/site-packages/requests/adapters.py", line 667, in send
    resp = conn.urlopen(
           ^^^^^^^^^^^^^
  File "/Users/mucbook/miniforge3/lib/python3.12/site-packages/urllib3/connectionpool.py", line 843, in urlopen
    retries = retries.increment(
              ^^^^^^^^^^^^^^^^^^
  File "/Users/mucbook/miniforge3/lib/python3.12/site-packages/urllib3/util/retry.py", line 519, in increment
    raise MaxRetryError(_pool, url, reason) from reason  # type: ignore[arg-type]
    ^^^^^^^^^^^^^^^^^^^^^^^^^^^^^^^^^^^^^^^^^^^^^^^^^^^
urllib3.exceptions.MaxRetryError: HTTPSConnectionPool(host='api.bybit.com', port=443): Max retries exceeded with url: /v5/market/kline?category=spot&interval=60&limit=30&symbol=BTCUSDT (Caused by NameResolutionError("<urllib3.connection.HTTPSConnection object at 0x108d3d610>: Failed to resolve 'api.bybit.com' ([Errno 8] nodename nor servname provided, or not known)"))

During handling of the above exception, another exception occurred:

Traceback (most recent call last):
  File "/Users/mucbook/バシャール/omen_bot/auto_trader.py", line 213, in <module>
    response = session.get_kline(
               ^^^^^^^^^^^^^^^^^^
  File "/Users/mucbook/miniforge3/lib/python3.12/site-packages/pybit/_v5_market.py", line 33, in get_kline
    return self._submit_request(
           ^^^^^^^^^^^^^^^^^^^^^
  File "/Users/mucbook/miniforge3/lib/python3.12/site-packages/pybit/_http_manager.py", line 295, in _submit_request
    raise e
  File "/Users/mucbook/miniforge3/lib/python3.12/site-packages/pybit/_http_manager.py", line 282, in _submit_request
    s = self.client.send(r, timeout=self.timeout)
        ^^^^^^^^^^^^^^^^^^^^^^^^^^^^^^^^^^^^^^^^^
  File "/Users/mucbook/miniforge3/lib/python3.12/site-packages/requests/sessions.py", line 703, in send
    r = adapter.send(request, **kwargs)
        ^^^^^^^^^^^^^^^^^^^^^^^^^^^^^^^
  File "/Users/mucbook/miniforge3/lib/python3.12/site-packages/requests/adapters.py", line 700, in send
    raise ConnectionError(e, request=request)
requests.exceptions.ConnectionError: HTTPSConnectionPool(host='api.bybit.com', port=443): Max retries exceeded with url: /v5/market/kline?category=spot&interval=60&limit=30&symbol=BTCUSDT (Caused by NameResolutionError("<urllib3.connection.HTTPSConnection object at 0x108d3d610>: Failed to resolve 'api.bybit.com' ([Errno 8] nodename nor servname provided, or not known)"))

2025-11-16 15:33:24,152 - ERROR - Discord通知の送信中にエラーが発生しました: HTTPSConnectionPool(host='discord.com', port=443): Max retries exceeded with url: /api/webhooks/1436537502952329276/EfCLmREsSJDu1_JS1NHYy4TA8FrUSOWDcWdtBSAyaIWZqirCxYwm5208vKOPx0W82tv3 (Caused by NameResolutionError("<urllib3.connection.HTTPSConnection object at 0x107f1f080>: Failed to resolve 'discord.com' ([Errno 8] nodename nor servname provided, or not known)"))
2025-11-16 16:00:29,807 - INFO - 新しいローソク足 2025-11-16 07:00:00 が確定しました。分析を開始します。
2025-11-16 16:00:29,993 - ERROR - USDTの残高取得中に予期せぬエラーが発生しました: Unmatched IP, please check your API key's bound IP addresses. (ErrCode: 10010) (ErrTime: 07:00:29).
Request → GET https://api.bybit.com/v5/account/wallet-balance: accountType=UNIFIED&coin=USDT.
2025-11-16 16:00:30,121 - ERROR - BTCの残高取得中に予期せぬエラーが発生しました: Unmatched IP, please check your API key's bound IP addresses. (ErrCode: 10010) (ErrTime: 07:00:30).
Request → GET https://api.bybit.com/v5/account/wallet-balance: accountType=UNIFIED&coin=BTC.
2025-11-16 16:31:45,333 - ERROR - メインループで予期せぬエラーが発生しました: Traceback (most recent call last):
  File "/Users/mucbook/miniforge3/lib/python3.12/site-packages/urllib3/connectionpool.py", line 789, in urlopen
    response = self._make_request(
               ^^^^^^^^^^^^^^^^^^^
  File "/Users/mucbook/miniforge3/lib/python3.12/site-packages/urllib3/connectionpool.py", line 536, in _make_request
    response = conn.getresponse()
               ^^^^^^^^^^^^^^^^^^
  File "/Users/mucbook/miniforge3/lib/python3.12/site-packages/urllib3/connection.py", line 507, in getresponse
    httplib_response = super().getresponse()
                       ^^^^^^^^^^^^^^^^^^^^^
  File "/Users/mucbook/miniforge3/lib/python3.12/http/client.py", line 1428, in getresponse
    response.begin()
  File "/Users/mucbook/miniforge3/lib/python3.12/http/client.py", line 331, in begin
    version, status, reason = self._read_status()
                              ^^^^^^^^^^^^^^^^^^^
  File "/Users/mucbook/miniforge3/lib/python3.12/http/client.py", line 300, in _read_status
    raise RemoteDisconnected("Remote end closed connection without"
http.client.RemoteDisconnected: Remote end closed connection without response

During handling of the above exception, another exception occurred:

Traceback (most recent call last):
  File "/Users/mucbook/miniforge3/lib/python3.12/site-packages/requests/adapters.py", line 667, in send
    resp = conn.urlopen(
           ^^^^^^^^^^^^^
  File "/Users/mucbook/miniforge3/lib/python3.12/site-packages/urllib3/connectionpool.py", line 843, in urlopen
    retries = retries.increment(
              ^^^^^^^^^^^^^^^^^^
  File "/Users/mucbook/miniforge3/lib/python3.12/site-packages/urllib3/util/retry.py", line 474, in increment
    raise reraise(type(error), error, _stacktrace)
          ^^^^^^^^^^^^^^^^^^^^^^^^^^^^^^^^^^^^^^^^
  File "/Users/mucbook/miniforge3/lib/python3.12/site-packages/urllib3/util/util.py", line 38, in reraise
    raise value.with_traceback(tb)
  File "/Users/mucbook/miniforge3/lib/python3.12/site-packages/urllib3/connectionpool.py", line 789, in urlopen
    response = self._make_request(
               ^^^^^^^^^^^^^^^^^^^
  File "/Users/mucbook/miniforge3/lib/python3.12/site-packages/urllib3/connectionpool.py", line 536, in _make_request
    response = conn.getresponse()
               ^^^^^^^^^^^^^^^^^^
  File "/Users/mucbook/miniforge3/lib/python3.12/site-packages/urllib3/connection.py", line 507, in getresponse
    httplib_response = super().getresponse()
                       ^^^^^^^^^^^^^^^^^^^^^
  File "/Users/mucbook/miniforge3/lib/python3.12/http/client.py", line 1428, in getresponse
    response.begin()
  File "/Users/mucbook/miniforge3/lib/python3.12/http/client.py", line 331, in begin
    version, status, reason = self._read_status()
                              ^^^^^^^^^^^^^^^^^^^
  File "/Users/mucbook/miniforge3/lib/python3.12/http/client.py", line 300, in _read_status
    raise RemoteDisconnected("Remote end closed connection without"
urllib3.exceptions.ProtocolError: ('Connection aborted.', RemoteDisconnected('Remote end closed connection without response'))

During handling of the above exception, another exception occurred:

Traceback (most recent call last):
  File "/Users/mucbook/バシャール/omen_bot/auto_trader.py", line 213, in <module>
    response = session.get_kline(
               ^^^^^^^^^^^^^^^^^^
  File "/Users/mucbook/miniforge3/lib/python3.12/site-packages/pybit/_v5_market.py", line 33, in get_kline
    return self._submit_request(
           ^^^^^^^^^^^^^^^^^^^^^
  File "/Users/mucbook/miniforge3/lib/python3.12/site-packages/pybit/_http_manager.py", line 295, in _submit_request
    raise e
  File "/Users/mucbook/miniforge3/lib/python3.12/site-packages/pybit/_http_manager.py", line 282, in _submit_request
    s = self.client.send(r, timeout=self.timeout)
        ^^^^^^^^^^^^^^^^^^^^^^^^^^^^^^^^^^^^^^^^^
  File "/Users/mucbook/miniforge3/lib/python3.12/site-packages/requests/sessions.py", line 703, in send
    r = adapter.send(request, **kwargs)
        ^^^^^^^^^^^^^^^^^^^^^^^^^^^^^^^
  File "/Users/mucbook/miniforge3/lib/python3.12/site-packages/requests/adapters.py", line 682, in send
    raise ConnectionError(err, request=request)
requests.exceptions.ConnectionError: ('Connection aborted.', RemoteDisconnected('Remote end closed connection without response'))

2025-11-16 16:31:46,205 - INFO - Discord通知の送信に成功しました。
2025-11-16 16:47:59,952 - ERROR - メインループで予期せぬエラーが発生しました: Traceback (most recent call last):
  File "/Users/mucbook/miniforge3/lib/python3.12/site-packages/urllib3/connectionpool.py", line 536, in _make_request
    response = conn.getresponse()
               ^^^^^^^^^^^^^^^^^^
  File "/Users/mucbook/miniforge3/lib/python3.12/site-packages/urllib3/connection.py", line 507, in getresponse
    httplib_response = super().getresponse()
                       ^^^^^^^^^^^^^^^^^^^^^
  File "/Users/mucbook/miniforge3/lib/python3.12/http/client.py", line 1428, in getresponse
    response.begin()
  File "/Users/mucbook/miniforge3/lib/python3.12/http/client.py", line 331, in begin
    version, status, reason = self._read_status()
                              ^^^^^^^^^^^^^^^^^^^
  File "/Users/mucbook/miniforge3/lib/python3.12/http/client.py", line 292, in _read_status
    line = str(self.fp.readline(_MAXLINE + 1), "iso-8859-1")
               ^^^^^^^^^^^^^^^^^^^^^^^^^^^^^^
  File "/Users/mucbook/miniforge3/lib/python3.12/socket.py", line 720, in readinto
    return self._sock.recv_into(b)
           ^^^^^^^^^^^^^^^^^^^^^^^
  File "/Users/mucbook/miniforge3/lib/python3.12/ssl.py", line 1251, in recv_into
    return self.read(nbytes, buffer)
           ^^^^^^^^^^^^^^^^^^^^^^^^^
  File "/Users/mucbook/miniforge3/lib/python3.12/ssl.py", line 1103, in read
    return self._sslobj.read(len, buffer)
           ^^^^^^^^^^^^^^^^^^^^^^^^^^^^^^
TimeoutError: The read operation timed out

The above exception was the direct cause of the following exception:

Traceback (most recent call last):
  File "/Users/mucbook/miniforge3/lib/python3.12/site-packages/requests/adapters.py", line 667, in send
    resp = conn.urlopen(
           ^^^^^^^^^^^^^
  File "/Users/mucbook/miniforge3/lib/python3.12/site-packages/urllib3/connectionpool.py", line 843, in urlopen
    retries = retries.increment(
              ^^^^^^^^^^^^^^^^^^
  File "/Users/mucbook/miniforge3/lib/python3.12/site-packages/urllib3/util/retry.py", line 474, in increment
    raise reraise(type(error), error, _stacktrace)
          ^^^^^^^^^^^^^^^^^^^^^^^^^^^^^^^^^^^^^^^^
  File "/Users/mucbook/miniforge3/lib/python3.12/site-packages/urllib3/util/util.py", line 39, in reraise
    raise value
  File "/Users/mucbook/miniforge3/lib/python3.12/site-packages/urllib3/connectionpool.py", line 789, in urlopen
    response = self._make_request(
               ^^^^^^^^^^^^^^^^^^^
  File "/Users/mucbook/miniforge3/lib/python3.12/site-packages/urllib3/connectionpool.py", line 538, in _make_request
    self._raise_timeout(err=e, url=url, timeout_value=read_timeout)
  File "/Users/mucbook/miniforge3/lib/python3.12/site-packages/urllib3/connectionpool.py", line 369, in _raise_timeout
    raise ReadTimeoutError(
urllib3.exceptions.ReadTimeoutError: HTTPSConnectionPool(host='api.bybit.com', port=443): Read timed out. (read timeout=10)

During handling of the above exception, another exception occurred:

Traceback (most recent call last):
  File "/Users/mucbook/バシャール/omen_bot/auto_trader.py", line 213, in <module>
    response = session.get_kline(
               ^^^^^^^^^^^^^^^^^^
  File "/Users/mucbook/miniforge3/lib/python3.12/site-packages/pybit/_v5_market.py", line 33, in get_kline
    return self._submit_request(
           ^^^^^^^^^^^^^^^^^^^^^
  File "/Users/mucbook/miniforge3/lib/python3.12/site-packages/pybit/_http_manager.py", line 295, in _submit_request
    raise e
  File "/Users/mucbook/miniforge3/lib/python3.12/site-packages/pybit/_http_manager.py", line 282, in _submit_request
    s = self.client.send(r, timeout=self.timeout)
        ^^^^^^^^^^^^^^^^^^^^^^^^^^^^^^^^^^^^^^^^^
  File "/Users/mucbook/miniforge3/lib/python3.12/site-packages/requests/sessions.py", line 703, in send
    r = adapter.send(request, **kwargs)
        ^^^^^^^^^^^^^^^^^^^^^^^^^^^^^^^
  File "/Users/mucbook/miniforge3/lib/python3.12/site-packages/requests/adapters.py", line 713, in send
    raise ReadTimeout(e, request=request)
requests.exceptions.ReadTimeout: HTTPSConnectionPool(host='api.bybit.com', port=443): Read timed out. (read timeout=10)

2025-11-16 16:48:01,038 - INFO - Discord通知の送信に成功しました。
2025-11-16 17:11:30,983 - ERROR - メインループで予期せぬエラーが発生しました: Traceback (most recent call last):
  File "/Users/mucbook/miniforge3/lib/python3.12/site-packages/urllib3/connectionpool.py", line 536, in _make_request
    response = conn.getresponse()
               ^^^^^^^^^^^^^^^^^^
  File "/Users/mucbook/miniforge3/lib/python3.12/site-packages/urllib3/connection.py", line 507, in getresponse
    httplib_response = super().getresponse()
                       ^^^^^^^^^^^^^^^^^^^^^
  File "/Users/mucbook/miniforge3/lib/python3.12/http/client.py", line 1428, in getresponse
    response.begin()
  File "/Users/mucbook/miniforge3/lib/python3.12/http/client.py", line 331, in begin
    version, status, reason = self._read_status()
                              ^^^^^^^^^^^^^^^^^^^
  File "/Users/mucbook/miniforge3/lib/python3.12/http/client.py", line 292, in _read_status
    line = str(self.fp.readline(_MAXLINE + 1), "iso-8859-1")
               ^^^^^^^^^^^^^^^^^^^^^^^^^^^^^^
  File "/Users/mucbook/miniforge3/lib/python3.12/socket.py", line 720, in readinto
    return self._sock.recv_into(b)
           ^^^^^^^^^^^^^^^^^^^^^^^
  File "/Users/mucbook/miniforge3/lib/python3.12/ssl.py", line 1251, in recv_into
    return self.read(nbytes, buffer)
           ^^^^^^^^^^^^^^^^^^^^^^^^^
  File "/Users/mucbook/miniforge3/lib/python3.12/ssl.py", line 1103, in read
    return self._sslobj.read(len, buffer)
           ^^^^^^^^^^^^^^^^^^^^^^^^^^^^^^
TimeoutError: The read operation timed out

The above exception was the direct cause of the following exception:

Traceback (most recent call last):
  File "/Users/mucbook/miniforge3/lib/python3.12/site-packages/requests/adapters.py", line 667, in send
    resp = conn.urlopen(
           ^^^^^^^^^^^^^
  File "/Users/mucbook/miniforge3/lib/python3.12/site-packages/urllib3/connectionpool.py", line 843, in urlopen
    retries = retries.increment(
              ^^^^^^^^^^^^^^^^^^
  File "/Users/mucbook/miniforge3/lib/python3.12/site-packages/urllib3/util/retry.py", line 474, in increment
    raise reraise(type(error), error, _stacktrace)
          ^^^^^^^^^^^^^^^^^^^^^^^^^^^^^^^^^^^^^^^^
  File "/Users/mucbook/miniforge3/lib/python3.12/site-packages/urllib3/util/util.py", line 39, in reraise
    raise value
  File "/Users/mucbook/miniforge3/lib/python3.12/site-packages/urllib3/connectionpool.py", line 789, in urlopen
    response = self._make_request(
               ^^^^^^^^^^^^^^^^^^^
  File "/Users/mucbook/miniforge3/lib/python3.12/site-packages/urllib3/connectionpool.py", line 538, in _make_request
    self._raise_timeout(err=e, url=url, timeout_value=read_timeout)
  File "/Users/mucbook/miniforge3/lib/python3.12/site-packages/urllib3/connectionpool.py", line 369, in _raise_timeout
    raise ReadTimeoutError(
urllib3.exceptions.ReadTimeoutError: HTTPSConnectionPool(host='api.bybit.com', port=443): Read timed out. (read timeout=10)

During handling of the above exception, another exception occurred:

Traceback (most recent call last):
  File "/Users/mucbook/バシャール/omen_bot/auto_trader.py", line 213, in <module>
    response = session.get_kline(
               ^^^^^^^^^^^^^^^^^^
  File "/Users/mucbook/miniforge3/lib/python3.12/site-packages/pybit/_v5_market.py", line 33, in get_kline
    return self._submit_request(
           ^^^^^^^^^^^^^^^^^^^^^
  File "/Users/mucbook/miniforge3/lib/python3.12/site-packages/pybit/_http_manager.py", line 295, in _submit_request
    raise e
  File "/Users/mucbook/miniforge3/lib/python3.12/site-packages/pybit/_http_manager.py", line 282, in _submit_request
    s = self.client.send(r, timeout=self.timeout)
        ^^^^^^^^^^^^^^^^^^^^^^^^^^^^^^^^^^^^^^^^^
  File "/Users/mucbook/miniforge3/lib/python3.12/site-packages/requests/sessions.py", line 703, in send
    r = adapter.send(request, **kwargs)
        ^^^^^^^^^^^^^^^^^^^^^^^^^^^^^^^
  File "/Users/mucbook/miniforge3/lib/python3.12/site-packages/requests/adapters.py", line 713, in send
    raise ReadTimeout(e, request=request)
requests.exceptions.ReadTimeout: HTTPSConnectionPool(host='api.bybit.com', port=443): Read timed out. (read timeout=10)

2025-11-16 17:11:31,970 - INFO - Discord通知の送信に成功しました。
2025-11-16 17:43:13,032 - INFO - 新しいローソク足 2025-11-16 08:00:00 が確定しました。分析を開始します。
2025-11-16 17:43:13,140 - ERROR - USDTの残高取得中に予期せぬエラーが発生しました: could not convert string to float: ''
2025-11-16 17:43:13,466 - ERROR - BTCの残高取得中に予期せぬエラーが発生しました: could not convert string to float: ''
2025-11-16 17:44:23,504 - ERROR - メインループで予期せぬエラーが発生しました: Traceback (most recent call last):
  File "/Users/mucbook/miniforge3/lib/python3.12/site-packages/urllib3/connectionpool.py", line 536, in _make_request
    response = conn.getresponse()
               ^^^^^^^^^^^^^^^^^^
  File "/Users/mucbook/miniforge3/lib/python3.12/site-packages/urllib3/connection.py", line 507, in getresponse
    httplib_response = super().getresponse()
                       ^^^^^^^^^^^^^^^^^^^^^
  File "/Users/mucbook/miniforge3/lib/python3.12/http/client.py", line 1428, in getresponse
    response.begin()
  File "/Users/mucbook/miniforge3/lib/python3.12/http/client.py", line 331, in begin
    version, status, reason = self._read_status()
                              ^^^^^^^^^^^^^^^^^^^
  File "/Users/mucbook/miniforge3/lib/python3.12/http/client.py", line 292, in _read_status
    line = str(self.fp.readline(_MAXLINE + 1), "iso-8859-1")
               ^^^^^^^^^^^^^^^^^^^^^^^^^^^^^^
  File "/Users/mucbook/miniforge3/lib/python3.12/socket.py", line 720, in readinto
    return self._sock.recv_into(b)
           ^^^^^^^^^^^^^^^^^^^^^^^
  File "/Users/mucbook/miniforge3/lib/python3.12/ssl.py", line 1251, in recv_into
    return self.read(nbytes, buffer)
           ^^^^^^^^^^^^^^^^^^^^^^^^^
  File "/Users/mucbook/miniforge3/lib/python3.12/ssl.py", line 1103, in read
    return self._sslobj.read(len, buffer)
           ^^^^^^^^^^^^^^^^^^^^^^^^^^^^^^
TimeoutError: The read operation timed out

The above exception was the direct cause of the following exception:

Traceback (most recent call last):
  File "/Users/mucbook/miniforge3/lib/python3.12/site-packages/requests/adapters.py", line 667, in send
    resp = conn.urlopen(
           ^^^^^^^^^^^^^
  File "/Users/mucbook/miniforge3/lib/python3.12/site-packages/urllib3/connectionpool.py", line 843, in urlopen
    retries = retries.increment(
              ^^^^^^^^^^^^^^^^^^
  File "/Users/mucbook/miniforge3/lib/python3.12/site-packages/urllib3/util/retry.py", line 474, in increment
    raise reraise(type(error), error, _stacktrace)
          ^^^^^^^^^^^^^^^^^^^^^^^^^^^^^^^^^^^^^^^^
  File "/Users/mucbook/miniforge3/lib/python3.12/site-packages/urllib3/util/util.py", line 39, in reraise
    raise value
  File "/Users/mucbook/miniforge3/lib/python3.12/site-packages/urllib3/connectionpool.py", line 789, in urlopen
    response = self._make_request(
               ^^^^^^^^^^^^^^^^^^^
  File "/Users/mucbook/miniforge3/lib/python3.12/site-packages/urllib3/connectionpool.py", line 538, in _make_request
    self._raise_timeout(err=e, url=url, timeout_value=read_timeout)
  File "/Users/mucbook/miniforge3/lib/python3.12/site-packages/urllib3/connectionpool.py", line 369, in _raise_timeout
    raise ReadTimeoutError(
urllib3.exceptions.ReadTimeoutError: HTTPSConnectionPool(host='api.bybit.com', port=443): Read timed out. (read timeout=10)

During handling of the above exception, another exception occurred:

Traceback (most recent call last):
  File "/Users/mucbook/バシャール/omen_bot/auto_trader.py", line 213, in <module>
    response = session.get_kline(
               ^^^^^^^^^^^^^^^^^^
  File "/Users/mucbook/miniforge3/lib/python3.12/site-packages/pybit/_v5_market.py", line 33, in get_kline
    return self._submit_request(
           ^^^^^^^^^^^^^^^^^^^^^
  File "/Users/mucbook/miniforge3/lib/python3.12/site-packages/pybit/_http_manager.py", line 295, in _submit_request
    raise e
  File "/Users/mucbook/miniforge3/lib/python3.12/site-packages/pybit/_http_manager.py", line 282, in _submit_request
    s = self.client.send(r, timeout=self.timeout)
        ^^^^^^^^^^^^^^^^^^^^^^^^^^^^^^^^^^^^^^^^^
  File "/Users/mucbook/miniforge3/lib/python3.12/site-packages/requests/sessions.py", line 703, in send
    r = adapter.send(request, **kwargs)
        ^^^^^^^^^^^^^^^^^^^^^^^^^^^^^^^
  File "/Users/mucbook/miniforge3/lib/python3.12/site-packages/requests/adapters.py", line 713, in send
    raise ReadTimeout(e, request=request)
requests.exceptions.ReadTimeout: HTTPSConnectionPool(host='api.bybit.com', port=443): Read timed out. (read timeout=10)

2025-11-16 17:44:23,975 - INFO - Discord通知の送信に成功しました。
2025-11-16 18:00:26,266 - INFO - 新しいローソク足 2025-11-16 09:00:00 が確定しました。分析を開始します。
2025-11-16 18:00:26,388 - ERROR - USDTの残高取得中に予期せぬエラーが発生しました: could not convert string to float: ''
2025-11-16 18:00:26,501 - ERROR - BTCの残高取得中に予期せぬエラーが発生しました: could not convert string to float: ''
2025-11-16 19:00:34,402 - INFO - 新しいローソク足 2025-11-16 10:00:00 が確定しました。分析を開始します。
2025-11-16 19:00:34,566 - ERROR - USDTの残高取得中に予期せぬエラーが発生しました: could not convert string to float: ''
2025-11-16 19:00:34,734 - ERROR - BTCの残高取得中に予期せぬエラーが発生しました: could not convert string to float: ''
2025-11-16 20:00:43,841 - INFO - 新しいローソク足 2025-11-16 11:00:00 が確定しました。分析を開始します。
2025-11-16 20:00:43,944 - ERROR - USDTの残高取得中に予期せぬエラーが発生しました: could not convert string to float: ''
2025-11-16 20:00:44,054 - ERROR - BTCの残高取得中に予期せぬエラーが発生しました: could not convert string to float: ''
2025-11-16 21:00:51,712 - INFO - 新しいローソク足 2025-11-16 12:00:00 が確定しました。分析を開始します。
2025-11-16 21:00:51,815 - ERROR - USDTの残高取得中に予期せぬエラーが発生しました: could not convert string to float: ''
2025-11-16 21:00:52,047 - ERROR - BTCの残高取得中に予期せぬエラーが発生しました: could not convert string to float: ''
2025-11-16 22:00:04,348 - INFO - 新しいローソク足 2025-11-16 13:00:00 が確定しました。分析を開始します。
2025-11-16 22:00:04,447 - ERROR - USDTの残高取得中に予期せぬエラーが発生しました: could not convert string to float: ''
2025-11-16 22:00:05,519 - ERROR - BTCの残高取得中に予期せぬエラーが発生しました: could not convert string to float: ''
2025-11-16 22:33:21,555 - ERROR - メインループで予期せぬエラーが発生しました: Traceback (most recent call last):
  File "/Users/mucbook/miniforge3/lib/python3.12/site-packages/urllib3/connectionpool.py", line 536, in _make_request
    response = conn.getresponse()
               ^^^^^^^^^^^^^^^^^^
  File "/Users/mucbook/miniforge3/lib/python3.12/site-packages/urllib3/connection.py", line 507, in getresponse
    httplib_response = super().getresponse()
                       ^^^^^^^^^^^^^^^^^^^^^
  File "/Users/mucbook/miniforge3/lib/python3.12/http/client.py", line 1428, in getresponse
    response.begin()
  File "/Users/mucbook/miniforge3/lib/python3.12/http/client.py", line 331, in begin
    version, status, reason = self._read_status()
                              ^^^^^^^^^^^^^^^^^^^
  File "/Users/mucbook/miniforge3/lib/python3.12/http/client.py", line 292, in _read_status
    line = str(self.fp.readline(_MAXLINE + 1), "iso-8859-1")
               ^^^^^^^^^^^^^^^^^^^^^^^^^^^^^^
  File "/Users/mucbook/miniforge3/lib/python3.12/socket.py", line 720, in readinto
    return self._sock.recv_into(b)
           ^^^^^^^^^^^^^^^^^^^^^^^
  File "/Users/mucbook/miniforge3/lib/python3.12/ssl.py", line 1251, in recv_into
    return self.read(nbytes, buffer)
           ^^^^^^^^^^^^^^^^^^^^^^^^^
  File "/Users/mucbook/miniforge3/lib/python3.12/ssl.py", line 1103, in read
    return self._sslobj.read(len, buffer)
           ^^^^^^^^^^^^^^^^^^^^^^^^^^^^^^
TimeoutError: The read operation timed out

The above exception was the direct cause of the following exception:

Traceback (most recent call last):
  File "/Users/mucbook/miniforge3/lib/python3.12/site-packages/requests/adapters.py", line 667, in send
    resp = conn.urlopen(
           ^^^^^^^^^^^^^
  File "/Users/mucbook/miniforge3/lib/python3.12/site-packages/urllib3/connectionpool.py", line 843, in urlopen
    retries = retries.increment(
              ^^^^^^^^^^^^^^^^^^
  File "/Users/mucbook/miniforge3/lib/python3.12/site-packages/urllib3/util/retry.py", line 474, in increment
    raise reraise(type(error), error, _stacktrace)
          ^^^^^^^^^^^^^^^^^^^^^^^^^^^^^^^^^^^^^^^^
  File "/Users/mucbook/miniforge3/lib/python3.12/site-packages/urllib3/util/util.py", line 39, in reraise
    raise value
  File "/Users/mucbook/miniforge3/lib/python3.12/site-packages/urllib3/connectionpool.py", line 789, in urlopen
    response = self._make_request(
               ^^^^^^^^^^^^^^^^^^^
  File "/Users/mucbook/miniforge3/lib/python3.12/site-packages/urllib3/connectionpool.py", line 538, in _make_request
    self._raise_timeout(err=e, url=url, timeout_value=read_timeout)
  File "/Users/mucbook/miniforge3/lib/python3.12/site-packages/urllib3/connectionpool.py", line 369, in _raise_timeout
    raise ReadTimeoutError(
urllib3.exceptions.ReadTimeoutError: HTTPSConnectionPool(host='api.bybit.com', port=443): Read timed out. (read timeout=10)

During handling of the above exception, another exception occurred:

Traceback (most recent call last):
  File "/Users/mucbook/バシャール/omen_bot/auto_trader.py", line 213, in <module>
    response = session.get_kline(
               ^^^^^^^^^^^^^^^^^^
  File "/Users/mucbook/miniforge3/lib/python3.12/site-packages/pybit/_v5_market.py", line 33, in get_kline
    return self._submit_request(
           ^^^^^^^^^^^^^^^^^^^^^
  File "/Users/mucbook/miniforge3/lib/python3.12/site-packages/pybit/_http_manager.py", line 295, in _submit_request
    raise e
  File "/Users/mucbook/miniforge3/lib/python3.12/site-packages/pybit/_http_manager.py", line 282, in _submit_request
    s = self.client.send(r, timeout=self.timeout)
        ^^^^^^^^^^^^^^^^^^^^^^^^^^^^^^^^^^^^^^^^^
  File "/Users/mucbook/miniforge3/lib/python3.12/site-packages/requests/sessions.py", line 703, in send
    r = adapter.send(request, **kwargs)
        ^^^^^^^^^^^^^^^^^^^^^^^^^^^^^^^
  File "/Users/mucbook/miniforge3/lib/python3.12/site-packages/requests/adapters.py", line 713, in send
    raise ReadTimeout(e, request=request)
requests.exceptions.ReadTimeout: HTTPSConnectionPool(host='api.bybit.com', port=443): Read timed out. (read timeout=10)

2025-11-16 22:34:15,510 - INFO - Discord通知の送信に成功しました。
2025-11-16 22:35:32,658 - ERROR - メインループで予期せぬエラーが発生しました: Traceback (most recent call last):
  File "/Users/mucbook/miniforge3/lib/python3.12/site-packages/urllib3/connectionpool.py", line 466, in _make_request
    self._validate_conn(conn)
  File "/Users/mucbook/miniforge3/lib/python3.12/site-packages/urllib3/connectionpool.py", line 1095, in _validate_conn
    conn.connect()
  File "/Users/mucbook/miniforge3/lib/python3.12/site-packages/urllib3/connection.py", line 730, in connect
    sock_and_verified = _ssl_wrap_socket_and_match_hostname(
                        ^^^^^^^^^^^^^^^^^^^^^^^^^^^^^^^^^^^^
  File "/Users/mucbook/miniforge3/lib/python3.12/site-packages/urllib3/connection.py", line 909, in _ssl_wrap_socket_and_match_hostname
    ssl_sock = ssl_wrap_socket(
               ^^^^^^^^^^^^^^^^
  File "/Users/mucbook/miniforge3/lib/python3.12/site-packages/urllib3/util/ssl_.py", line 469, in ssl_wrap_socket
    ssl_sock = _ssl_wrap_socket_impl(sock, context, tls_in_tls, server_hostname)
               ^^^^^^^^^^^^^^^^^^^^^^^^^^^^^^^^^^^^^^^^^^^^^^^^^^^^^^^^^^^^^^^^^
  File "/Users/mucbook/miniforge3/lib/python3.12/site-packages/urllib3/util/ssl_.py", line 513, in _ssl_wrap_socket_impl
    return ssl_context.wrap_socket(sock, server_hostname=server_hostname)
           ^^^^^^^^^^^^^^^^^^^^^^^^^^^^^^^^^^^^^^^^^^^^^^^^^^^^^^^^^^^^^^
  File "/Users/mucbook/miniforge3/lib/python3.12/ssl.py", line 455, in wrap_socket
    return self.sslsocket_class._create(
           ^^^^^^^^^^^^^^^^^^^^^^^^^^^^^
  File "/Users/mucbook/miniforge3/lib/python3.12/ssl.py", line 1041, in _create
    self.do_handshake()
  File "/Users/mucbook/miniforge3/lib/python3.12/ssl.py", line 1319, in do_handshake
    self._sslobj.do_handshake()
TimeoutError: _ssl.c:983: The handshake operation timed out

The above exception was the direct cause of the following exception:

Traceback (most recent call last):
  File "/Users/mucbook/miniforge3/lib/python3.12/site-packages/requests/adapters.py", line 667, in send
    resp = conn.urlopen(
           ^^^^^^^^^^^^^
  File "/Users/mucbook/miniforge3/lib/python3.12/site-packages/urllib3/connectionpool.py", line 843, in urlopen
    retries = retries.increment(
              ^^^^^^^^^^^^^^^^^^
  File "/Users/mucbook/miniforge3/lib/python3.12/site-packages/urllib3/util/retry.py", line 474, in increment
    raise reraise(type(error), error, _stacktrace)
          ^^^^^^^^^^^^^^^^^^^^^^^^^^^^^^^^^^^^^^^^
  File "/Users/mucbook/miniforge3/lib/python3.12/site-packages/urllib3/util/util.py", line 39, in reraise
    raise value
  File "/Users/mucbook/miniforge3/lib/python3.12/site-packages/urllib3/connectionpool.py", line 789, in urlopen
    response = self._make_request(
               ^^^^^^^^^^^^^^^^^^^
  File "/Users/mucbook/miniforge3/lib/python3.12/site-packages/urllib3/connectionpool.py", line 490, in _make_request
    raise new_e
  File "/Users/mucbook/miniforge3/lib/python3.12/site-packages/urllib3/connectionpool.py", line 468, in _make_request
    self._raise_timeout(err=e, url=url, timeout_value=conn.timeout)
  File "/Users/mucbook/miniforge3/lib/python3.12/site-packages/urllib3/connectionpool.py", line 369, in _raise_timeout
    raise ReadTimeoutError(
urllib3.exceptions.ReadTimeoutError: HTTPSConnectionPool(host='api.bybit.com', port=443): Read timed out. (read timeout=10)

During handling of the above exception, another exception occurred:

Traceback (most recent call last):
  File "/Users/mucbook/バシャール/omen_bot/auto_trader.py", line 213, in <module>
    response = session.get_kline(
               ^^^^^^^^^^^^^^^^^^
  File "/Users/mucbook/miniforge3/lib/python3.12/site-packages/pybit/_v5_market.py", line 33, in get_kline
    return self._submit_request(
           ^^^^^^^^^^^^^^^^^^^^^
  File "/Users/mucbook/miniforge3/lib/python3.12/site-packages/pybit/_http_manager.py", line 295, in _submit_request
    raise e
  File "/Users/mucbook/miniforge3/lib/python3.12/site-packages/pybit/_http_manager.py", line 282, in _submit_request
    s = self.client.send(r, timeout=self.timeout)
        ^^^^^^^^^^^^^^^^^^^^^^^^^^^^^^^^^^^^^^^^^
  File "/Users/mucbook/miniforge3/lib/python3.12/site-packages/requests/sessions.py", line 703, in send
    r = adapter.send(request, **kwargs)
        ^^^^^^^^^^^^^^^^^^^^^^^^^^^^^^^
  File "/Users/mucbook/miniforge3/lib/python3.12/site-packages/requests/adapters.py", line 713, in send
    raise ReadTimeout(e, request=request)
requests.exceptions.ReadTimeout: HTTPSConnectionPool(host='api.bybit.com', port=443): Read timed out. (read timeout=10)

2025-11-16 22:36:00,448 - INFO - Discord通知の送信に成功しました。
2025-11-16 23:00:03,425 - INFO - 新しいローソク足 2025-11-16 14:00:00 が確定しました。分析を開始します。
2025-11-16 23:00:03,527 - ERROR - USDTの残高取得中に予期せぬエラーが発生しました: could not convert string to float: ''
2025-11-16 23:00:03,625 - ERROR - BTCの残高取得中に予期せぬエラーが発生しました: could not convert string to float: ''
2025-11-17 00:00:11,833 - INFO - 新しいローソク足 2025-11-16 15:00:00 が確定しました。分析を開始します。
2025-11-17 00:00:11,935 - ERROR - USDTの残高取得中に予期せぬエラーが発生しました: could not convert string to float: ''
2025-11-17 00:00:12,032 - ERROR - BTCの残高取得中に予期せぬエラーが発生しました: could not convert string to float: ''
2025-11-17 01:00:18,639 - INFO - 新しいローソク足 2025-11-16 16:00:00 が確定しました。分析を開始します。
2025-11-17 01:00:18,745 - ERROR - USDTの残高取得中に予期せぬエラーが発生しました: could not convert string to float: ''
2025-11-17 01:00:18,840 - ERROR - BTCの残高取得中に予期せぬエラーが発生しました: could not convert string to float: ''
2025-11-17 02:00:25,410 - INFO - 新しいローソク足 2025-11-16 17:00:00 が確定しました。分析を開始します。
2025-11-17 02:00:25,516 - ERROR - USDTの残高取得中に予期せぬエラーが発生しました: could not convert string to float: ''
2025-11-17 02:00:25,612 - ERROR - BTCの残高取得中に予期せぬエラーが発生しました: could not convert string to float: ''
2025-11-17 03:00:32,248 - INFO - 新しいローソク足 2025-11-16 18:00:00 が確定しました。分析を開始します。
2025-11-17 03:00:32,350 - ERROR - USDTの残高取得中に予期せぬエラーが発生しました: could not convert string to float: ''
2025-11-17 03:00:32,447 - ERROR - BTCの残高取得中に予期せぬエラーが発生しました: could not convert string to float: ''
2025-11-17 04:00:39,166 - INFO - 新しいローソク足 2025-11-16 19:00:00 が確定しました。分析を開始します。
2025-11-17 04:00:39,273 - ERROR - USDTの残高取得中に予期せぬエラーが発生しました: could not convert string to float: ''
2025-11-17 04:00:39,369 - ERROR - BTCの残高取得中に予期せぬエラーが発生しました: could not convert string to float: ''
2025-11-17 05:00:45,973 - INFO - 新しいローソク足 2025-11-16 20:00:00 が確定しました。分析を開始します。
2025-11-17 05:00:46,076 - ERROR - USDTの残高取得中に予期せぬエラーが発生しました: could not convert string to float: ''
2025-11-17 05:00:46,171 - ERROR - BTCの残高取得中に予期せぬエラーが発生しました: could not convert string to float: ''
2025-11-17 06:00:52,840 - INFO - 新しいローソク足 2025-11-16 21:00:00 が確定しました。分析を開始します。
2025-11-17 06:00:52,941 - ERROR - USDTの残高取得中に予期せぬエラーが発生しました: could not convert string to float: ''
2025-11-17 06:00:53,038 - ERROR - BTCの残高取得中に予期せぬエラーが発生しました: could not convert string to float: ''
2025-11-17 07:00:59,549 - INFO - 新しいローソク足 2025-11-16 22:00:00 が確定しました。分析を開始します。
2025-11-17 07:00:59,651 - ERROR - USDTの残高取得中に予期せぬエラーが発生しました: could not convert string to float: ''
2025-11-17 07:00:59,746 - ERROR - BTCの残高取得中に予期せぬエラーが発生しました: could not convert string to float: ''
2025-11-17 08:00:06,019 - INFO - 新しいローソク足 2025-11-16 23:00:00 が確定しました。分析を開始します。
2025-11-17 08:00:06,121 - ERROR - USDTの残高取得中に予期せぬエラーが発生しました: could not convert string to float: ''
2025-11-17 08:00:06,216 - ERROR - BTCの残高取得中に予期せぬエラーが発生しました: could not convert string to float: ''
2025-11-17 09:00:13,056 - INFO - 新しいローソク足 2025-11-17 00:00:00 が確定しました。分析を開始します。
2025-11-17 09:00:13,160 - ERROR - USDTの残高取得中に予期せぬエラーが発生しました: could not convert string to float: ''
2025-11-17 09:00:13,256 - ERROR - BTCの残高取得中に予期せぬエラーが発生しました: could not convert string to float: ''
2025-11-17 10:00:20,063 - INFO - 新しいローソク足 2025-11-17 01:00:00 が確定しました。分析を開始します。
2025-11-17 10:00:20,170 - ERROR - USDTの残高取得中に予期せぬエラーが発生しました: could not convert string to float: ''
2025-11-17 10:00:20,267 - ERROR - BTCの残高取得中に予期せぬエラーが発生しました: could not convert string to float: ''
2025-11-17 11:00:26,859 - INFO - 新しいローソク足 2025-11-17 02:00:00 が確定しました。分析を開始します。
2025-11-17 11:00:26,966 - ERROR - USDTの残高取得中に予期せぬエラーが発生しました: could not convert string to float: ''
2025-11-17 11:00:27,063 - ERROR - BTCの残高取得中に予期せぬエラーが発生しました: could not convert string to float: ''
2025-11-17 12:00:34,211 - INFO - 新しいローソク足 2025-11-17 03:00:00 が確定しました。分析を開始します。
2025-11-17 12:00:34,318 - ERROR - USDTの残高取得中に予期せぬエラーが発生しました: could not convert string to float: ''
2025-11-17 12:00:34,414 - ERROR - BTCの残高取得中に予期せぬエラーが発生しました: could not convert string to float: ''
2025-11-17 13:00:41,131 - INFO - 新しいローソク足 2025-11-17 04:00:00 が確定しました。分析を開始します。
2025-11-17 13:00:41,231 - ERROR - USDTの残高取得中に予期せぬエラーが発生しました: could not convert string to float: ''
2025-11-17 13:00:41,328 - ERROR - BTCの残高取得中に予期せぬエラーが発生しました: could not convert string to float: ''
2025-11-17 14:00:47,879 - INFO - 新しいローソク足 2025-11-17 05:00:00 が確定しました。分析を開始します。
2025-11-17 14:00:47,983 - ERROR - USDTの残高取得中に予期せぬエラーが発生しました: could not convert string to float: ''
2025-11-17 14:00:48,085 - ERROR - BTCの残高取得中に予期せぬエラーが発生しました: could not convert string to float: ''
2025-11-17 15:00:55,070 - INFO - 新しいローソク足 2025-11-17 06:00:00 が確定しました。分析を開始します。
2025-11-17 15:00:55,176 - ERROR - USDTの残高取得中に予期せぬエラーが発生しました: could not convert string to float: ''
2025-11-17 15:00:55,270 - ERROR - BTCの残高取得中に予期せぬエラーが発生しました: could not convert string to float: ''
2025-11-17 16:00:01,768 - INFO - 新しいローソク足 2025-11-17 07:00:00 が確定しました。分析を開始します。
2025-11-17 16:00:01,889 - ERROR - USDTの残高取得中に予期せぬエラーが発生しました: could not convert string to float: ''
2025-11-17 16:00:01,991 - ERROR - BTCの残高取得中に予期せぬエラーが発生しました: could not convert string to float: ''
2025-11-17 17:00:08,525 - INFO - 新しいローソク足 2025-11-17 08:00:00 が確定しました。分析を開始します。
2025-11-17 17:00:08,634 - ERROR - USDTの残高取得中に予期せぬエラーが発生しました: could not convert string to float: ''
2025-11-17 17:00:08,734 - ERROR - BTCの残高取得中に予期せぬエラーが発生しました: could not convert string to float: ''
2025-11-17 18:00:15,610 - INFO - 新しいローソク足 2025-11-17 09:00:00 が確定しました。分析を開始します。
2025-11-17 18:00:15,716 - ERROR - USDTの残高取得中に予期せぬエラーが発生しました: could not convert string to float: ''
2025-11-17 18:00:15,812 - ERROR - BTCの残高取得中に予期せぬエラーが発生しました: could not convert string to float: ''
2025-11-17 19:00:22,875 - INFO - 新しいローソク足 2025-11-17 10:00:00 が確定しました。分析を開始します。
2025-11-17 19:00:22,993 - ERROR - USDTの残高取得中に予期せぬエラーが発生しました: could not convert string to float: ''
2025-11-17 19:00:23,139 - ERROR - BTCの残高取得中に予期せぬエラーが発生しました: could not convert string to float: ''
2025-11-17 20:00:32,164 - INFO - 新しいローソク足 2025-11-17 11:00:00 が確定しました。分析を開始します。
2025-11-17 20:00:32,397 - ERROR - USDTの残高取得中に予期せぬエラーが発生しました: could not convert string to float: ''
2025-11-17 20:00:33,089 - ERROR - BTCの残高取得中に予期せぬエラーが発生しました: could not convert string to float: ''
2025-11-17 21:00:41,057 - INFO - 新しいローソク足 2025-11-17 12:00:00 が確定しました。分析を開始します。
2025-11-17 21:00:41,165 - ERROR - USDTの残高取得中に予期せぬエラーが発生しました: could not convert string to float: ''
2025-11-17 21:00:41,258 - ERROR - BTCの残高取得中に予期せぬエラーが発生しました: could not convert string to float: ''
2025-11-17 22:00:47,903 - INFO - 新しいローソク足 2025-11-17 13:00:00 が確定しました。分析を開始します。
2025-11-17 22:00:48,102 - ERROR - USDTの残高取得中に予期せぬエラーが発生しました: could not convert string to float: ''
2025-11-17 22:00:48,203 - ERROR - BTCの残高取得中に予期せぬエラーが発生しました: could not convert string to float: ''
2025-11-17 23:00:55,310 - INFO - 新しいローソク足 2025-11-17 14:00:00 が確定しました。分析を開始します。
2025-11-17 23:00:55,413 - ERROR - USDTの残高取得中に予期せぬエラーが発生しました: could not convert string to float: ''
2025-11-17 23:00:55,508 - ERROR - BTCの残高取得中に予期せぬエラーが発生しました: could not convert string to float: ''
2025-11-18 00:00:02,618 - INFO - 新しいローソク足 2025-11-17 15:00:00 が確定しました。分析を開始します。
2025-11-18 00:00:02,814 - ERROR - USDTの残高取得中に予期せぬエラーが発生しました: could not convert string to float: ''
2025-11-18 00:00:03,011 - ERROR - BTCの残高取得中に予期せぬエラーが発生しました: could not convert string to float: ''
2025-11-18 01:00:09,606 - INFO - 新しいローソク足 2025-11-17 16:00:00 が確定しました。分析を開始します。
2025-11-18 01:00:09,707 - ERROR - USDTの残高取得中に予期せぬエラーが発生しました: could not convert string to float: ''
2025-11-18 01:00:09,803 - ERROR - BTCの残高取得中に予期せぬエラーが発生しました: could not convert string to float: ''
2025-11-18 02:00:16,868 - INFO - 新しいローソク足 2025-11-17 17:00:00 が確定しました。分析を開始します。
2025-11-18 02:00:16,983 - ERROR - USDTの残高取得中に予期せぬエラーが発生しました: could not convert string to float: ''
2025-11-18 02:00:17,078 - ERROR - BTCの残高取得中に予期せぬエラーが発生しました: could not convert string to float: ''
2025-11-18 03:00:23,696 - INFO - 新しいローソク足 2025-11-17 18:00:00 が確定しました。分析を開始します。
2025-11-18 03:00:23,801 - ERROR - USDTの残高取得中に予期せぬエラーが発生しました: could not convert string to float: ''
2025-11-18 03:00:23,896 - ERROR - BTCの残高取得中に予期せぬエラーが発生しました: could not convert string to float: ''
2025-11-18 04:00:30,411 - INFO - 新しいローソク足 2025-11-17 19:00:00 が確定しました。分析を開始します。
2025-11-18 04:00:30,516 - ERROR - USDTの残高取得中に予期せぬエラーが発生しました: could not convert string to float: ''
2025-11-18 04:00:30,611 - ERROR - BTCの残高取得中に予期せぬエラーが発生しました: could not convert string to float: ''
2025-11-18 05:00:37,227 - INFO - 新しいローソク足 2025-11-17 20:00:00 が確定しました。分析を開始します。
2025-11-18 05:00:37,331 - ERROR - USDTの残高取得中に予期せぬエラーが発生しました: could not convert string to float: ''
2025-11-18 05:00:37,426 - ERROR - BTCの残高取得中に予期せぬエラーが発生しました: could not convert string to float: ''
2025-11-18 06:00:44,121 - INFO - 新しいローソク足 2025-11-17 21:00:00 が確定しました。分析を開始します。
2025-11-18 06:00:44,224 - ERROR - USDTの残高取得中に予期せぬエラーが発生しました: could not convert string to float: ''
2025-11-18 06:00:44,318 - ERROR - BTCの残高取得中に予期せぬエラーが発生しました: could not convert string to float: ''
2025-11-18 07:00:50,833 - INFO - 新しいローソク足 2025-11-17 22:00:00 が確定しました。分析を開始します。
2025-11-18 07:00:50,936 - ERROR - USDTの残高取得中に予期せぬエラーが発生しました: could not convert string to float: ''
2025-11-18 07:00:51,034 - ERROR - BTCの残高取得中に予期せぬエラーが発生しました: could not convert string to float: ''
2025-11-18 08:00:57,913 - INFO - 新しいローソク足 2025-11-17 23:00:00 が確定しました。分析を開始します。
2025-11-18 08:00:58,024 - ERROR - USDTの残高取得中に予期せぬエラーが発生しました: could not convert string to float: ''
2025-11-18 08:00:58,137 - ERROR - BTCの残高取得中に予期せぬエラーが発生しました: could not convert string to float: ''
2025-11-18 09:00:04,586 - INFO - 新しいローソク足 2025-11-18 00:00:00 が確定しました。分析を開始します。
2025-11-18 09:00:04,684 - ERROR - USDTの残高取得中に予期せぬエラーが発生しました: could not convert string to float: ''
2025-11-18 09:00:04,792 - ERROR - BTCの残高取得中に予期せぬエラーが発生しました: could not convert string to float: ''
2025-11-18 10:00:11,515 - INFO - 新しいローソク足 2025-11-18 01:00:00 が確定しました。分析を開始します。
2025-11-18 10:00:11,617 - ERROR - USDTの残高取得中に予期せぬエラーが発生しました: could not convert string to float: ''
2025-11-18 10:00:11,712 - ERROR - BTCの残高取得中に予期せぬエラーが発生しました: could not convert string to float: ''
2025-11-18 11:00:18,166 - INFO - 新しいローソク足 2025-11-18 02:00:00 が確定しました。分析を開始します。
2025-11-18 11:00:18,264 - ERROR - USDTの残高取得中に予期せぬエラーが発生しました: could not convert string to float: ''
2025-11-18 11:00:18,359 - ERROR - BTCの残高取得中に予期せぬエラーが発生しました: could not convert string to float: ''
2025-11-18 12:00:25,040 - INFO - 新しいローソク足 2025-11-18 03:00:00 が確定しました。分析を開始します。
2025-11-18 12:00:25,145 - ERROR - USDTの残高取得中に予期せぬエラーが発生しました: could not convert string to float: ''
2025-11-18 12:00:25,242 - ERROR - BTCの残高取得中に予期せぬエラーが発生しました: could not convert string to float: ''
