2025-11-16 11:50:11,314 - INFO - Successfully sent Discord notification.
2025-11-16 11:50:11,315 - INFO - Starting signal alerter for manual trading...
2025-11-16 11:50:11,553 - INFO - Initial 1-hour candle 2025-11-16 02:00:00 registered. Waiting for next candle.
2025-11-16 12:00:13,040 - INFO - New 1-hour candle detected: 2025-11-16 03:00:00
2025-11-16 12:00:13,053 - INFO - Successfully logged data for candle to hourly_data_log.csv: 2025-11-16 03:00:00
2025-11-16 12:38:48,710 - ERROR - An unexpected error occurred!
2025-11-16 12:38:48,728 - ERROR - Traceback (most recent call last):
  File "/Users/mucbook/miniforge3/lib/python3.12/site-packages/urllib3/connectionpool.py", line 536, in _make_request
    response = conn.getresponse()
               ^^^^^^^^^^^^^^^^^^
  File "/Users/mucbook/miniforge3/lib/python3.12/site-packages/urllib3/connection.py", line 507, in getresponse
    httplib_response = super().getresponse()
                       ^^^^^^^^^^^^^^^^^^^^^
  File "/Users/mucbook/miniforge3/lib/python3.12/http/client.py", line 1428, in getresponse
    response.begin()
  File "/Users/mucbook/miniforge3/lib/python3.12/http/client.py", line 331, in begin
    version, status, reason = self._read_status()
                              ^^^^^^^^^^^^^^^^^^^
  File "/Users/mucbook/miniforge3/lib/python3.12/http/client.py", line 292, in _read_status
    line = str(self.fp.readline(_MAXLINE + 1), "iso-8859-1")
               ^^^^^^^^^^^^^^^^^^^^^^^^^^^^^^
  File "/Users/mucbook/miniforge3/lib/python3.12/socket.py", line 720, in readinto
    return self._sock.recv_into(b)
           ^^^^^^^^^^^^^^^^^^^^^^^
  File "/Users/mucbook/miniforge3/lib/python3.12/ssl.py", line 1251, in recv_into
    return self.read(nbytes, buffer)
           ^^^^^^^^^^^^^^^^^^^^^^^^^
  File "/Users/mucbook/miniforge3/lib/python3.12/ssl.py", line 1103, in read
    return self._sslobj.read(len, buffer)
           ^^^^^^^^^^^^^^^^^^^^^^^^^^^^^^
TimeoutError: The read operation timed out

The above exception was the direct cause of the following exception:

Traceback (most recent call last):
  File "/Users/mucbook/miniforge3/lib/python3.12/site-packages/requests/adapters.py", line 667, in send
    resp = conn.urlopen(
           ^^^^^^^^^^^^^
  File "/Users/mucbook/miniforge3/lib/python3.12/site-packages/urllib3/connectionpool.py", line 843, in urlopen
    retries = retries.increment(
              ^^^^^^^^^^^^^^^^^^
  File "/Users/mucbook/miniforge3/lib/python3.12/site-packages/urllib3/util/retry.py", line 474, in increment
    raise reraise(type(error), error, _stacktrace)
          ^^^^^^^^^^^^^^^^^^^^^^^^^^^^^^^^^^^^^^^^
  File "/Users/mucbook/miniforge3/lib/python3.12/site-packages/urllib3/util/util.py", line 39, in reraise
    raise value
  File "/Users/mucbook/miniforge3/lib/python3.12/site-packages/urllib3/connectionpool.py", line 789, in urlopen
    response = self._make_request(
               ^^^^^^^^^^^^^^^^^^^
  File "/Users/mucbook/miniforge3/lib/python3.12/site-packages/urllib3/connectionpool.py", line 538, in _make_request
    self._raise_timeout(err=e, url=url, timeout_value=read_timeout)
  File "/Users/mucbook/miniforge3/lib/python3.12/site-packages/urllib3/connectionpool.py", line 369, in _raise_timeout
    raise ReadTimeoutError(
urllib3.exceptions.ReadTimeoutError: HTTPSConnectionPool(host='api.bybit.com', port=443): Read timed out. (read timeout=10)

During handling of the above exception, another exception occurred:

Traceback (most recent call last):
  File "/Users/mucbook/バシャール/omen_bot/live_bot.py", line 169, in <module>
    response = session.get_kline(
               ^^^^^^^^^^^^^^^^^^
  File "/Users/mucbook/miniforge3/lib/python3.12/site-packages/pybit/_v5_market.py", line 33, in get_kline
    return self._submit_request(
           ^^^^^^^^^^^^^^^^^^^^^
  File "/Users/mucbook/miniforge3/lib/python3.12/site-packages/pybit/_http_manager.py", line 295, in _submit_request
    raise e
  File "/Users/mucbook/miniforge3/lib/python3.12/site-packages/pybit/_http_manager.py", line 282, in _submit_request
    s = self.client.send(r, timeout=self.timeout)
        ^^^^^^^^^^^^^^^^^^^^^^^^^^^^^^^^^^^^^^^^^
  File "/Users/mucbook/miniforge3/lib/python3.12/site-packages/requests/sessions.py", line 703, in send
    r = adapter.send(request, **kwargs)
        ^^^^^^^^^^^^^^^^^^^^^^^^^^^^^^^
  File "/Users/mucbook/miniforge3/lib/python3.12/site-packages/requests/adapters.py", line 713, in send
    raise ReadTimeout(e, request=request)
requests.exceptions.ReadTimeout: HTTPSConnectionPool(host='api.bybit.com', port=443): Read timed out. (read timeout=10)

2025-11-16 13:06:31,319 - ERROR - An unexpected error occurred!
2025-11-16 13:06:31,324 - ERROR - Traceback (most recent call last):
  File "/Users/mucbook/miniforge3/lib/python3.12/site-packages/urllib3/connection.py", line 199, in _new_conn
    sock = connection.create_connection(
           ^^^^^^^^^^^^^^^^^^^^^^^^^^^^^
  File "/Users/mucbook/miniforge3/lib/python3.12/site-packages/urllib3/util/connection.py", line 60, in create_connection
    for res in socket.getaddrinfo(host, port, family, socket.SOCK_STREAM):
               ^^^^^^^^^^^^^^^^^^^^^^^^^^^^^^^^^^^^^^^^^^^^^^^^^^^^^^^^^^
  File "/Users/mucbook/miniforge3/lib/python3.12/socket.py", line 976, in getaddrinfo
    for res in _socket.getaddrinfo(host, port, family, type, proto, flags):
               ^^^^^^^^^^^^^^^^^^^^^^^^^^^^^^^^^^^^^^^^^^^^^^^^^^^^^^^^^^^
socket.gaierror: [Errno 8] nodename nor servname provided, or not known

The above exception was the direct cause of the following exception:

Traceback (most recent call last):
  File "/Users/mucbook/miniforge3/lib/python3.12/site-packages/urllib3/connectionpool.py", line 789, in urlopen
    response = self._make_request(
               ^^^^^^^^^^^^^^^^^^^
  File "/Users/mucbook/miniforge3/lib/python3.12/site-packages/urllib3/connectionpool.py", line 490, in _make_request
    raise new_e
  File "/Users/mucbook/miniforge3/lib/python3.12/site-packages/urllib3/connectionpool.py", line 466, in _make_request
    self._validate_conn(conn)
  File "/Users/mucbook/miniforge3/lib/python3.12/site-packages/urllib3/connectionpool.py", line 1095, in _validate_conn
    conn.connect()
  File "/Users/mucbook/miniforge3/lib/python3.12/site-packages/urllib3/connection.py", line 693, in connect
    self.sock = sock = self._new_conn()
                       ^^^^^^^^^^^^^^^^
  File "/Users/mucbook/miniforge3/lib/python3.12/site-packages/urllib3/connection.py", line 206, in _new_conn
    raise NameResolutionError(self.host, self, e) from e
urllib3.exceptions.NameResolutionError: <urllib3.connection.HTTPSConnection object at 0x11920a510>: Failed to resolve 'api.bybit.com' ([Errno 8] nodename nor servname provided, or not known)

The above exception was the direct cause of the following exception:

Traceback (most recent call last):
  File "/Users/mucbook/miniforge3/lib/python3.12/site-packages/requests/adapters.py", line 667, in send
    resp = conn.urlopen(
           ^^^^^^^^^^^^^
  File "/Users/mucbook/miniforge3/lib/python3.12/site-packages/urllib3/connectionpool.py", line 843, in urlopen
    retries = retries.increment(
              ^^^^^^^^^^^^^^^^^^
  File "/Users/mucbook/miniforge3/lib/python3.12/site-packages/urllib3/util/retry.py", line 519, in increment
    raise MaxRetryError(_pool, url, reason) from reason  # type: ignore[arg-type]
    ^^^^^^^^^^^^^^^^^^^^^^^^^^^^^^^^^^^^^^^^^^^^^^^^^^^
urllib3.exceptions.MaxRetryError: HTTPSConnectionPool(host='api.bybit.com', port=443): Max retries exceeded with url: /v5/market/kline?category=spot&interval=60&limit=30&symbol=BTCUSDT (Caused by NameResolutionError("<urllib3.connection.HTTPSConnection object at 0x11920a510>: Failed to resolve 'api.bybit.com' ([Errno 8] nodename nor servname provided, or not known)"))

During handling of the above exception, another exception occurred:

Traceback (most recent call last):
  File "/Users/mucbook/バシャール/omen_bot/live_bot.py", line 169, in <module>
    response = session.get_kline(
               ^^^^^^^^^^^^^^^^^^
  File "/Users/mucbook/miniforge3/lib/python3.12/site-packages/pybit/_v5_market.py", line 33, in get_kline
    return self._submit_request(
           ^^^^^^^^^^^^^^^^^^^^^
  File "/Users/mucbook/miniforge3/lib/python3.12/site-packages/pybit/_http_manager.py", line 295, in _submit_request
    raise e
  File "/Users/mucbook/miniforge3/lib/python3.12/site-packages/pybit/_http_manager.py", line 282, in _submit_request
    s = self.client.send(r, timeout=self.timeout)
        ^^^^^^^^^^^^^^^^^^^^^^^^^^^^^^^^^^^^^^^^^
  File "/Users/mucbook/miniforge3/lib/python3.12/site-packages/requests/sessions.py", line 703, in send
    r = adapter.send(request, **kwargs)
        ^^^^^^^^^^^^^^^^^^^^^^^^^^^^^^^
  File "/Users/mucbook/miniforge3/lib/python3.12/site-packages/requests/adapters.py", line 700, in send
    raise ConnectionError(e, request=request)
requests.exceptions.ConnectionError: HTTPSConnectionPool(host='api.bybit.com', port=443): Max retries exceeded with url: /v5/market/kline?category=spot&interval=60&limit=30&symbol=BTCUSDT (Caused by NameResolutionError("<urllib3.connection.HTTPSConnection object at 0x11920a510>: Failed to resolve 'api.bybit.com' ([Errno 8] nodename nor servname provided, or not known)"))

2025-11-16 13:07:31,606 - INFO - New 1-hour candle detected: 2025-11-16 04:00:00
2025-11-16 13:07:31,613 - INFO - Successfully logged data for candle to hourly_data_log.csv: 2025-11-16 04:00:00
2025-11-16 13:35:57,452 - ERROR - An unexpected error occurred!
2025-11-16 13:35:57,460 - ERROR - Traceback (most recent call last):
  File "/Users/mucbook/miniforge3/lib/python3.12/site-packages/urllib3/connectionpool.py", line 789, in urlopen
    response = self._make_request(
               ^^^^^^^^^^^^^^^^^^^
  File "/Users/mucbook/miniforge3/lib/python3.12/site-packages/urllib3/connectionpool.py", line 536, in _make_request
    response = conn.getresponse()
               ^^^^^^^^^^^^^^^^^^
  File "/Users/mucbook/miniforge3/lib/python3.12/site-packages/urllib3/connection.py", line 507, in getresponse
    httplib_response = super().getresponse()
                       ^^^^^^^^^^^^^^^^^^^^^
  File "/Users/mucbook/miniforge3/lib/python3.12/http/client.py", line 1428, in getresponse
    response.begin()
  File "/Users/mucbook/miniforge3/lib/python3.12/http/client.py", line 331, in begin
    version, status, reason = self._read_status()
                              ^^^^^^^^^^^^^^^^^^^
  File "/Users/mucbook/miniforge3/lib/python3.12/http/client.py", line 300, in _read_status
    raise RemoteDisconnected("Remote end closed connection without"
http.client.RemoteDisconnected: Remote end closed connection without response

During handling of the above exception, another exception occurred:

Traceback (most recent call last):
  File "/Users/mucbook/miniforge3/lib/python3.12/site-packages/requests/adapters.py", line 667, in send
    resp = conn.urlopen(
           ^^^^^^^^^^^^^
  File "/Users/mucbook/miniforge3/lib/python3.12/site-packages/urllib3/connectionpool.py", line 843, in urlopen
    retries = retries.increment(
              ^^^^^^^^^^^^^^^^^^
  File "/Users/mucbook/miniforge3/lib/python3.12/site-packages/urllib3/util/retry.py", line 474, in increment
    raise reraise(type(error), error, _stacktrace)
          ^^^^^^^^^^^^^^^^^^^^^^^^^^^^^^^^^^^^^^^^
  File "/Users/mucbook/miniforge3/lib/python3.12/site-packages/urllib3/util/util.py", line 38, in reraise
    raise value.with_traceback(tb)
  File "/Users/mucbook/miniforge3/lib/python3.12/site-packages/urllib3/connectionpool.py", line 789, in urlopen
    response = self._make_request(
               ^^^^^^^^^^^^^^^^^^^
  File "/Users/mucbook/miniforge3/lib/python3.12/site-packages/urllib3/connectionpool.py", line 536, in _make_request
    response = conn.getresponse()
               ^^^^^^^^^^^^^^^^^^
  File "/Users/mucbook/miniforge3/lib/python3.12/site-packages/urllib3/connection.py", line 507, in getresponse
    httplib_response = super().getresponse()
                       ^^^^^^^^^^^^^^^^^^^^^
  File "/Users/mucbook/miniforge3/lib/python3.12/http/client.py", line 1428, in getresponse
    response.begin()
  File "/Users/mucbook/miniforge3/lib/python3.12/http/client.py", line 331, in begin
    version, status, reason = self._read_status()
                              ^^^^^^^^^^^^^^^^^^^
  File "/Users/mucbook/miniforge3/lib/python3.12/http/client.py", line 300, in _read_status
    raise RemoteDisconnected("Remote end closed connection without"
urllib3.exceptions.ProtocolError: ('Connection aborted.', RemoteDisconnected('Remote end closed connection without response'))

During handling of the above exception, another exception occurred:

Traceback (most recent call last):
  File "/Users/mucbook/バシャール/omen_bot/live_bot.py", line 169, in <module>
    response = session.get_kline(
               ^^^^^^^^^^^^^^^^^^
  File "/Users/mucbook/miniforge3/lib/python3.12/site-packages/pybit/_v5_market.py", line 33, in get_kline
    return self._submit_request(
           ^^^^^^^^^^^^^^^^^^^^^
  File "/Users/mucbook/miniforge3/lib/python3.12/site-packages/pybit/_http_manager.py", line 295, in _submit_request
    raise e
  File "/Users/mucbook/miniforge3/lib/python3.12/site-packages/pybit/_http_manager.py", line 282, in _submit_request
    s = self.client.send(r, timeout=self.timeout)
        ^^^^^^^^^^^^^^^^^^^^^^^^^^^^^^^^^^^^^^^^^
  File "/Users/mucbook/miniforge3/lib/python3.12/site-packages/requests/sessions.py", line 703, in send
    r = adapter.send(request, **kwargs)
        ^^^^^^^^^^^^^^^^^^^^^^^^^^^^^^^
  File "/Users/mucbook/miniforge3/lib/python3.12/site-packages/requests/adapters.py", line 682, in send
    raise ConnectionError(err, request=request)
requests.exceptions.ConnectionError: ('Connection aborted.', RemoteDisconnected('Remote end closed connection without response'))

2025-11-16 14:00:33,099 - INFO - New 1-hour candle detected: 2025-11-16 05:00:00
2025-11-16 14:00:33,109 - INFO - Successfully logged data for candle to hourly_data_log.csv: 2025-11-16 05:00:00
2025-11-16 14:40:11,524 - ERROR - An unexpected error occurred!
2025-11-16 14:40:11,530 - ERROR - Traceback (most recent call last):
  File "/Users/mucbook/miniforge3/lib/python3.12/site-packages/urllib3/connectionpool.py", line 789, in urlopen
    response = self._make_request(
               ^^^^^^^^^^^^^^^^^^^
  File "/Users/mucbook/miniforge3/lib/python3.12/site-packages/urllib3/connectionpool.py", line 536, in _make_request
    response = conn.getresponse()
               ^^^^^^^^^^^^^^^^^^
  File "/Users/mucbook/miniforge3/lib/python3.12/site-packages/urllib3/connection.py", line 507, in getresponse
    httplib_response = super().getresponse()
                       ^^^^^^^^^^^^^^^^^^^^^
  File "/Users/mucbook/miniforge3/lib/python3.12/http/client.py", line 1428, in getresponse
    response.begin()
  File "/Users/mucbook/miniforge3/lib/python3.12/http/client.py", line 331, in begin
    version, status, reason = self._read_status()
                              ^^^^^^^^^^^^^^^^^^^
  File "/Users/mucbook/miniforge3/lib/python3.12/http/client.py", line 300, in _read_status
    raise RemoteDisconnected("Remote end closed connection without"
http.client.RemoteDisconnected: Remote end closed connection without response

During handling of the above exception, another exception occurred:

Traceback (most recent call last):
  File "/Users/mucbook/miniforge3/lib/python3.12/site-packages/requests/adapters.py", line 667, in send
    resp = conn.urlopen(
           ^^^^^^^^^^^^^
  File "/Users/mucbook/miniforge3/lib/python3.12/site-packages/urllib3/connectionpool.py", line 843, in urlopen
    retries = retries.increment(
              ^^^^^^^^^^^^^^^^^^
  File "/Users/mucbook/miniforge3/lib/python3.12/site-packages/urllib3/util/retry.py", line 474, in increment
    raise reraise(type(error), error, _stacktrace)
          ^^^^^^^^^^^^^^^^^^^^^^^^^^^^^^^^^^^^^^^^
  File "/Users/mucbook/miniforge3/lib/python3.12/site-packages/urllib3/util/util.py", line 38, in reraise
    raise value.with_traceback(tb)
  File "/Users/mucbook/miniforge3/lib/python3.12/site-packages/urllib3/connectionpool.py", line 789, in urlopen
    response = self._make_request(
               ^^^^^^^^^^^^^^^^^^^
  File "/Users/mucbook/miniforge3/lib/python3.12/site-packages/urllib3/connectionpool.py", line 536, in _make_request
    response = conn.getresponse()
               ^^^^^^^^^^^^^^^^^^
  File "/Users/mucbook/miniforge3/lib/python3.12/site-packages/urllib3/connection.py", line 507, in getresponse
    httplib_response = super().getresponse()
                       ^^^^^^^^^^^^^^^^^^^^^
  File "/Users/mucbook/miniforge3/lib/python3.12/http/client.py", line 1428, in getresponse
    response.begin()
  File "/Users/mucbook/miniforge3/lib/python3.12/http/client.py", line 331, in begin
    version, status, reason = self._read_status()
                              ^^^^^^^^^^^^^^^^^^^
  File "/Users/mucbook/miniforge3/lib/python3.12/http/client.py", line 300, in _read_status
    raise RemoteDisconnected("Remote end closed connection without"
urllib3.exceptions.ProtocolError: ('Connection aborted.', RemoteDisconnected('Remote end closed connection without response'))

During handling of the above exception, another exception occurred:

Traceback (most recent call last):
  File "/Users/mucbook/バシャール/omen_bot/live_bot.py", line 169, in <module>
    response = session.get_kline(
               ^^^^^^^^^^^^^^^^^^
  File "/Users/mucbook/miniforge3/lib/python3.12/site-packages/pybit/_v5_market.py", line 33, in get_kline
    return self._submit_request(
           ^^^^^^^^^^^^^^^^^^^^^
  File "/Users/mucbook/miniforge3/lib/python3.12/site-packages/pybit/_http_manager.py", line 295, in _submit_request
    raise e
  File "/Users/mucbook/miniforge3/lib/python3.12/site-packages/pybit/_http_manager.py", line 282, in _submit_request
    s = self.client.send(r, timeout=self.timeout)
        ^^^^^^^^^^^^^^^^^^^^^^^^^^^^^^^^^^^^^^^^^
  File "/Users/mucbook/miniforge3/lib/python3.12/site-packages/requests/sessions.py", line 703, in send
    r = adapter.send(request, **kwargs)
        ^^^^^^^^^^^^^^^^^^^^^^^^^^^^^^^
  File "/Users/mucbook/miniforge3/lib/python3.12/site-packages/requests/adapters.py", line 682, in send
    raise ConnectionError(err, request=request)
requests.exceptions.ConnectionError: ('Connection aborted.', RemoteDisconnected('Remote end closed connection without response'))

2025-11-16 14:54:21,863 - ERROR - An unexpected error occurred!
2025-11-16 14:54:21,872 - ERROR - Traceback (most recent call last):
  File "/Users/mucbook/miniforge3/lib/python3.12/site-packages/urllib3/connectionpool.py", line 536, in _make_request
    response = conn.getresponse()
               ^^^^^^^^^^^^^^^^^^
  File "/Users/mucbook/miniforge3/lib/python3.12/site-packages/urllib3/connection.py", line 507, in getresponse
    httplib_response = super().getresponse()
                       ^^^^^^^^^^^^^^^^^^^^^
  File "/Users/mucbook/miniforge3/lib/python3.12/http/client.py", line 1428, in getresponse
    response.begin()
  File "/Users/mucbook/miniforge3/lib/python3.12/http/client.py", line 331, in begin
    version, status, reason = self._read_status()
                              ^^^^^^^^^^^^^^^^^^^
  File "/Users/mucbook/miniforge3/lib/python3.12/http/client.py", line 292, in _read_status
    line = str(self.fp.readline(_MAXLINE + 1), "iso-8859-1")
               ^^^^^^^^^^^^^^^^^^^^^^^^^^^^^^
  File "/Users/mucbook/miniforge3/lib/python3.12/socket.py", line 720, in readinto
    return self._sock.recv_into(b)
           ^^^^^^^^^^^^^^^^^^^^^^^
  File "/Users/mucbook/miniforge3/lib/python3.12/ssl.py", line 1251, in recv_into
    return self.read(nbytes, buffer)
           ^^^^^^^^^^^^^^^^^^^^^^^^^
  File "/Users/mucbook/miniforge3/lib/python3.12/ssl.py", line 1103, in read
    return self._sslobj.read(len, buffer)
           ^^^^^^^^^^^^^^^^^^^^^^^^^^^^^^
TimeoutError: The read operation timed out

The above exception was the direct cause of the following exception:

Traceback (most recent call last):
  File "/Users/mucbook/miniforge3/lib/python3.12/site-packages/requests/adapters.py", line 667, in send
    resp = conn.urlopen(
           ^^^^^^^^^^^^^
  File "/Users/mucbook/miniforge3/lib/python3.12/site-packages/urllib3/connectionpool.py", line 843, in urlopen
    retries = retries.increment(
              ^^^^^^^^^^^^^^^^^^
  File "/Users/mucbook/miniforge3/lib/python3.12/site-packages/urllib3/util/retry.py", line 474, in increment
    raise reraise(type(error), error, _stacktrace)
          ^^^^^^^^^^^^^^^^^^^^^^^^^^^^^^^^^^^^^^^^
  File "/Users/mucbook/miniforge3/lib/python3.12/site-packages/urllib3/util/util.py", line 39, in reraise
    raise value
  File "/Users/mucbook/miniforge3/lib/python3.12/site-packages/urllib3/connectionpool.py", line 789, in urlopen
    response = self._make_request(
               ^^^^^^^^^^^^^^^^^^^
  File "/Users/mucbook/miniforge3/lib/python3.12/site-packages/urllib3/connectionpool.py", line 538, in _make_request
    self._raise_timeout(err=e, url=url, timeout_value=read_timeout)
  File "/Users/mucbook/miniforge3/lib/python3.12/site-packages/urllib3/connectionpool.py", line 369, in _raise_timeout
    raise ReadTimeoutError(
urllib3.exceptions.ReadTimeoutError: HTTPSConnectionPool(host='api.bybit.com', port=443): Read timed out. (read timeout=10)

During handling of the above exception, another exception occurred:

Traceback (most recent call last):
  File "/Users/mucbook/バシャール/omen_bot/live_bot.py", line 169, in <module>
    response = session.get_kline(
               ^^^^^^^^^^^^^^^^^^
  File "/Users/mucbook/miniforge3/lib/python3.12/site-packages/pybit/_v5_market.py", line 33, in get_kline
    return self._submit_request(
           ^^^^^^^^^^^^^^^^^^^^^
  File "/Users/mucbook/miniforge3/lib/python3.12/site-packages/pybit/_http_manager.py", line 295, in _submit_request
    raise e
  File "/Users/mucbook/miniforge3/lib/python3.12/site-packages/pybit/_http_manager.py", line 282, in _submit_request
    s = self.client.send(r, timeout=self.timeout)
        ^^^^^^^^^^^^^^^^^^^^^^^^^^^^^^^^^^^^^^^^^
  File "/Users/mucbook/miniforge3/lib/python3.12/site-packages/requests/sessions.py", line 703, in send
    r = adapter.send(request, **kwargs)
        ^^^^^^^^^^^^^^^^^^^^^^^^^^^^^^^
  File "/Users/mucbook/miniforge3/lib/python3.12/site-packages/requests/adapters.py", line 713, in send
    raise ReadTimeout(e, request=request)
requests.exceptions.ReadTimeout: HTTPSConnectionPool(host='api.bybit.com', port=443): Read timed out. (read timeout=10)

2025-11-16 15:00:22,935 - INFO - New 1-hour candle detected: 2025-11-16 06:00:00
2025-11-16 15:00:22,943 - INFO - Successfully logged data for candle to hourly_data_log.csv: 2025-11-16 06:00:00
2025-11-16 15:16:33,723 - ERROR - An unexpected error occurred!
2025-11-16 15:16:33,730 - ERROR - Traceback (most recent call last):
  File "/Users/mucbook/miniforge3/lib/python3.12/site-packages/urllib3/connectionpool.py", line 536, in _make_request
    response = conn.getresponse()
               ^^^^^^^^^^^^^^^^^^
  File "/Users/mucbook/miniforge3/lib/python3.12/site-packages/urllib3/connection.py", line 507, in getresponse
    httplib_response = super().getresponse()
                       ^^^^^^^^^^^^^^^^^^^^^
  File "/Users/mucbook/miniforge3/lib/python3.12/http/client.py", line 1428, in getresponse
    response.begin()
  File "/Users/mucbook/miniforge3/lib/python3.12/http/client.py", line 331, in begin
    version, status, reason = self._read_status()
                              ^^^^^^^^^^^^^^^^^^^
  File "/Users/mucbook/miniforge3/lib/python3.12/http/client.py", line 292, in _read_status
    line = str(self.fp.readline(_MAXLINE + 1), "iso-8859-1")
               ^^^^^^^^^^^^^^^^^^^^^^^^^^^^^^
  File "/Users/mucbook/miniforge3/lib/python3.12/socket.py", line 720, in readinto
    return self._sock.recv_into(b)
           ^^^^^^^^^^^^^^^^^^^^^^^
  File "/Users/mucbook/miniforge3/lib/python3.12/ssl.py", line 1251, in recv_into
    return self.read(nbytes, buffer)
           ^^^^^^^^^^^^^^^^^^^^^^^^^
  File "/Users/mucbook/miniforge3/lib/python3.12/ssl.py", line 1103, in read
    return self._sslobj.read(len, buffer)
           ^^^^^^^^^^^^^^^^^^^^^^^^^^^^^^
TimeoutError: The read operation timed out

The above exception was the direct cause of the following exception:

Traceback (most recent call last):
  File "/Users/mucbook/miniforge3/lib/python3.12/site-packages/requests/adapters.py", line 667, in send
    resp = conn.urlopen(
           ^^^^^^^^^^^^^
  File "/Users/mucbook/miniforge3/lib/python3.12/site-packages/urllib3/connectionpool.py", line 843, in urlopen
    retries = retries.increment(
              ^^^^^^^^^^^^^^^^^^
  File "/Users/mucbook/miniforge3/lib/python3.12/site-packages/urllib3/util/retry.py", line 474, in increment
    raise reraise(type(error), error, _stacktrace)
          ^^^^^^^^^^^^^^^^^^^^^^^^^^^^^^^^^^^^^^^^
  File "/Users/mucbook/miniforge3/lib/python3.12/site-packages/urllib3/util/util.py", line 39, in reraise
    raise value
  File "/Users/mucbook/miniforge3/lib/python3.12/site-packages/urllib3/connectionpool.py", line 789, in urlopen
    response = self._make_request(
               ^^^^^^^^^^^^^^^^^^^
  File "/Users/mucbook/miniforge3/lib/python3.12/site-packages/urllib3/connectionpool.py", line 538, in _make_request
    self._raise_timeout(err=e, url=url, timeout_value=read_timeout)
  File "/Users/mucbook/miniforge3/lib/python3.12/site-packages/urllib3/connectionpool.py", line 369, in _raise_timeout
    raise ReadTimeoutError(
urllib3.exceptions.ReadTimeoutError: HTTPSConnectionPool(host='api.bybit.com', port=443): Read timed out. (read timeout=10)

During handling of the above exception, another exception occurred:

Traceback (most recent call last):
  File "/Users/mucbook/バシャール/omen_bot/live_bot.py", line 169, in <module>
    response = session.get_kline(
               ^^^^^^^^^^^^^^^^^^
  File "/Users/mucbook/miniforge3/lib/python3.12/site-packages/pybit/_v5_market.py", line 33, in get_kline
    return self._submit_request(
           ^^^^^^^^^^^^^^^^^^^^^
  File "/Users/mucbook/miniforge3/lib/python3.12/site-packages/pybit/_http_manager.py", line 295, in _submit_request
    raise e
  File "/Users/mucbook/miniforge3/lib/python3.12/site-packages/pybit/_http_manager.py", line 282, in _submit_request
    s = self.client.send(r, timeout=self.timeout)
        ^^^^^^^^^^^^^^^^^^^^^^^^^^^^^^^^^^^^^^^^^
  File "/Users/mucbook/miniforge3/lib/python3.12/site-packages/requests/sessions.py", line 703, in send
    r = adapter.send(request, **kwargs)
        ^^^^^^^^^^^^^^^^^^^^^^^^^^^^^^^
  File "/Users/mucbook/miniforge3/lib/python3.12/site-packages/requests/adapters.py", line 713, in send
    raise ReadTimeout(e, request=request)
requests.exceptions.ReadTimeout: HTTPSConnectionPool(host='api.bybit.com', port=443): Read timed out. (read timeout=10)

2025-11-16 15:18:03,738 - ERROR - An unexpected error occurred!
2025-11-16 15:18:03,742 - ERROR - Traceback (most recent call last):
  File "/Users/mucbook/miniforge3/lib/python3.12/site-packages/urllib3/connection.py", line 199, in _new_conn
    sock = connection.create_connection(
           ^^^^^^^^^^^^^^^^^^^^^^^^^^^^^
  File "/Users/mucbook/miniforge3/lib/python3.12/site-packages/urllib3/util/connection.py", line 60, in create_connection
    for res in socket.getaddrinfo(host, port, family, socket.SOCK_STREAM):
               ^^^^^^^^^^^^^^^^^^^^^^^^^^^^^^^^^^^^^^^^^^^^^^^^^^^^^^^^^^
  File "/Users/mucbook/miniforge3/lib/python3.12/socket.py", line 976, in getaddrinfo
    for res in _socket.getaddrinfo(host, port, family, type, proto, flags):
               ^^^^^^^^^^^^^^^^^^^^^^^^^^^^^^^^^^^^^^^^^^^^^^^^^^^^^^^^^^^
socket.gaierror: [Errno 8] nodename nor servname provided, or not known

The above exception was the direct cause of the following exception:

Traceback (most recent call last):
  File "/Users/mucbook/miniforge3/lib/python3.12/site-packages/urllib3/connectionpool.py", line 789, in urlopen
    response = self._make_request(
               ^^^^^^^^^^^^^^^^^^^
  File "/Users/mucbook/miniforge3/lib/python3.12/site-packages/urllib3/connectionpool.py", line 490, in _make_request
    raise new_e
  File "/Users/mucbook/miniforge3/lib/python3.12/site-packages/urllib3/connectionpool.py", line 466, in _make_request
    self._validate_conn(conn)
  File "/Users/mucbook/miniforge3/lib/python3.12/site-packages/urllib3/connectionpool.py", line 1095, in _validate_conn
    conn.connect()
  File "/Users/mucbook/miniforge3/lib/python3.12/site-packages/urllib3/connection.py", line 693, in connect
    self.sock = sock = self._new_conn()
                       ^^^^^^^^^^^^^^^^
  File "/Users/mucbook/miniforge3/lib/python3.12/site-packages/urllib3/connection.py", line 206, in _new_conn
    raise NameResolutionError(self.host, self, e) from e
urllib3.exceptions.NameResolutionError: <urllib3.connection.HTTPSConnection object at 0x119208260>: Failed to resolve 'api.bybit.com' ([Errno 8] nodename nor servname provided, or not known)

The above exception was the direct cause of the following exception:

Traceback (most recent call last):
  File "/Users/mucbook/miniforge3/lib/python3.12/site-packages/requests/adapters.py", line 667, in send
    resp = conn.urlopen(
           ^^^^^^^^^^^^^
  File "/Users/mucbook/miniforge3/lib/python3.12/site-packages/urllib3/connectionpool.py", line 843, in urlopen
    retries = retries.increment(
              ^^^^^^^^^^^^^^^^^^
  File "/Users/mucbook/miniforge3/lib/python3.12/site-packages/urllib3/util/retry.py", line 519, in increment
    raise MaxRetryError(_pool, url, reason) from reason  # type: ignore[arg-type]
    ^^^^^^^^^^^^^^^^^^^^^^^^^^^^^^^^^^^^^^^^^^^^^^^^^^^
urllib3.exceptions.MaxRetryError: HTTPSConnectionPool(host='api.bybit.com', port=443): Max retries exceeded with url: /v5/market/kline?category=spot&interval=60&limit=30&symbol=BTCUSDT (Caused by NameResolutionError("<urllib3.connection.HTTPSConnection object at 0x119208260>: Failed to resolve 'api.bybit.com' ([Errno 8] nodename nor servname provided, or not known)"))

During handling of the above exception, another exception occurred:

Traceback (most recent call last):
  File "/Users/mucbook/バシャール/omen_bot/live_bot.py", line 169, in <module>
    response = session.get_kline(
               ^^^^^^^^^^^^^^^^^^
  File "/Users/mucbook/miniforge3/lib/python3.12/site-packages/pybit/_v5_market.py", line 33, in get_kline
    return self._submit_request(
           ^^^^^^^^^^^^^^^^^^^^^
  File "/Users/mucbook/miniforge3/lib/python3.12/site-packages/pybit/_http_manager.py", line 295, in _submit_request
    raise e
  File "/Users/mucbook/miniforge3/lib/python3.12/site-packages/pybit/_http_manager.py", line 282, in _submit_request
    s = self.client.send(r, timeout=self.timeout)
        ^^^^^^^^^^^^^^^^^^^^^^^^^^^^^^^^^^^^^^^^^
  File "/Users/mucbook/miniforge3/lib/python3.12/site-packages/requests/sessions.py", line 703, in send
    r = adapter.send(request, **kwargs)
        ^^^^^^^^^^^^^^^^^^^^^^^^^^^^^^^
  File "/Users/mucbook/miniforge3/lib/python3.12/site-packages/requests/adapters.py", line 700, in send
    raise ConnectionError(e, request=request)
requests.exceptions.ConnectionError: HTTPSConnectionPool(host='api.bybit.com', port=443): Max retries exceeded with url: /v5/market/kline?category=spot&interval=60&limit=30&symbol=BTCUSDT (Caused by NameResolutionError("<urllib3.connection.HTTPSConnection object at 0x119208260>: Failed to resolve 'api.bybit.com' ([Errno 8] nodename nor servname provided, or not known)"))

2025-11-16 15:19:33,750 - ERROR - An unexpected error occurred!
2025-11-16 15:19:33,757 - ERROR - Traceback (most recent call last):
  File "/Users/mucbook/miniforge3/lib/python3.12/site-packages/urllib3/connection.py", line 199, in _new_conn
    sock = connection.create_connection(
           ^^^^^^^^^^^^^^^^^^^^^^^^^^^^^
  File "/Users/mucbook/miniforge3/lib/python3.12/site-packages/urllib3/util/connection.py", line 60, in create_connection
    for res in socket.getaddrinfo(host, port, family, socket.SOCK_STREAM):
               ^^^^^^^^^^^^^^^^^^^^^^^^^^^^^^^^^^^^^^^^^^^^^^^^^^^^^^^^^^
  File "/Users/mucbook/miniforge3/lib/python3.12/socket.py", line 976, in getaddrinfo
    for res in _socket.getaddrinfo(host, port, family, type, proto, flags):
               ^^^^^^^^^^^^^^^^^^^^^^^^^^^^^^^^^^^^^^^^^^^^^^^^^^^^^^^^^^^
socket.gaierror: [Errno 8] nodename nor servname provided, or not known

The above exception was the direct cause of the following exception:

Traceback (most recent call last):
  File "/Users/mucbook/miniforge3/lib/python3.12/site-packages/urllib3/connectionpool.py", line 789, in urlopen
    response = self._make_request(
               ^^^^^^^^^^^^^^^^^^^
  File "/Users/mucbook/miniforge3/lib/python3.12/site-packages/urllib3/connectionpool.py", line 490, in _make_request
    raise new_e
  File "/Users/mucbook/miniforge3/lib/python3.12/site-packages/urllib3/connectionpool.py", line 466, in _make_request
    self._validate_conn(conn)
  File "/Users/mucbook/miniforge3/lib/python3.12/site-packages/urllib3/connectionpool.py", line 1095, in _validate_conn
    conn.connect()
  File "/Users/mucbook/miniforge3/lib/python3.12/site-packages/urllib3/connection.py", line 693, in connect
    self.sock = sock = self._new_conn()
                       ^^^^^^^^^^^^^^^^
  File "/Users/mucbook/miniforge3/lib/python3.12/site-packages/urllib3/connection.py", line 206, in _new_conn
    raise NameResolutionError(self.host, self, e) from e
urllib3.exceptions.NameResolutionError: <urllib3.connection.HTTPSConnection object at 0x11920baa0>: Failed to resolve 'api.bybit.com' ([Errno 8] nodename nor servname provided, or not known)

The above exception was the direct cause of the following exception:

Traceback (most recent call last):
  File "/Users/mucbook/miniforge3/lib/python3.12/site-packages/requests/adapters.py", line 667, in send
    resp = conn.urlopen(
           ^^^^^^^^^^^^^
  File "/Users/mucbook/miniforge3/lib/python3.12/site-packages/urllib3/connectionpool.py", line 843, in urlopen
    retries = retries.increment(
              ^^^^^^^^^^^^^^^^^^
  File "/Users/mucbook/miniforge3/lib/python3.12/site-packages/urllib3/util/retry.py", line 519, in increment
    raise MaxRetryError(_pool, url, reason) from reason  # type: ignore[arg-type]
    ^^^^^^^^^^^^^^^^^^^^^^^^^^^^^^^^^^^^^^^^^^^^^^^^^^^
urllib3.exceptions.MaxRetryError: HTTPSConnectionPool(host='api.bybit.com', port=443): Max retries exceeded with url: /v5/market/kline?category=spot&interval=60&limit=30&symbol=BTCUSDT (Caused by NameResolutionError("<urllib3.connection.HTTPSConnection object at 0x11920baa0>: Failed to resolve 'api.bybit.com' ([Errno 8] nodename nor servname provided, or not known)"))

During handling of the above exception, another exception occurred:

Traceback (most recent call last):
  File "/Users/mucbook/バシャール/omen_bot/live_bot.py", line 169, in <module>
    response = session.get_kline(
               ^^^^^^^^^^^^^^^^^^
  File "/Users/mucbook/miniforge3/lib/python3.12/site-packages/pybit/_v5_market.py", line 33, in get_kline
    return self._submit_request(
           ^^^^^^^^^^^^^^^^^^^^^
  File "/Users/mucbook/miniforge3/lib/python3.12/site-packages/pybit/_http_manager.py", line 295, in _submit_request
    raise e
  File "/Users/mucbook/miniforge3/lib/python3.12/site-packages/pybit/_http_manager.py", line 282, in _submit_request
    s = self.client.send(r, timeout=self.timeout)
        ^^^^^^^^^^^^^^^^^^^^^^^^^^^^^^^^^^^^^^^^^
  File "/Users/mucbook/miniforge3/lib/python3.12/site-packages/requests/sessions.py", line 703, in send
    r = adapter.send(request, **kwargs)
        ^^^^^^^^^^^^^^^^^^^^^^^^^^^^^^^
  File "/Users/mucbook/miniforge3/lib/python3.12/site-packages/requests/adapters.py", line 700, in send
    raise ConnectionError(e, request=request)
requests.exceptions.ConnectionError: HTTPSConnectionPool(host='api.bybit.com', port=443): Max retries exceeded with url: /v5/market/kline?category=spot&interval=60&limit=30&symbol=BTCUSDT (Caused by NameResolutionError("<urllib3.connection.HTTPSConnection object at 0x11920baa0>: Failed to resolve 'api.bybit.com' ([Errno 8] nodename nor servname provided, or not known)"))

2025-11-16 15:21:03,764 - ERROR - An unexpected error occurred!
2025-11-16 15:21:03,770 - ERROR - Traceback (most recent call last):
  File "/Users/mucbook/miniforge3/lib/python3.12/site-packages/urllib3/connection.py", line 199, in _new_conn
    sock = connection.create_connection(
           ^^^^^^^^^^^^^^^^^^^^^^^^^^^^^
  File "/Users/mucbook/miniforge3/lib/python3.12/site-packages/urllib3/util/connection.py", line 60, in create_connection
    for res in socket.getaddrinfo(host, port, family, socket.SOCK_STREAM):
               ^^^^^^^^^^^^^^^^^^^^^^^^^^^^^^^^^^^^^^^^^^^^^^^^^^^^^^^^^^
  File "/Users/mucbook/miniforge3/lib/python3.12/socket.py", line 976, in getaddrinfo
    for res in _socket.getaddrinfo(host, port, family, type, proto, flags):
               ^^^^^^^^^^^^^^^^^^^^^^^^^^^^^^^^^^^^^^^^^^^^^^^^^^^^^^^^^^^
socket.gaierror: [Errno 8] nodename nor servname provided, or not known

The above exception was the direct cause of the following exception:

Traceback (most recent call last):
  File "/Users/mucbook/miniforge3/lib/python3.12/site-packages/urllib3/connectionpool.py", line 789, in urlopen
    response = self._make_request(
               ^^^^^^^^^^^^^^^^^^^
  File "/Users/mucbook/miniforge3/lib/python3.12/site-packages/urllib3/connectionpool.py", line 490, in _make_request
    raise new_e
  File "/Users/mucbook/miniforge3/lib/python3.12/site-packages/urllib3/connectionpool.py", line 466, in _make_request
    self._validate_conn(conn)
  File "/Users/mucbook/miniforge3/lib/python3.12/site-packages/urllib3/connectionpool.py", line 1095, in _validate_conn
    conn.connect()
  File "/Users/mucbook/miniforge3/lib/python3.12/site-packages/urllib3/connection.py", line 693, in connect
    self.sock = sock = self._new_conn()
                       ^^^^^^^^^^^^^^^^
  File "/Users/mucbook/miniforge3/lib/python3.12/site-packages/urllib3/connection.py", line 206, in _new_conn
    raise NameResolutionError(self.host, self, e) from e
urllib3.exceptions.NameResolutionError: <urllib3.connection.HTTPSConnection object at 0x1192322d0>: Failed to resolve 'api.bybit.com' ([Errno 8] nodename nor servname provided, or not known)

The above exception was the direct cause of the following exception:

Traceback (most recent call last):
  File "/Users/mucbook/miniforge3/lib/python3.12/site-packages/requests/adapters.py", line 667, in send
    resp = conn.urlopen(
           ^^^^^^^^^^^^^
  File "/Users/mucbook/miniforge3/lib/python3.12/site-packages/urllib3/connectionpool.py", line 843, in urlopen
    retries = retries.increment(
              ^^^^^^^^^^^^^^^^^^
  File "/Users/mucbook/miniforge3/lib/python3.12/site-packages/urllib3/util/retry.py", line 519, in increment
    raise MaxRetryError(_pool, url, reason) from reason  # type: ignore[arg-type]
    ^^^^^^^^^^^^^^^^^^^^^^^^^^^^^^^^^^^^^^^^^^^^^^^^^^^
urllib3.exceptions.MaxRetryError: HTTPSConnectionPool(host='api.bybit.com', port=443): Max retries exceeded with url: /v5/market/kline?category=spot&interval=60&limit=30&symbol=BTCUSDT (Caused by NameResolutionError("<urllib3.connection.HTTPSConnection object at 0x1192322d0>: Failed to resolve 'api.bybit.com' ([Errno 8] nodename nor servname provided, or not known)"))

During handling of the above exception, another exception occurred:

Traceback (most recent call last):
  File "/Users/mucbook/バシャール/omen_bot/live_bot.py", line 169, in <module>
    response = session.get_kline(
               ^^^^^^^^^^^^^^^^^^
  File "/Users/mucbook/miniforge3/lib/python3.12/site-packages/pybit/_v5_market.py", line 33, in get_kline
    return self._submit_request(
           ^^^^^^^^^^^^^^^^^^^^^
  File "/Users/mucbook/miniforge3/lib/python3.12/site-packages/pybit/_http_manager.py", line 295, in _submit_request
    raise e
  File "/Users/mucbook/miniforge3/lib/python3.12/site-packages/pybit/_http_manager.py", line 282, in _submit_request
    s = self.client.send(r, timeout=self.timeout)
        ^^^^^^^^^^^^^^^^^^^^^^^^^^^^^^^^^^^^^^^^^
  File "/Users/mucbook/miniforge3/lib/python3.12/site-packages/requests/sessions.py", line 703, in send
    r = adapter.send(request, **kwargs)
        ^^^^^^^^^^^^^^^^^^^^^^^^^^^^^^^
  File "/Users/mucbook/miniforge3/lib/python3.12/site-packages/requests/adapters.py", line 700, in send
    raise ConnectionError(e, request=request)
requests.exceptions.ConnectionError: HTTPSConnectionPool(host='api.bybit.com', port=443): Max retries exceeded with url: /v5/market/kline?category=spot&interval=60&limit=30&symbol=BTCUSDT (Caused by NameResolutionError("<urllib3.connection.HTTPSConnection object at 0x1192322d0>: Failed to resolve 'api.bybit.com' ([Errno 8] nodename nor servname provided, or not known)"))

2025-11-16 15:23:37,744 - ERROR - An unexpected error occurred!
2025-11-16 15:23:37,746 - ERROR - Traceback (most recent call last):
  File "/Users/mucbook/miniforge3/lib/python3.12/site-packages/urllib3/connectionpool.py", line 536, in _make_request
    response = conn.getresponse()
               ^^^^^^^^^^^^^^^^^^
  File "/Users/mucbook/miniforge3/lib/python3.12/site-packages/urllib3/connection.py", line 507, in getresponse
    httplib_response = super().getresponse()
                       ^^^^^^^^^^^^^^^^^^^^^
  File "/Users/mucbook/miniforge3/lib/python3.12/http/client.py", line 1428, in getresponse
    response.begin()
  File "/Users/mucbook/miniforge3/lib/python3.12/http/client.py", line 331, in begin
    version, status, reason = self._read_status()
                              ^^^^^^^^^^^^^^^^^^^
  File "/Users/mucbook/miniforge3/lib/python3.12/http/client.py", line 292, in _read_status
    line = str(self.fp.readline(_MAXLINE + 1), "iso-8859-1")
               ^^^^^^^^^^^^^^^^^^^^^^^^^^^^^^
  File "/Users/mucbook/miniforge3/lib/python3.12/socket.py", line 720, in readinto
    return self._sock.recv_into(b)
           ^^^^^^^^^^^^^^^^^^^^^^^
  File "/Users/mucbook/miniforge3/lib/python3.12/ssl.py", line 1251, in recv_into
    return self.read(nbytes, buffer)
           ^^^^^^^^^^^^^^^^^^^^^^^^^
  File "/Users/mucbook/miniforge3/lib/python3.12/ssl.py", line 1103, in read
    return self._sslobj.read(len, buffer)
           ^^^^^^^^^^^^^^^^^^^^^^^^^^^^^^
TimeoutError: The read operation timed out

The above exception was the direct cause of the following exception:

Traceback (most recent call last):
  File "/Users/mucbook/miniforge3/lib/python3.12/site-packages/requests/adapters.py", line 667, in send
    resp = conn.urlopen(
           ^^^^^^^^^^^^^
  File "/Users/mucbook/miniforge3/lib/python3.12/site-packages/urllib3/connectionpool.py", line 843, in urlopen
    retries = retries.increment(
              ^^^^^^^^^^^^^^^^^^
  File "/Users/mucbook/miniforge3/lib/python3.12/site-packages/urllib3/util/retry.py", line 474, in increment
    raise reraise(type(error), error, _stacktrace)
          ^^^^^^^^^^^^^^^^^^^^^^^^^^^^^^^^^^^^^^^^
  File "/Users/mucbook/miniforge3/lib/python3.12/site-packages/urllib3/util/util.py", line 39, in reraise
    raise value
  File "/Users/mucbook/miniforge3/lib/python3.12/site-packages/urllib3/connectionpool.py", line 789, in urlopen
    response = self._make_request(
               ^^^^^^^^^^^^^^^^^^^
  File "/Users/mucbook/miniforge3/lib/python3.12/site-packages/urllib3/connectionpool.py", line 538, in _make_request
    self._raise_timeout(err=e, url=url, timeout_value=read_timeout)
  File "/Users/mucbook/miniforge3/lib/python3.12/site-packages/urllib3/connectionpool.py", line 369, in _raise_timeout
    raise ReadTimeoutError(
urllib3.exceptions.ReadTimeoutError: HTTPSConnectionPool(host='api.bybit.com', port=443): Read timed out. (read timeout=10)

During handling of the above exception, another exception occurred:

Traceback (most recent call last):
  File "/Users/mucbook/バシャール/omen_bot/live_bot.py", line 169, in <module>
    response = session.get_kline(
               ^^^^^^^^^^^^^^^^^^
  File "/Users/mucbook/miniforge3/lib/python3.12/site-packages/pybit/_v5_market.py", line 33, in get_kline
    return self._submit_request(
           ^^^^^^^^^^^^^^^^^^^^^
  File "/Users/mucbook/miniforge3/lib/python3.12/site-packages/pybit/_http_manager.py", line 295, in _submit_request
    raise e
  File "/Users/mucbook/miniforge3/lib/python3.12/site-packages/pybit/_http_manager.py", line 282, in _submit_request
    s = self.client.send(r, timeout=self.timeout)
        ^^^^^^^^^^^^^^^^^^^^^^^^^^^^^^^^^^^^^^^^^
  File "/Users/mucbook/miniforge3/lib/python3.12/site-packages/requests/sessions.py", line 703, in send
    r = adapter.send(request, **kwargs)
        ^^^^^^^^^^^^^^^^^^^^^^^^^^^^^^^
  File "/Users/mucbook/miniforge3/lib/python3.12/site-packages/requests/adapters.py", line 713, in send
    raise ReadTimeout(e, request=request)
requests.exceptions.ReadTimeout: HTTPSConnectionPool(host='api.bybit.com', port=443): Read timed out. (read timeout=10)

2025-11-16 15:26:58,665 - ERROR - An unexpected error occurred!
2025-11-16 15:26:58,670 - ERROR - Traceback (most recent call last):
  File "/Users/mucbook/miniforge3/lib/python3.12/site-packages/urllib3/connectionpool.py", line 536, in _make_request
    response = conn.getresponse()
               ^^^^^^^^^^^^^^^^^^
  File "/Users/mucbook/miniforge3/lib/python3.12/site-packages/urllib3/connection.py", line 507, in getresponse
    httplib_response = super().getresponse()
                       ^^^^^^^^^^^^^^^^^^^^^
  File "/Users/mucbook/miniforge3/lib/python3.12/http/client.py", line 1428, in getresponse
    response.begin()
  File "/Users/mucbook/miniforge3/lib/python3.12/http/client.py", line 331, in begin
    version, status, reason = self._read_status()
                              ^^^^^^^^^^^^^^^^^^^
  File "/Users/mucbook/miniforge3/lib/python3.12/http/client.py", line 292, in _read_status
    line = str(self.fp.readline(_MAXLINE + 1), "iso-8859-1")
               ^^^^^^^^^^^^^^^^^^^^^^^^^^^^^^
  File "/Users/mucbook/miniforge3/lib/python3.12/socket.py", line 720, in readinto
    return self._sock.recv_into(b)
           ^^^^^^^^^^^^^^^^^^^^^^^
  File "/Users/mucbook/miniforge3/lib/python3.12/ssl.py", line 1251, in recv_into
    return self.read(nbytes, buffer)
           ^^^^^^^^^^^^^^^^^^^^^^^^^
  File "/Users/mucbook/miniforge3/lib/python3.12/ssl.py", line 1103, in read
    return self._sslobj.read(len, buffer)
           ^^^^^^^^^^^^^^^^^^^^^^^^^^^^^^
TimeoutError: The read operation timed out

The above exception was the direct cause of the following exception:

Traceback (most recent call last):
  File "/Users/mucbook/miniforge3/lib/python3.12/site-packages/requests/adapters.py", line 667, in send
    resp = conn.urlopen(
           ^^^^^^^^^^^^^
  File "/Users/mucbook/miniforge3/lib/python3.12/site-packages/urllib3/connectionpool.py", line 843, in urlopen
    retries = retries.increment(
              ^^^^^^^^^^^^^^^^^^
  File "/Users/mucbook/miniforge3/lib/python3.12/site-packages/urllib3/util/retry.py", line 474, in increment
    raise reraise(type(error), error, _stacktrace)
          ^^^^^^^^^^^^^^^^^^^^^^^^^^^^^^^^^^^^^^^^
  File "/Users/mucbook/miniforge3/lib/python3.12/site-packages/urllib3/util/util.py", line 39, in reraise
    raise value
  File "/Users/mucbook/miniforge3/lib/python3.12/site-packages/urllib3/connectionpool.py", line 789, in urlopen
    response = self._make_request(
               ^^^^^^^^^^^^^^^^^^^
  File "/Users/mucbook/miniforge3/lib/python3.12/site-packages/urllib3/connectionpool.py", line 538, in _make_request
    self._raise_timeout(err=e, url=url, timeout_value=read_timeout)
  File "/Users/mucbook/miniforge3/lib/python3.12/site-packages/urllib3/connectionpool.py", line 369, in _raise_timeout
    raise ReadTimeoutError(
urllib3.exceptions.ReadTimeoutError: HTTPSConnectionPool(host='api.bybit.com', port=443): Read timed out. (read timeout=10)

During handling of the above exception, another exception occurred:

Traceback (most recent call last):
  File "/Users/mucbook/バシャール/omen_bot/live_bot.py", line 169, in <module>
    response = session.get_kline(
               ^^^^^^^^^^^^^^^^^^
  File "/Users/mucbook/miniforge3/lib/python3.12/site-packages/pybit/_v5_market.py", line 33, in get_kline
    return self._submit_request(
           ^^^^^^^^^^^^^^^^^^^^^
  File "/Users/mucbook/miniforge3/lib/python3.12/site-packages/pybit/_http_manager.py", line 295, in _submit_request
    raise e
  File "/Users/mucbook/miniforge3/lib/python3.12/site-packages/pybit/_http_manager.py", line 282, in _submit_request
    s = self.client.send(r, timeout=self.timeout)
        ^^^^^^^^^^^^^^^^^^^^^^^^^^^^^^^^^^^^^^^^^
  File "/Users/mucbook/miniforge3/lib/python3.12/site-packages/requests/sessions.py", line 703, in send
    r = adapter.send(request, **kwargs)
        ^^^^^^^^^^^^^^^^^^^^^^^^^^^^^^^
  File "/Users/mucbook/miniforge3/lib/python3.12/site-packages/requests/adapters.py", line 713, in send
    raise ReadTimeout(e, request=request)
requests.exceptions.ReadTimeout: HTTPSConnectionPool(host='api.bybit.com', port=443): Read timed out. (read timeout=10)

2025-11-16 15:29:15,781 - ERROR - An unexpected error occurred!
2025-11-16 15:29:15,786 - ERROR - Traceback (most recent call last):
  File "/Users/mucbook/miniforge3/lib/python3.12/site-packages/urllib3/connectionpool.py", line 536, in _make_request
    response = conn.getresponse()
               ^^^^^^^^^^^^^^^^^^
  File "/Users/mucbook/miniforge3/lib/python3.12/site-packages/urllib3/connection.py", line 507, in getresponse
    httplib_response = super().getresponse()
                       ^^^^^^^^^^^^^^^^^^^^^
  File "/Users/mucbook/miniforge3/lib/python3.12/http/client.py", line 1428, in getresponse
    response.begin()
  File "/Users/mucbook/miniforge3/lib/python3.12/http/client.py", line 331, in begin
    version, status, reason = self._read_status()
                              ^^^^^^^^^^^^^^^^^^^
  File "/Users/mucbook/miniforge3/lib/python3.12/http/client.py", line 292, in _read_status
    line = str(self.fp.readline(_MAXLINE + 1), "iso-8859-1")
               ^^^^^^^^^^^^^^^^^^^^^^^^^^^^^^
  File "/Users/mucbook/miniforge3/lib/python3.12/socket.py", line 720, in readinto
    return self._sock.recv_into(b)
           ^^^^^^^^^^^^^^^^^^^^^^^
  File "/Users/mucbook/miniforge3/lib/python3.12/ssl.py", line 1251, in recv_into
    return self.read(nbytes, buffer)
           ^^^^^^^^^^^^^^^^^^^^^^^^^
  File "/Users/mucbook/miniforge3/lib/python3.12/ssl.py", line 1103, in read
    return self._sslobj.read(len, buffer)
           ^^^^^^^^^^^^^^^^^^^^^^^^^^^^^^
TimeoutError: The read operation timed out

The above exception was the direct cause of the following exception:

Traceback (most recent call last):
  File "/Users/mucbook/miniforge3/lib/python3.12/site-packages/requests/adapters.py", line 667, in send
    resp = conn.urlopen(
           ^^^^^^^^^^^^^
  File "/Users/mucbook/miniforge3/lib/python3.12/site-packages/urllib3/connectionpool.py", line 843, in urlopen
    retries = retries.increment(
              ^^^^^^^^^^^^^^^^^^
  File "/Users/mucbook/miniforge3/lib/python3.12/site-packages/urllib3/util/retry.py", line 474, in increment
    raise reraise(type(error), error, _stacktrace)
          ^^^^^^^^^^^^^^^^^^^^^^^^^^^^^^^^^^^^^^^^
  File "/Users/mucbook/miniforge3/lib/python3.12/site-packages/urllib3/util/util.py", line 39, in reraise
    raise value
  File "/Users/mucbook/miniforge3/lib/python3.12/site-packages/urllib3/connectionpool.py", line 789, in urlopen
    response = self._make_request(
               ^^^^^^^^^^^^^^^^^^^
  File "/Users/mucbook/miniforge3/lib/python3.12/site-packages/urllib3/connectionpool.py", line 538, in _make_request
    self._raise_timeout(err=e, url=url, timeout_value=read_timeout)
  File "/Users/mucbook/miniforge3/lib/python3.12/site-packages/urllib3/connectionpool.py", line 369, in _raise_timeout
    raise ReadTimeoutError(
urllib3.exceptions.ReadTimeoutError: HTTPSConnectionPool(host='api.bybit.com', port=443): Read timed out. (read timeout=10)

During handling of the above exception, another exception occurred:

Traceback (most recent call last):
  File "/Users/mucbook/バシャール/omen_bot/live_bot.py", line 169, in <module>
    response = session.get_kline(
               ^^^^^^^^^^^^^^^^^^
  File "/Users/mucbook/miniforge3/lib/python3.12/site-packages/pybit/_v5_market.py", line 33, in get_kline
    return self._submit_request(
           ^^^^^^^^^^^^^^^^^^^^^
  File "/Users/mucbook/miniforge3/lib/python3.12/site-packages/pybit/_http_manager.py", line 295, in _submit_request
    raise e
  File "/Users/mucbook/miniforge3/lib/python3.12/site-packages/pybit/_http_manager.py", line 282, in _submit_request
    s = self.client.send(r, timeout=self.timeout)
        ^^^^^^^^^^^^^^^^^^^^^^^^^^^^^^^^^^^^^^^^^
  File "/Users/mucbook/miniforge3/lib/python3.12/site-packages/requests/sessions.py", line 703, in send
    r = adapter.send(request, **kwargs)
        ^^^^^^^^^^^^^^^^^^^^^^^^^^^^^^^
  File "/Users/mucbook/miniforge3/lib/python3.12/site-packages/requests/adapters.py", line 713, in send
    raise ReadTimeout(e, request=request)
requests.exceptions.ReadTimeout: HTTPSConnectionPool(host='api.bybit.com', port=443): Read timed out. (read timeout=10)

2025-11-16 15:31:25,800 - ERROR - An unexpected error occurred!
2025-11-16 15:31:25,805 - ERROR - Traceback (most recent call last):
  File "/Users/mucbook/miniforge3/lib/python3.12/site-packages/urllib3/connection.py", line 199, in _new_conn
    sock = connection.create_connection(
           ^^^^^^^^^^^^^^^^^^^^^^^^^^^^^
  File "/Users/mucbook/miniforge3/lib/python3.12/site-packages/urllib3/util/connection.py", line 85, in create_connection
    raise err
  File "/Users/mucbook/miniforge3/lib/python3.12/site-packages/urllib3/util/connection.py", line 73, in create_connection
    sock.connect(sa)
TimeoutError: timed out

The above exception was the direct cause of the following exception:

Traceback (most recent call last):
  File "/Users/mucbook/miniforge3/lib/python3.12/site-packages/urllib3/connectionpool.py", line 789, in urlopen
    response = self._make_request(
               ^^^^^^^^^^^^^^^^^^^
  File "/Users/mucbook/miniforge3/lib/python3.12/site-packages/urllib3/connectionpool.py", line 490, in _make_request
    raise new_e
  File "/Users/mucbook/miniforge3/lib/python3.12/site-packages/urllib3/connectionpool.py", line 466, in _make_request
    self._validate_conn(conn)
  File "/Users/mucbook/miniforge3/lib/python3.12/site-packages/urllib3/connectionpool.py", line 1095, in _validate_conn
    conn.connect()
  File "/Users/mucbook/miniforge3/lib/python3.12/site-packages/urllib3/connection.py", line 693, in connect
    self.sock = sock = self._new_conn()
                       ^^^^^^^^^^^^^^^^
  File "/Users/mucbook/miniforge3/lib/python3.12/site-packages/urllib3/connection.py", line 208, in _new_conn
    raise ConnectTimeoutError(
urllib3.exceptions.ConnectTimeoutError: (<urllib3.connection.HTTPSConnection object at 0x119230800>, 'Connection to api.bybit.com timed out. (connect timeout=10)')

The above exception was the direct cause of the following exception:

Traceback (most recent call last):
  File "/Users/mucbook/miniforge3/lib/python3.12/site-packages/requests/adapters.py", line 667, in send
    resp = conn.urlopen(
           ^^^^^^^^^^^^^
  File "/Users/mucbook/miniforge3/lib/python3.12/site-packages/urllib3/connectionpool.py", line 843, in urlopen
    retries = retries.increment(
              ^^^^^^^^^^^^^^^^^^
  File "/Users/mucbook/miniforge3/lib/python3.12/site-packages/urllib3/util/retry.py", line 519, in increment
    raise MaxRetryError(_pool, url, reason) from reason  # type: ignore[arg-type]
    ^^^^^^^^^^^^^^^^^^^^^^^^^^^^^^^^^^^^^^^^^^^^^^^^^^^
urllib3.exceptions.MaxRetryError: HTTPSConnectionPool(host='api.bybit.com', port=443): Max retries exceeded with url: /v5/market/kline?category=spot&interval=60&limit=30&symbol=BTCUSDT (Caused by ConnectTimeoutError(<urllib3.connection.HTTPSConnection object at 0x119230800>, 'Connection to api.bybit.com timed out. (connect timeout=10)'))

During handling of the above exception, another exception occurred:

Traceback (most recent call last):
  File "/Users/mucbook/バシャール/omen_bot/live_bot.py", line 169, in <module>
    response = session.get_kline(
               ^^^^^^^^^^^^^^^^^^
  File "/Users/mucbook/miniforge3/lib/python3.12/site-packages/pybit/_v5_market.py", line 33, in get_kline
    return self._submit_request(
           ^^^^^^^^^^^^^^^^^^^^^
  File "/Users/mucbook/miniforge3/lib/python3.12/site-packages/pybit/_http_manager.py", line 295, in _submit_request
    raise e
  File "/Users/mucbook/miniforge3/lib/python3.12/site-packages/pybit/_http_manager.py", line 282, in _submit_request
    s = self.client.send(r, timeout=self.timeout)
        ^^^^^^^^^^^^^^^^^^^^^^^^^^^^^^^^^^^^^^^^^
  File "/Users/mucbook/miniforge3/lib/python3.12/site-packages/requests/sessions.py", line 703, in send
    r = adapter.send(request, **kwargs)
        ^^^^^^^^^^^^^^^^^^^^^^^^^^^^^^^
  File "/Users/mucbook/miniforge3/lib/python3.12/site-packages/requests/adapters.py", line 688, in send
    raise ConnectTimeout(e, request=request)
requests.exceptions.ConnectTimeout: HTTPSConnectionPool(host='api.bybit.com', port=443): Max retries exceeded with url: /v5/market/kline?category=spot&interval=60&limit=30&symbol=BTCUSDT (Caused by ConnectTimeoutError(<urllib3.connection.HTTPSConnection object at 0x119230800>, 'Connection to api.bybit.com timed out. (connect timeout=10)'))

2025-11-16 15:32:55,811 - ERROR - An unexpected error occurred!
2025-11-16 15:32:55,815 - ERROR - Traceback (most recent call last):
  File "/Users/mucbook/miniforge3/lib/python3.12/site-packages/urllib3/connection.py", line 199, in _new_conn
    sock = connection.create_connection(
           ^^^^^^^^^^^^^^^^^^^^^^^^^^^^^
  File "/Users/mucbook/miniforge3/lib/python3.12/site-packages/urllib3/util/connection.py", line 60, in create_connection
    for res in socket.getaddrinfo(host, port, family, socket.SOCK_STREAM):
               ^^^^^^^^^^^^^^^^^^^^^^^^^^^^^^^^^^^^^^^^^^^^^^^^^^^^^^^^^^
  File "/Users/mucbook/miniforge3/lib/python3.12/socket.py", line 976, in getaddrinfo
    for res in _socket.getaddrinfo(host, port, family, type, proto, flags):
               ^^^^^^^^^^^^^^^^^^^^^^^^^^^^^^^^^^^^^^^^^^^^^^^^^^^^^^^^^^^
socket.gaierror: [Errno 8] nodename nor servname provided, or not known

The above exception was the direct cause of the following exception:

Traceback (most recent call last):
  File "/Users/mucbook/miniforge3/lib/python3.12/site-packages/urllib3/connectionpool.py", line 789, in urlopen
    response = self._make_request(
               ^^^^^^^^^^^^^^^^^^^
  File "/Users/mucbook/miniforge3/lib/python3.12/site-packages/urllib3/connectionpool.py", line 490, in _make_request
    raise new_e
  File "/Users/mucbook/miniforge3/lib/python3.12/site-packages/urllib3/connectionpool.py", line 466, in _make_request
    self._validate_conn(conn)
  File "/Users/mucbook/miniforge3/lib/python3.12/site-packages/urllib3/connectionpool.py", line 1095, in _validate_conn
    conn.connect()
  File "/Users/mucbook/miniforge3/lib/python3.12/site-packages/urllib3/connection.py", line 693, in connect
    self.sock = sock = self._new_conn()
                       ^^^^^^^^^^^^^^^^
  File "/Users/mucbook/miniforge3/lib/python3.12/site-packages/urllib3/connection.py", line 206, in _new_conn
    raise NameResolutionError(self.host, self, e) from e
urllib3.exceptions.NameResolutionError: <urllib3.connection.HTTPSConnection object at 0x1192321b0>: Failed to resolve 'api.bybit.com' ([Errno 8] nodename nor servname provided, or not known)

The above exception was the direct cause of the following exception:

Traceback (most recent call last):
  File "/Users/mucbook/miniforge3/lib/python3.12/site-packages/requests/adapters.py", line 667, in send
    resp = conn.urlopen(
           ^^^^^^^^^^^^^
  File "/Users/mucbook/miniforge3/lib/python3.12/site-packages/urllib3/connectionpool.py", line 843, in urlopen
    retries = retries.increment(
              ^^^^^^^^^^^^^^^^^^
  File "/Users/mucbook/miniforge3/lib/python3.12/site-packages/urllib3/util/retry.py", line 519, in increment
    raise MaxRetryError(_pool, url, reason) from reason  # type: ignore[arg-type]
    ^^^^^^^^^^^^^^^^^^^^^^^^^^^^^^^^^^^^^^^^^^^^^^^^^^^
urllib3.exceptions.MaxRetryError: HTTPSConnectionPool(host='api.bybit.com', port=443): Max retries exceeded with url: /v5/market/kline?category=spot&interval=60&limit=30&symbol=BTCUSDT (Caused by NameResolutionError("<urllib3.connection.HTTPSConnection object at 0x1192321b0>: Failed to resolve 'api.bybit.com' ([Errno 8] nodename nor servname provided, or not known)"))

During handling of the above exception, another exception occurred:

Traceback (most recent call last):
  File "/Users/mucbook/バシャール/omen_bot/live_bot.py", line 169, in <module>
    response = session.get_kline(
               ^^^^^^^^^^^^^^^^^^
  File "/Users/mucbook/miniforge3/lib/python3.12/site-packages/pybit/_v5_market.py", line 33, in get_kline
    return self._submit_request(
           ^^^^^^^^^^^^^^^^^^^^^
  File "/Users/mucbook/miniforge3/lib/python3.12/site-packages/pybit/_http_manager.py", line 295, in _submit_request
    raise e
  File "/Users/mucbook/miniforge3/lib/python3.12/site-packages/pybit/_http_manager.py", line 282, in _submit_request
    s = self.client.send(r, timeout=self.timeout)
        ^^^^^^^^^^^^^^^^^^^^^^^^^^^^^^^^^^^^^^^^^
  File "/Users/mucbook/miniforge3/lib/python3.12/site-packages/requests/sessions.py", line 703, in send
    r = adapter.send(request, **kwargs)
        ^^^^^^^^^^^^^^^^^^^^^^^^^^^^^^^
  File "/Users/mucbook/miniforge3/lib/python3.12/site-packages/requests/adapters.py", line 700, in send
    raise ConnectionError(e, request=request)
requests.exceptions.ConnectionError: HTTPSConnectionPool(host='api.bybit.com', port=443): Max retries exceeded with url: /v5/market/kline?category=spot&interval=60&limit=30&symbol=BTCUSDT (Caused by NameResolutionError("<urllib3.connection.HTTPSConnection object at 0x1192321b0>: Failed to resolve 'api.bybit.com' ([Errno 8] nodename nor servname provided, or not known)"))

2025-11-16 16:00:01,009 - INFO - New 1-hour candle detected: 2025-11-16 07:00:00
2025-11-16 16:00:01,023 - INFO - Successfully logged data for candle to hourly_data_log.csv: 2025-11-16 07:00:00
2025-11-16 16:31:15,011 - ERROR - An unexpected error occurred!
2025-11-16 16:31:15,017 - ERROR - Traceback (most recent call last):
  File "/Users/mucbook/miniforge3/lib/python3.12/site-packages/urllib3/connectionpool.py", line 789, in urlopen
    response = self._make_request(
               ^^^^^^^^^^^^^^^^^^^
  File "/Users/mucbook/miniforge3/lib/python3.12/site-packages/urllib3/connectionpool.py", line 536, in _make_request
    response = conn.getresponse()
               ^^^^^^^^^^^^^^^^^^
  File "/Users/mucbook/miniforge3/lib/python3.12/site-packages/urllib3/connection.py", line 507, in getresponse
    httplib_response = super().getresponse()
                       ^^^^^^^^^^^^^^^^^^^^^
  File "/Users/mucbook/miniforge3/lib/python3.12/http/client.py", line 1428, in getresponse
    response.begin()
  File "/Users/mucbook/miniforge3/lib/python3.12/http/client.py", line 331, in begin
    version, status, reason = self._read_status()
                              ^^^^^^^^^^^^^^^^^^^
  File "/Users/mucbook/miniforge3/lib/python3.12/http/client.py", line 300, in _read_status
    raise RemoteDisconnected("Remote end closed connection without"
http.client.RemoteDisconnected: Remote end closed connection without response

During handling of the above exception, another exception occurred:

Traceback (most recent call last):
  File "/Users/mucbook/miniforge3/lib/python3.12/site-packages/requests/adapters.py", line 667, in send
    resp = conn.urlopen(
           ^^^^^^^^^^^^^
  File "/Users/mucbook/miniforge3/lib/python3.12/site-packages/urllib3/connectionpool.py", line 843, in urlopen
    retries = retries.increment(
              ^^^^^^^^^^^^^^^^^^
  File "/Users/mucbook/miniforge3/lib/python3.12/site-packages/urllib3/util/retry.py", line 474, in increment
    raise reraise(type(error), error, _stacktrace)
          ^^^^^^^^^^^^^^^^^^^^^^^^^^^^^^^^^^^^^^^^
  File "/Users/mucbook/miniforge3/lib/python3.12/site-packages/urllib3/util/util.py", line 38, in reraise
    raise value.with_traceback(tb)
  File "/Users/mucbook/miniforge3/lib/python3.12/site-packages/urllib3/connectionpool.py", line 789, in urlopen
    response = self._make_request(
               ^^^^^^^^^^^^^^^^^^^
  File "/Users/mucbook/miniforge3/lib/python3.12/site-packages/urllib3/connectionpool.py", line 536, in _make_request
    response = conn.getresponse()
               ^^^^^^^^^^^^^^^^^^
  File "/Users/mucbook/miniforge3/lib/python3.12/site-packages/urllib3/connection.py", line 507, in getresponse
    httplib_response = super().getresponse()
                       ^^^^^^^^^^^^^^^^^^^^^
  File "/Users/mucbook/miniforge3/lib/python3.12/http/client.py", line 1428, in getresponse
    response.begin()
  File "/Users/mucbook/miniforge3/lib/python3.12/http/client.py", line 331, in begin
    version, status, reason = self._read_status()
                              ^^^^^^^^^^^^^^^^^^^
  File "/Users/mucbook/miniforge3/lib/python3.12/http/client.py", line 300, in _read_status
    raise RemoteDisconnected("Remote end closed connection without"
urllib3.exceptions.ProtocolError: ('Connection aborted.', RemoteDisconnected('Remote end closed connection without response'))

During handling of the above exception, another exception occurred:

Traceback (most recent call last):
  File "/Users/mucbook/バシャール/omen_bot/live_bot.py", line 169, in <module>
    response = session.get_kline(
               ^^^^^^^^^^^^^^^^^^
  File "/Users/mucbook/miniforge3/lib/python3.12/site-packages/pybit/_v5_market.py", line 33, in get_kline
    return self._submit_request(
           ^^^^^^^^^^^^^^^^^^^^^
  File "/Users/mucbook/miniforge3/lib/python3.12/site-packages/pybit/_http_manager.py", line 295, in _submit_request
    raise e
  File "/Users/mucbook/miniforge3/lib/python3.12/site-packages/pybit/_http_manager.py", line 282, in _submit_request
    s = self.client.send(r, timeout=self.timeout)
        ^^^^^^^^^^^^^^^^^^^^^^^^^^^^^^^^^^^^^^^^^
  File "/Users/mucbook/miniforge3/lib/python3.12/site-packages/requests/sessions.py", line 703, in send
    r = adapter.send(request, **kwargs)
        ^^^^^^^^^^^^^^^^^^^^^^^^^^^^^^^
  File "/Users/mucbook/miniforge3/lib/python3.12/site-packages/requests/adapters.py", line 682, in send
    raise ConnectionError(err, request=request)
requests.exceptions.ConnectionError: ('Connection aborted.', RemoteDisconnected('Remote end closed connection without response'))

2025-11-16 16:33:25,507 - ERROR - An unexpected error occurred!
2025-11-16 16:33:25,514 - ERROR - Traceback (most recent call last):
  File "/Users/mucbook/miniforge3/lib/python3.12/site-packages/urllib3/connectionpool.py", line 536, in _make_request
    response = conn.getresponse()
               ^^^^^^^^^^^^^^^^^^
  File "/Users/mucbook/miniforge3/lib/python3.12/site-packages/urllib3/connection.py", line 507, in getresponse
    httplib_response = super().getresponse()
                       ^^^^^^^^^^^^^^^^^^^^^
  File "/Users/mucbook/miniforge3/lib/python3.12/http/client.py", line 1428, in getresponse
    response.begin()
  File "/Users/mucbook/miniforge3/lib/python3.12/http/client.py", line 331, in begin
    version, status, reason = self._read_status()
                              ^^^^^^^^^^^^^^^^^^^
  File "/Users/mucbook/miniforge3/lib/python3.12/http/client.py", line 292, in _read_status
    line = str(self.fp.readline(_MAXLINE + 1), "iso-8859-1")
               ^^^^^^^^^^^^^^^^^^^^^^^^^^^^^^
  File "/Users/mucbook/miniforge3/lib/python3.12/socket.py", line 720, in readinto
    return self._sock.recv_into(b)
           ^^^^^^^^^^^^^^^^^^^^^^^
  File "/Users/mucbook/miniforge3/lib/python3.12/ssl.py", line 1251, in recv_into
    return self.read(nbytes, buffer)
           ^^^^^^^^^^^^^^^^^^^^^^^^^
  File "/Users/mucbook/miniforge3/lib/python3.12/ssl.py", line 1103, in read
    return self._sslobj.read(len, buffer)
           ^^^^^^^^^^^^^^^^^^^^^^^^^^^^^^
TimeoutError: The read operation timed out

The above exception was the direct cause of the following exception:

Traceback (most recent call last):
  File "/Users/mucbook/miniforge3/lib/python3.12/site-packages/requests/adapters.py", line 667, in send
    resp = conn.urlopen(
           ^^^^^^^^^^^^^
  File "/Users/mucbook/miniforge3/lib/python3.12/site-packages/urllib3/connectionpool.py", line 843, in urlopen
    retries = retries.increment(
              ^^^^^^^^^^^^^^^^^^
  File "/Users/mucbook/miniforge3/lib/python3.12/site-packages/urllib3/util/retry.py", line 474, in increment
    raise reraise(type(error), error, _stacktrace)
          ^^^^^^^^^^^^^^^^^^^^^^^^^^^^^^^^^^^^^^^^
  File "/Users/mucbook/miniforge3/lib/python3.12/site-packages/urllib3/util/util.py", line 39, in reraise
    raise value
  File "/Users/mucbook/miniforge3/lib/python3.12/site-packages/urllib3/connectionpool.py", line 789, in urlopen
    response = self._make_request(
               ^^^^^^^^^^^^^^^^^^^
  File "/Users/mucbook/miniforge3/lib/python3.12/site-packages/urllib3/connectionpool.py", line 538, in _make_request
    self._raise_timeout(err=e, url=url, timeout_value=read_timeout)
  File "/Users/mucbook/miniforge3/lib/python3.12/site-packages/urllib3/connectionpool.py", line 369, in _raise_timeout
    raise ReadTimeoutError(
urllib3.exceptions.ReadTimeoutError: HTTPSConnectionPool(host='api.bybit.com', port=443): Read timed out. (read timeout=10)

During handling of the above exception, another exception occurred:

Traceback (most recent call last):
  File "/Users/mucbook/バシャール/omen_bot/live_bot.py", line 169, in <module>
    response = session.get_kline(
               ^^^^^^^^^^^^^^^^^^
  File "/Users/mucbook/miniforge3/lib/python3.12/site-packages/pybit/_v5_market.py", line 33, in get_kline
    return self._submit_request(
           ^^^^^^^^^^^^^^^^^^^^^
  File "/Users/mucbook/miniforge3/lib/python3.12/site-packages/pybit/_http_manager.py", line 295, in _submit_request
    raise e
  File "/Users/mucbook/miniforge3/lib/python3.12/site-packages/pybit/_http_manager.py", line 282, in _submit_request
    s = self.client.send(r, timeout=self.timeout)
        ^^^^^^^^^^^^^^^^^^^^^^^^^^^^^^^^^^^^^^^^^
  File "/Users/mucbook/miniforge3/lib/python3.12/site-packages/requests/sessions.py", line 703, in send
    r = adapter.send(request, **kwargs)
        ^^^^^^^^^^^^^^^^^^^^^^^^^^^^^^^
  File "/Users/mucbook/miniforge3/lib/python3.12/site-packages/requests/adapters.py", line 713, in send
    raise ReadTimeout(e, request=request)
requests.exceptions.ReadTimeout: HTTPSConnectionPool(host='api.bybit.com', port=443): Read timed out. (read timeout=10)

2025-11-16 16:48:41,257 - ERROR - An unexpected error occurred!
2025-11-16 16:48:41,265 - ERROR - Traceback (most recent call last):
  File "/Users/mucbook/miniforge3/lib/python3.12/site-packages/urllib3/connectionpool.py", line 536, in _make_request
    response = conn.getresponse()
               ^^^^^^^^^^^^^^^^^^
  File "/Users/mucbook/miniforge3/lib/python3.12/site-packages/urllib3/connection.py", line 507, in getresponse
    httplib_response = super().getresponse()
                       ^^^^^^^^^^^^^^^^^^^^^
  File "/Users/mucbook/miniforge3/lib/python3.12/http/client.py", line 1428, in getresponse
    response.begin()
  File "/Users/mucbook/miniforge3/lib/python3.12/http/client.py", line 331, in begin
    version, status, reason = self._read_status()
                              ^^^^^^^^^^^^^^^^^^^
  File "/Users/mucbook/miniforge3/lib/python3.12/http/client.py", line 292, in _read_status
    line = str(self.fp.readline(_MAXLINE + 1), "iso-8859-1")
               ^^^^^^^^^^^^^^^^^^^^^^^^^^^^^^
  File "/Users/mucbook/miniforge3/lib/python3.12/socket.py", line 720, in readinto
    return self._sock.recv_into(b)
           ^^^^^^^^^^^^^^^^^^^^^^^
  File "/Users/mucbook/miniforge3/lib/python3.12/ssl.py", line 1251, in recv_into
    return self.read(nbytes, buffer)
           ^^^^^^^^^^^^^^^^^^^^^^^^^
  File "/Users/mucbook/miniforge3/lib/python3.12/ssl.py", line 1103, in read
    return self._sslobj.read(len, buffer)
           ^^^^^^^^^^^^^^^^^^^^^^^^^^^^^^
TimeoutError: The read operation timed out

The above exception was the direct cause of the following exception:

Traceback (most recent call last):
  File "/Users/mucbook/miniforge3/lib/python3.12/site-packages/requests/adapters.py", line 667, in send
    resp = conn.urlopen(
           ^^^^^^^^^^^^^
  File "/Users/mucbook/miniforge3/lib/python3.12/site-packages/urllib3/connectionpool.py", line 843, in urlopen
    retries = retries.increment(
              ^^^^^^^^^^^^^^^^^^
  File "/Users/mucbook/miniforge3/lib/python3.12/site-packages/urllib3/util/retry.py", line 474, in increment
    raise reraise(type(error), error, _stacktrace)
          ^^^^^^^^^^^^^^^^^^^^^^^^^^^^^^^^^^^^^^^^
  File "/Users/mucbook/miniforge3/lib/python3.12/site-packages/urllib3/util/util.py", line 39, in reraise
    raise value
  File "/Users/mucbook/miniforge3/lib/python3.12/site-packages/urllib3/connectionpool.py", line 789, in urlopen
    response = self._make_request(
               ^^^^^^^^^^^^^^^^^^^
  File "/Users/mucbook/miniforge3/lib/python3.12/site-packages/urllib3/connectionpool.py", line 538, in _make_request
    self._raise_timeout(err=e, url=url, timeout_value=read_timeout)
  File "/Users/mucbook/miniforge3/lib/python3.12/site-packages/urllib3/connectionpool.py", line 369, in _raise_timeout
    raise ReadTimeoutError(
urllib3.exceptions.ReadTimeoutError: HTTPSConnectionPool(host='api.bybit.com', port=443): Read timed out. (read timeout=10)

During handling of the above exception, another exception occurred:

Traceback (most recent call last):
  File "/Users/mucbook/バシャール/omen_bot/live_bot.py", line 169, in <module>
    response = session.get_kline(
               ^^^^^^^^^^^^^^^^^^
  File "/Users/mucbook/miniforge3/lib/python3.12/site-packages/pybit/_v5_market.py", line 33, in get_kline
    return self._submit_request(
           ^^^^^^^^^^^^^^^^^^^^^
  File "/Users/mucbook/miniforge3/lib/python3.12/site-packages/pybit/_http_manager.py", line 295, in _submit_request
    raise e
  File "/Users/mucbook/miniforge3/lib/python3.12/site-packages/pybit/_http_manager.py", line 282, in _submit_request
    s = self.client.send(r, timeout=self.timeout)
        ^^^^^^^^^^^^^^^^^^^^^^^^^^^^^^^^^^^^^^^^^
  File "/Users/mucbook/miniforge3/lib/python3.12/site-packages/requests/sessions.py", line 703, in send
    r = adapter.send(request, **kwargs)
        ^^^^^^^^^^^^^^^^^^^^^^^^^^^^^^^
  File "/Users/mucbook/miniforge3/lib/python3.12/site-packages/requests/adapters.py", line 713, in send
    raise ReadTimeout(e, request=request)
requests.exceptions.ReadTimeout: HTTPSConnectionPool(host='api.bybit.com', port=443): Read timed out. (read timeout=10)

2025-11-16 17:11:10,137 - ERROR - An unexpected error occurred!
2025-11-16 17:11:10,145 - ERROR - Traceback (most recent call last):
  File "/Users/mucbook/miniforge3/lib/python3.12/site-packages/urllib3/connectionpool.py", line 536, in _make_request
    response = conn.getresponse()
               ^^^^^^^^^^^^^^^^^^
  File "/Users/mucbook/miniforge3/lib/python3.12/site-packages/urllib3/connection.py", line 507, in getresponse
    httplib_response = super().getresponse()
                       ^^^^^^^^^^^^^^^^^^^^^
  File "/Users/mucbook/miniforge3/lib/python3.12/http/client.py", line 1428, in getresponse
    response.begin()
  File "/Users/mucbook/miniforge3/lib/python3.12/http/client.py", line 331, in begin
    version, status, reason = self._read_status()
                              ^^^^^^^^^^^^^^^^^^^
  File "/Users/mucbook/miniforge3/lib/python3.12/http/client.py", line 292, in _read_status
    line = str(self.fp.readline(_MAXLINE + 1), "iso-8859-1")
               ^^^^^^^^^^^^^^^^^^^^^^^^^^^^^^
  File "/Users/mucbook/miniforge3/lib/python3.12/socket.py", line 720, in readinto
    return self._sock.recv_into(b)
           ^^^^^^^^^^^^^^^^^^^^^^^
  File "/Users/mucbook/miniforge3/lib/python3.12/ssl.py", line 1251, in recv_into
    return self.read(nbytes, buffer)
           ^^^^^^^^^^^^^^^^^^^^^^^^^
  File "/Users/mucbook/miniforge3/lib/python3.12/ssl.py", line 1103, in read
    return self._sslobj.read(len, buffer)
           ^^^^^^^^^^^^^^^^^^^^^^^^^^^^^^
TimeoutError: The read operation timed out

The above exception was the direct cause of the following exception:

Traceback (most recent call last):
  File "/Users/mucbook/miniforge3/lib/python3.12/site-packages/requests/adapters.py", line 667, in send
    resp = conn.urlopen(
           ^^^^^^^^^^^^^
  File "/Users/mucbook/miniforge3/lib/python3.12/site-packages/urllib3/connectionpool.py", line 843, in urlopen
    retries = retries.increment(
              ^^^^^^^^^^^^^^^^^^
  File "/Users/mucbook/miniforge3/lib/python3.12/site-packages/urllib3/util/retry.py", line 474, in increment
    raise reraise(type(error), error, _stacktrace)
          ^^^^^^^^^^^^^^^^^^^^^^^^^^^^^^^^^^^^^^^^
  File "/Users/mucbook/miniforge3/lib/python3.12/site-packages/urllib3/util/util.py", line 39, in reraise
    raise value
  File "/Users/mucbook/miniforge3/lib/python3.12/site-packages/urllib3/connectionpool.py", line 789, in urlopen
    response = self._make_request(
               ^^^^^^^^^^^^^^^^^^^
  File "/Users/mucbook/miniforge3/lib/python3.12/site-packages/urllib3/connectionpool.py", line 538, in _make_request
    self._raise_timeout(err=e, url=url, timeout_value=read_timeout)
  File "/Users/mucbook/miniforge3/lib/python3.12/site-packages/urllib3/connectionpool.py", line 369, in _raise_timeout
    raise ReadTimeoutError(
urllib3.exceptions.ReadTimeoutError: HTTPSConnectionPool(host='api.bybit.com', port=443): Read timed out. (read timeout=10)

During handling of the above exception, another exception occurred:

Traceback (most recent call last):
  File "/Users/mucbook/バシャール/omen_bot/live_bot.py", line 169, in <module>
    response = session.get_kline(
               ^^^^^^^^^^^^^^^^^^
  File "/Users/mucbook/miniforge3/lib/python3.12/site-packages/pybit/_v5_market.py", line 33, in get_kline
    return self._submit_request(
           ^^^^^^^^^^^^^^^^^^^^^
  File "/Users/mucbook/miniforge3/lib/python3.12/site-packages/pybit/_http_manager.py", line 295, in _submit_request
    raise e
  File "/Users/mucbook/miniforge3/lib/python3.12/site-packages/pybit/_http_manager.py", line 282, in _submit_request
    s = self.client.send(r, timeout=self.timeout)
        ^^^^^^^^^^^^^^^^^^^^^^^^^^^^^^^^^^^^^^^^^
  File "/Users/mucbook/miniforge3/lib/python3.12/site-packages/requests/sessions.py", line 703, in send
    r = adapter.send(request, **kwargs)
        ^^^^^^^^^^^^^^^^^^^^^^^^^^^^^^^
  File "/Users/mucbook/miniforge3/lib/python3.12/site-packages/requests/adapters.py", line 713, in send
    raise ReadTimeout(e, request=request)
requests.exceptions.ReadTimeout: HTTPSConnectionPool(host='api.bybit.com', port=443): Read timed out. (read timeout=10)

2025-11-16 17:43:13,029 - INFO - New 1-hour candle detected: 2025-11-16 08:00:00
2025-11-16 17:43:13,040 - INFO - Successfully logged data for candle to hourly_data_log.csv: 2025-11-16 08:00:00
2025-11-16 17:44:23,052 - ERROR - An unexpected error occurred!
2025-11-16 17:44:23,060 - ERROR - Traceback (most recent call last):
  File "/Users/mucbook/miniforge3/lib/python3.12/site-packages/urllib3/connectionpool.py", line 536, in _make_request
    response = conn.getresponse()
               ^^^^^^^^^^^^^^^^^^
  File "/Users/mucbook/miniforge3/lib/python3.12/site-packages/urllib3/connection.py", line 507, in getresponse
    httplib_response = super().getresponse()
                       ^^^^^^^^^^^^^^^^^^^^^
  File "/Users/mucbook/miniforge3/lib/python3.12/http/client.py", line 1428, in getresponse
    response.begin()
  File "/Users/mucbook/miniforge3/lib/python3.12/http/client.py", line 331, in begin
    version, status, reason = self._read_status()
                              ^^^^^^^^^^^^^^^^^^^
  File "/Users/mucbook/miniforge3/lib/python3.12/http/client.py", line 292, in _read_status
    line = str(self.fp.readline(_MAXLINE + 1), "iso-8859-1")
               ^^^^^^^^^^^^^^^^^^^^^^^^^^^^^^
  File "/Users/mucbook/miniforge3/lib/python3.12/socket.py", line 720, in readinto
    return self._sock.recv_into(b)
           ^^^^^^^^^^^^^^^^^^^^^^^
  File "/Users/mucbook/miniforge3/lib/python3.12/ssl.py", line 1251, in recv_into
    return self.read(nbytes, buffer)
           ^^^^^^^^^^^^^^^^^^^^^^^^^
  File "/Users/mucbook/miniforge3/lib/python3.12/ssl.py", line 1103, in read
    return self._sslobj.read(len, buffer)
           ^^^^^^^^^^^^^^^^^^^^^^^^^^^^^^
TimeoutError: The read operation timed out

The above exception was the direct cause of the following exception:

Traceback (most recent call last):
  File "/Users/mucbook/miniforge3/lib/python3.12/site-packages/requests/adapters.py", line 667, in send
    resp = conn.urlopen(
           ^^^^^^^^^^^^^
  File "/Users/mucbook/miniforge3/lib/python3.12/site-packages/urllib3/connectionpool.py", line 843, in urlopen
    retries = retries.increment(
              ^^^^^^^^^^^^^^^^^^
  File "/Users/mucbook/miniforge3/lib/python3.12/site-packages/urllib3/util/retry.py", line 474, in increment
    raise reraise(type(error), error, _stacktrace)
          ^^^^^^^^^^^^^^^^^^^^^^^^^^^^^^^^^^^^^^^^
  File "/Users/mucbook/miniforge3/lib/python3.12/site-packages/urllib3/util/util.py", line 39, in reraise
    raise value
  File "/Users/mucbook/miniforge3/lib/python3.12/site-packages/urllib3/connectionpool.py", line 789, in urlopen
    response = self._make_request(
               ^^^^^^^^^^^^^^^^^^^
  File "/Users/mucbook/miniforge3/lib/python3.12/site-packages/urllib3/connectionpool.py", line 538, in _make_request
    self._raise_timeout(err=e, url=url, timeout_value=read_timeout)
  File "/Users/mucbook/miniforge3/lib/python3.12/site-packages/urllib3/connectionpool.py", line 369, in _raise_timeout
    raise ReadTimeoutError(
urllib3.exceptions.ReadTimeoutError: HTTPSConnectionPool(host='api.bybit.com', port=443): Read timed out. (read timeout=10)

During handling of the above exception, another exception occurred:

Traceback (most recent call last):
  File "/Users/mucbook/バシャール/omen_bot/live_bot.py", line 169, in <module>
    response = session.get_kline(
               ^^^^^^^^^^^^^^^^^^
  File "/Users/mucbook/miniforge3/lib/python3.12/site-packages/pybit/_v5_market.py", line 33, in get_kline
    return self._submit_request(
           ^^^^^^^^^^^^^^^^^^^^^
  File "/Users/mucbook/miniforge3/lib/python3.12/site-packages/pybit/_http_manager.py", line 295, in _submit_request
    raise e
  File "/Users/mucbook/miniforge3/lib/python3.12/site-packages/pybit/_http_manager.py", line 282, in _submit_request
    s = self.client.send(r, timeout=self.timeout)
        ^^^^^^^^^^^^^^^^^^^^^^^^^^^^^^^^^^^^^^^^^
  File "/Users/mucbook/miniforge3/lib/python3.12/site-packages/requests/sessions.py", line 703, in send
    r = adapter.send(request, **kwargs)
        ^^^^^^^^^^^^^^^^^^^^^^^^^^^^^^^
  File "/Users/mucbook/miniforge3/lib/python3.12/site-packages/requests/adapters.py", line 713, in send
    raise ReadTimeout(e, request=request)
requests.exceptions.ReadTimeout: HTTPSConnectionPool(host='api.bybit.com', port=443): Read timed out. (read timeout=10)

2025-11-16 18:00:25,295 - INFO - New 1-hour candle detected: 2025-11-16 09:00:00
2025-11-16 18:00:25,308 - INFO - Successfully logged data for candle to hourly_data_log.csv: 2025-11-16 09:00:00
2025-11-16 19:00:32,831 - INFO - New 1-hour candle detected: 2025-11-16 10:00:00
2025-11-16 19:00:32,843 - INFO - Successfully logged data for candle to hourly_data_log.csv: 2025-11-16 10:00:00
2025-11-16 20:00:40,821 - INFO - New 1-hour candle detected: 2025-11-16 11:00:00
2025-11-16 20:00:40,833 - INFO - Successfully logged data for candle to hourly_data_log.csv: 2025-11-16 11:00:00
2025-11-16 21:00:47,659 - INFO - New 1-hour candle detected: 2025-11-16 12:00:00
2025-11-16 21:00:47,672 - INFO - Successfully logged data for candle to hourly_data_log.csv: 2025-11-16 12:00:00
2025-11-16 22:00:00,535 - INFO - New 1-hour candle detected: 2025-11-16 13:00:00
2025-11-16 22:00:00,546 - INFO - Successfully logged data for candle to hourly_data_log.csv: 2025-11-16 13:00:00
2025-11-16 22:33:14,560 - ERROR - An unexpected error occurred!
2025-11-16 22:33:14,568 - ERROR - Traceback (most recent call last):
  File "/Users/mucbook/miniforge3/lib/python3.12/site-packages/urllib3/connectionpool.py", line 536, in _make_request
    response = conn.getresponse()
               ^^^^^^^^^^^^^^^^^^
  File "/Users/mucbook/miniforge3/lib/python3.12/site-packages/urllib3/connection.py", line 507, in getresponse
    httplib_response = super().getresponse()
                       ^^^^^^^^^^^^^^^^^^^^^
  File "/Users/mucbook/miniforge3/lib/python3.12/http/client.py", line 1428, in getresponse
    response.begin()
  File "/Users/mucbook/miniforge3/lib/python3.12/http/client.py", line 331, in begin
    version, status, reason = self._read_status()
                              ^^^^^^^^^^^^^^^^^^^
  File "/Users/mucbook/miniforge3/lib/python3.12/http/client.py", line 292, in _read_status
    line = str(self.fp.readline(_MAXLINE + 1), "iso-8859-1")
               ^^^^^^^^^^^^^^^^^^^^^^^^^^^^^^
  File "/Users/mucbook/miniforge3/lib/python3.12/socket.py", line 720, in readinto
    return self._sock.recv_into(b)
           ^^^^^^^^^^^^^^^^^^^^^^^
  File "/Users/mucbook/miniforge3/lib/python3.12/ssl.py", line 1251, in recv_into
    return self.read(nbytes, buffer)
           ^^^^^^^^^^^^^^^^^^^^^^^^^
  File "/Users/mucbook/miniforge3/lib/python3.12/ssl.py", line 1103, in read
    return self._sslobj.read(len, buffer)
           ^^^^^^^^^^^^^^^^^^^^^^^^^^^^^^
TimeoutError: The read operation timed out

The above exception was the direct cause of the following exception:

Traceback (most recent call last):
  File "/Users/mucbook/miniforge3/lib/python3.12/site-packages/requests/adapters.py", line 667, in send
    resp = conn.urlopen(
           ^^^^^^^^^^^^^
  File "/Users/mucbook/miniforge3/lib/python3.12/site-packages/urllib3/connectionpool.py", line 843, in urlopen
    retries = retries.increment(
              ^^^^^^^^^^^^^^^^^^
  File "/Users/mucbook/miniforge3/lib/python3.12/site-packages/urllib3/util/retry.py", line 474, in increment
    raise reraise(type(error), error, _stacktrace)
          ^^^^^^^^^^^^^^^^^^^^^^^^^^^^^^^^^^^^^^^^
  File "/Users/mucbook/miniforge3/lib/python3.12/site-packages/urllib3/util/util.py", line 39, in reraise
    raise value
  File "/Users/mucbook/miniforge3/lib/python3.12/site-packages/urllib3/connectionpool.py", line 789, in urlopen
    response = self._make_request(
               ^^^^^^^^^^^^^^^^^^^
  File "/Users/mucbook/miniforge3/lib/python3.12/site-packages/urllib3/connectionpool.py", line 538, in _make_request
    self._raise_timeout(err=e, url=url, timeout_value=read_timeout)
  File "/Users/mucbook/miniforge3/lib/python3.12/site-packages/urllib3/connectionpool.py", line 369, in _raise_timeout
    raise ReadTimeoutError(
urllib3.exceptions.ReadTimeoutError: HTTPSConnectionPool(host='api.bybit.com', port=443): Read timed out. (read timeout=10)

During handling of the above exception, another exception occurred:

Traceback (most recent call last):
  File "/Users/mucbook/バシャール/omen_bot/live_bot.py", line 169, in <module>
    response = session.get_kline(
               ^^^^^^^^^^^^^^^^^^
  File "/Users/mucbook/miniforge3/lib/python3.12/site-packages/pybit/_v5_market.py", line 33, in get_kline
    return self._submit_request(
           ^^^^^^^^^^^^^^^^^^^^^
  File "/Users/mucbook/miniforge3/lib/python3.12/site-packages/pybit/_http_manager.py", line 295, in _submit_request
    raise e
  File "/Users/mucbook/miniforge3/lib/python3.12/site-packages/pybit/_http_manager.py", line 282, in _submit_request
    s = self.client.send(r, timeout=self.timeout)
        ^^^^^^^^^^^^^^^^^^^^^^^^^^^^^^^^^^^^^^^^^
  File "/Users/mucbook/miniforge3/lib/python3.12/site-packages/requests/sessions.py", line 703, in send
    r = adapter.send(request, **kwargs)
        ^^^^^^^^^^^^^^^^^^^^^^^^^^^^^^^
  File "/Users/mucbook/miniforge3/lib/python3.12/site-packages/requests/adapters.py", line 713, in send
    raise ReadTimeout(e, request=request)
requests.exceptions.ReadTimeout: HTTPSConnectionPool(host='api.bybit.com', port=443): Read timed out. (read timeout=10)

2025-11-16 22:35:04,843 - ERROR - An unexpected error occurred!
2025-11-16 22:35:04,850 - ERROR - Traceback (most recent call last):
  File "/Users/mucbook/miniforge3/lib/python3.12/site-packages/urllib3/connection.py", line 199, in _new_conn
    sock = connection.create_connection(
           ^^^^^^^^^^^^^^^^^^^^^^^^^^^^^
  File "/Users/mucbook/miniforge3/lib/python3.12/site-packages/urllib3/util/connection.py", line 85, in create_connection
    raise err
  File "/Users/mucbook/miniforge3/lib/python3.12/site-packages/urllib3/util/connection.py", line 73, in create_connection
    sock.connect(sa)
TimeoutError: timed out

The above exception was the direct cause of the following exception:

Traceback (most recent call last):
  File "/Users/mucbook/miniforge3/lib/python3.12/site-packages/urllib3/connectionpool.py", line 789, in urlopen
    response = self._make_request(
               ^^^^^^^^^^^^^^^^^^^
  File "/Users/mucbook/miniforge3/lib/python3.12/site-packages/urllib3/connectionpool.py", line 490, in _make_request
    raise new_e
  File "/Users/mucbook/miniforge3/lib/python3.12/site-packages/urllib3/connectionpool.py", line 466, in _make_request
    self._validate_conn(conn)
  File "/Users/mucbook/miniforge3/lib/python3.12/site-packages/urllib3/connectionpool.py", line 1095, in _validate_conn
    conn.connect()
  File "/Users/mucbook/miniforge3/lib/python3.12/site-packages/urllib3/connection.py", line 693, in connect
    self.sock = sock = self._new_conn()
                       ^^^^^^^^^^^^^^^^
  File "/Users/mucbook/miniforge3/lib/python3.12/site-packages/urllib3/connection.py", line 208, in _new_conn
    raise ConnectTimeoutError(
urllib3.exceptions.ConnectTimeoutError: (<urllib3.connection.HTTPSConnection object at 0x119209370>, 'Connection to api.bybit.com timed out. (connect timeout=10)')

The above exception was the direct cause of the following exception:

Traceback (most recent call last):
  File "/Users/mucbook/miniforge3/lib/python3.12/site-packages/requests/adapters.py", line 667, in send
    resp = conn.urlopen(
           ^^^^^^^^^^^^^
  File "/Users/mucbook/miniforge3/lib/python3.12/site-packages/urllib3/connectionpool.py", line 843, in urlopen
    retries = retries.increment(
              ^^^^^^^^^^^^^^^^^^
  File "/Users/mucbook/miniforge3/lib/python3.12/site-packages/urllib3/util/retry.py", line 519, in increment
    raise MaxRetryError(_pool, url, reason) from reason  # type: ignore[arg-type]
    ^^^^^^^^^^^^^^^^^^^^^^^^^^^^^^^^^^^^^^^^^^^^^^^^^^^
urllib3.exceptions.MaxRetryError: HTTPSConnectionPool(host='api.bybit.com', port=443): Max retries exceeded with url: /v5/market/kline?category=spot&interval=60&limit=30&symbol=BTCUSDT (Caused by ConnectTimeoutError(<urllib3.connection.HTTPSConnection object at 0x119209370>, 'Connection to api.bybit.com timed out. (connect timeout=10)'))

During handling of the above exception, another exception occurred:

Traceback (most recent call last):
  File "/Users/mucbook/バシャール/omen_bot/live_bot.py", line 169, in <module>
    response = session.get_kline(
               ^^^^^^^^^^^^^^^^^^
  File "/Users/mucbook/miniforge3/lib/python3.12/site-packages/pybit/_v5_market.py", line 33, in get_kline
    return self._submit_request(
           ^^^^^^^^^^^^^^^^^^^^^
  File "/Users/mucbook/miniforge3/lib/python3.12/site-packages/pybit/_http_manager.py", line 295, in _submit_request
    raise e
  File "/Users/mucbook/miniforge3/lib/python3.12/site-packages/pybit/_http_manager.py", line 282, in _submit_request
    s = self.client.send(r, timeout=self.timeout)
        ^^^^^^^^^^^^^^^^^^^^^^^^^^^^^^^^^^^^^^^^^
  File "/Users/mucbook/miniforge3/lib/python3.12/site-packages/requests/sessions.py", line 703, in send
    r = adapter.send(request, **kwargs)
        ^^^^^^^^^^^^^^^^^^^^^^^^^^^^^^^
  File "/Users/mucbook/miniforge3/lib/python3.12/site-packages/requests/adapters.py", line 688, in send
    raise ConnectTimeout(e, request=request)
requests.exceptions.ConnectTimeout: HTTPSConnectionPool(host='api.bybit.com', port=443): Max retries exceeded with url: /v5/market/kline?category=spot&interval=60&limit=30&symbol=BTCUSDT (Caused by ConnectTimeoutError(<urllib3.connection.HTTPSConnection object at 0x119209370>, 'Connection to api.bybit.com timed out. (connect timeout=10)'))

2025-11-16 23:00:07,726 - INFO - New 1-hour candle detected: 2025-11-16 14:00:00
2025-11-16 23:00:07,735 - INFO - Successfully logged data for candle to hourly_data_log.csv: 2025-11-16 14:00:00
2025-11-17 00:00:19,502 - INFO - New 1-hour candle detected: 2025-11-16 15:00:00
2025-11-17 00:00:19,514 - INFO - Successfully logged data for candle to hourly_data_log.csv: 2025-11-16 15:00:00
2025-11-17 01:00:26,314 - INFO - New 1-hour candle detected: 2025-11-16 16:00:00
2025-11-17 01:00:26,324 - INFO - Successfully logged data for candle to hourly_data_log.csv: 2025-11-16 16:00:00
2025-11-17 02:00:33,020 - INFO - New 1-hour candle detected: 2025-11-16 17:00:00
2025-11-17 02:00:33,032 - INFO - Successfully logged data for candle to hourly_data_log.csv: 2025-11-16 17:00:00
2025-11-17 03:00:39,791 - INFO - New 1-hour candle detected: 2025-11-16 18:00:00
2025-11-17 03:00:39,798 - INFO - Successfully logged data for candle to hourly_data_log.csv: 2025-11-16 18:00:00
2025-11-17 04:00:46,389 - INFO - New 1-hour candle detected: 2025-11-16 19:00:00
2025-11-17 04:00:46,401 - INFO - Successfully logged data for candle to hourly_data_log.csv: 2025-11-16 19:00:00
2025-11-17 05:00:53,559 - INFO - New 1-hour candle detected: 2025-11-16 20:00:00
2025-11-17 05:00:53,573 - INFO - Successfully logged data for candle to hourly_data_log.csv: 2025-11-16 20:00:00
2025-11-17 06:01:00,309 - INFO - New 1-hour candle detected: 2025-11-16 21:00:00
2025-11-17 06:01:00,318 - INFO - Successfully logged data for candle to hourly_data_log.csv: 2025-11-16 21:00:00
2025-11-17 07:00:06,839 - INFO - New 1-hour candle detected: 2025-11-16 22:00:00
2025-11-17 07:00:06,853 - INFO - Successfully logged data for candle to hourly_data_log.csv: 2025-11-16 22:00:00
2025-11-17 08:00:13,211 - INFO - New 1-hour candle detected: 2025-11-16 23:00:00
2025-11-17 08:00:13,223 - INFO - Successfully logged data for candle to hourly_data_log.csv: 2025-11-16 23:00:00
2025-11-17 09:00:19,981 - INFO - New 1-hour candle detected: 2025-11-17 00:00:00
2025-11-17 09:00:19,991 - INFO - Successfully logged data for candle to hourly_data_log.csv: 2025-11-17 00:00:00
2025-11-17 10:00:26,959 - INFO - New 1-hour candle detected: 2025-11-17 01:00:00
2025-11-17 10:00:26,971 - INFO - Successfully logged data for candle to hourly_data_log.csv: 2025-11-17 01:00:00
2025-11-17 11:00:33,840 - INFO - New 1-hour candle detected: 2025-11-17 02:00:00
2025-11-17 11:00:33,853 - INFO - Successfully logged data for candle to hourly_data_log.csv: 2025-11-17 02:00:00
2025-11-17 12:00:40,518 - INFO - New 1-hour candle detected: 2025-11-17 03:00:00
2025-11-17 12:00:40,531 - INFO - Successfully logged data for candle to hourly_data_log.csv: 2025-11-17 03:00:00
2025-11-17 13:00:47,508 - INFO - New 1-hour candle detected: 2025-11-17 04:00:00
2025-11-17 13:00:47,522 - INFO - Successfully logged data for candle to hourly_data_log.csv: 2025-11-17 04:00:00
2025-11-17 14:00:54,417 - INFO - New 1-hour candle detected: 2025-11-17 05:00:00
2025-11-17 14:00:54,431 - INFO - Successfully logged data for candle to hourly_data_log.csv: 2025-11-17 05:00:00
2025-11-17 15:00:01,201 - INFO - New 1-hour candle detected: 2025-11-17 06:00:00
2025-11-17 15:00:01,215 - INFO - Successfully logged data for candle to hourly_data_log.csv: 2025-11-17 06:00:00
2025-11-17 16:00:08,197 - INFO - New 1-hour candle detected: 2025-11-17 07:00:00
2025-11-17 16:00:08,206 - INFO - Successfully logged data for candle to hourly_data_log.csv: 2025-11-17 07:00:00
2025-11-17 17:00:15,281 - INFO - New 1-hour candle detected: 2025-11-17 08:00:00
2025-11-17 17:00:15,294 - INFO - Successfully logged data for candle to hourly_data_log.csv: 2025-11-17 08:00:00
2025-11-17 18:00:22,512 - INFO - New 1-hour candle detected: 2025-11-17 09:00:00
2025-11-17 18:00:22,525 - INFO - Successfully logged data for candle to hourly_data_log.csv: 2025-11-17 09:00:00
2025-11-17 19:00:29,806 - INFO - New 1-hour candle detected: 2025-11-17 10:00:00
2025-11-17 19:00:29,814 - INFO - Successfully logged data for candle to hourly_data_log.csv: 2025-11-17 10:00:00
2025-11-17 20:00:38,111 - INFO - New 1-hour candle detected: 2025-11-17 11:00:00
2025-11-17 20:00:38,123 - INFO - Successfully logged data for candle to hourly_data_log.csv: 2025-11-17 11:00:00
2025-11-17 21:00:46,661 - INFO - New 1-hour candle detected: 2025-11-17 12:00:00
2025-11-17 21:00:46,674 - INFO - Successfully logged data for candle to hourly_data_log.csv: 2025-11-17 12:00:00
2025-11-17 22:00:53,590 - INFO - New 1-hour candle detected: 2025-11-17 13:00:00
2025-11-17 22:00:53,604 - INFO - Successfully logged data for candle to hourly_data_log.csv: 2025-11-17 13:00:00
2025-11-17 23:01:00,214 - INFO - New 1-hour candle detected: 2025-11-17 14:00:00
2025-11-17 23:01:00,227 - INFO - Successfully logged data for candle to hourly_data_log.csv: 2025-11-17 14:00:00
2025-11-18 00:00:07,933 - INFO - New 1-hour candle detected: 2025-11-17 15:00:00
2025-11-18 00:00:07,946 - INFO - Successfully logged data for candle to hourly_data_log.csv: 2025-11-17 15:00:00
2025-11-18 01:00:14,948 - INFO - New 1-hour candle detected: 2025-11-17 16:00:00
2025-11-18 01:00:14,961 - INFO - Successfully logged data for candle to hourly_data_log.csv: 2025-11-17 16:00:00
2025-11-18 02:00:21,611 - INFO - New 1-hour candle detected: 2025-11-17 17:00:00
2025-11-18 02:00:21,624 - INFO - Successfully logged data for candle to hourly_data_log.csv: 2025-11-17 17:00:00
2025-11-18 03:00:28,267 - INFO - New 1-hour candle detected: 2025-11-17 18:00:00
2025-11-18 03:00:28,280 - INFO - Successfully logged data for candle to hourly_data_log.csv: 2025-11-17 18:00:00
2025-11-18 04:00:34,922 - INFO - New 1-hour candle detected: 2025-11-17 19:00:00
2025-11-18 04:00:34,929 - INFO - Successfully logged data for candle to hourly_data_log.csv: 2025-11-17 19:00:00
2025-11-18 05:00:41,951 - INFO - New 1-hour candle detected: 2025-11-17 20:00:00
2025-11-18 05:00:41,959 - INFO - Successfully logged data for candle to hourly_data_log.csv: 2025-11-17 20:00:00
2025-11-18 06:00:48,511 - INFO - New 1-hour candle detected: 2025-11-17 21:00:00
2025-11-18 06:00:48,521 - INFO - Successfully logged data for candle to hourly_data_log.csv: 2025-11-17 21:00:00
2025-11-18 07:00:55,197 - INFO - New 1-hour candle detected: 2025-11-17 22:00:00
2025-11-18 07:00:55,209 - INFO - Successfully logged data for candle to hourly_data_log.csv: 2025-11-17 22:00:00
2025-11-18 08:00:01,820 - INFO - New 1-hour candle detected: 2025-11-17 23:00:00
2025-11-18 08:00:01,836 - INFO - Successfully logged data for candle to hourly_data_log.csv: 2025-11-17 23:00:00
2025-11-18 09:00:08,360 - INFO - New 1-hour candle detected: 2025-11-18 00:00:00
2025-11-18 09:00:08,368 - INFO - Successfully logged data for candle to hourly_data_log.csv: 2025-11-18 00:00:00
2025-11-18 10:00:14,945 - INFO - New 1-hour candle detected: 2025-11-18 01:00:00
2025-11-18 10:00:14,956 - INFO - Successfully logged data for candle to hourly_data_log.csv: 2025-11-18 01:00:00
2025-11-18 11:00:21,586 - INFO - New 1-hour candle detected: 2025-11-18 02:00:00
2025-11-18 11:00:21,598 - INFO - Successfully logged data for candle to hourly_data_log.csv: 2025-11-18 02:00:00
2025-11-18 12:00:28,335 - INFO - New 1-hour candle detected: 2025-11-18 03:00:00
2025-11-18 12:00:28,348 - INFO - Successfully logged data for candle to hourly_data_log.csv: 2025-11-18 03:00:00
